<?xml version="1.0" encoding="utf-8"?>
<TestRun id="1383c4c4-388d-49f5-b7d9-82b41777aab7" name="psapk@PRATIKSHA 2026-06-26 18:07:31" runUser="PRATIKSHA\psapk" xmlns="http://microsoft.com/schemas/VisualStudio/TeamTest/2010">
  <Times creation="2026-06-26T18:07:31.3734728+05:30" queuing="2026-06-26T18:07:31.3734731+05:30" start="2026-06-26T18:07:23.1310924+05:30" finish="2026-06-26T18:07:35.2196674+05:30" />
  <TestSettings name="default" id="fb556c05-5755-4af7-95c8-feae5377dc87">
    <Deployment runDeploymentRoot="psapk_PRATIKSHA_2026-06-26_18_07_31" />
  </TestSettings>
  <Results>
    <UnitTestResult executionId="28c9d08c-2c6d-4423-ac59-eac532aead02" testId="f961614b-716a-6de6-d3d4-3c2dca1a3e6d" testName="BeautyStore.IntegrationTests.OrderEndpointsTests.PlaceOrder_NonExistentProduct_Returns404" computerName="PRATIKSHA" duration="00:00:00.0678267" startTime="2026-06-26T18:07:34.1787880+05:30" endTime="2026-06-26T18:07:34.1787882+05:30" testType="13cdc9d9-ddb5-4fa4-a97d-d965ccfc6d4b" outcome="Passed" testListId="8c84fa94-04c1-424b-9868-57a2d4851a1d" relativeResultsDirectory="28c9d08c-2c6d-4423-ac59-eac532aead02" />
    <UnitTestResult executionId="f1aa8f02-edf2-423a-aeb9-0dc67fca6ce4" testId="395227cc-9862-e849-557a-48b4bd0fb970" testName="BeautyStore.IntegrationTests.OrderEndpointsTests.PlaceOrder_TotalPrice_IsUnitPriceTimesQuantity" computerName="PRATIKSHA" duration="00:00:00.3119481" startTime="2026-06-26T18:07:33.8832719+05:30" endTime="2026-06-26T18:07:33.8832722+05:30" testType="13cdc9d9-ddb5-4fa4-a97d-d965ccfc6d4b" outcome="Passed" testListId="8c84fa94-04c1-424b-9868-57a2d4851a1d" relativeResultsDirectory="f1aa8f02-edf2-423a-aeb9-0dc67fca6ce4" />
    <UnitTestResult executionId="2bb5aea0-ac1e-4968-aec9-46d06a3e0e32" testId="c43302ca-0628-1c6b-6863-f1675d1918f9" testName="BeautyStore.IntegrationTests.ProblemDetailsTests.NonExistentProduct_Returns404ProblemDetails_WithTypeAndTitle" computerName="PRATIKSHA" duration="00:00:00.0055354" startTime="2026-06-26T18:07:35.1204590+05:30" endTime="2026-06-26T18:07:35.1204594+05:30" testType="13cdc9d9-ddb5-4fa4-a97d-d965ccfc6d4b" outcome="Passed" testListId="8c84fa94-04c1-424b-9868-57a2d4851a1d" relativeResultsDirectory="2bb5aea0-ac1e-4968-aec9-46d06a3e0e32" />
    <UnitTestResult executionId="c89fe372-8dd0-4c93-b7a6-d1fbdf21e45f" testId="627764c9-55f9-9852-a741-fb2feb49759b" testName="BeautyStore.IntegrationTests.OrderEndpointsTests.PlaceOrder_WithoutAuth_Returns401" computerName="PRATIKSHA" duration="00:00:00.0023263" startTime="2026-06-26T18:07:34.4014785+05:30" endTime="2026-06-26T18:07:34.4014786+05:30" testType="13cdc9d9-ddb5-4fa4-a97d-d965ccfc6d4b" outcome="Passed" testListId="8c84fa94-04c1-424b-9868-57a2d4851a1d" relativeResultsDirectory="c89fe372-8dd0-4c93-b7a6-d1fbdf21e45f" />
    <UnitTestResult executionId="2e5dfc61-c73f-4299-8f7d-95eaf8357b26" testId="d3ff5400-e5ed-0dc4-3543-05d35ee813c9" testName="BeautyStore.IntegrationTests.CatalogEndpointsTests.GetProductsBySlug_InvalidSlug_Returns404" computerName="PRATIKSHA" duration="00:00:00.0383540" startTime="2026-06-26T18:07:32.7186209+05:30" endTime="2026-06-26T18:07:32.7186214+05:30" testType="13cdc9d9-ddb5-4fa4-a97d-d965ccfc6d4b" outcome="Passed" testListId="8c84fa94-04c1-424b-9868-57a2d4851a1d" relativeResultsDirectory="2e5dfc61-c73f-4299-8f7d-95eaf8357b26" />
    <UnitTestResult executionId="ada01545-721f-4bb8-add5-d9bc36db1eda" testId="cc1e6d0d-cd4a-a9bc-344c-bfdfe60fc62d" testName="BeautyStore.IntegrationTests.AuthEndpointsTests.Register_WeakPassword_Returns400" computerName="PRATIKSHA" duration="00:00:00.0041540" startTime="2026-06-26T18:07:32.2018712+05:30" endTime="2026-06-26T18:07:32.2018714+05:30" testType="13cdc9d9-ddb5-4fa4-a97d-d965ccfc6d4b" outcome="Passed" testListId="8c84fa94-04c1-424b-9868-57a2d4851a1d" relativeResultsDirectory="ada01545-721f-4bb8-add5-d9bc36db1eda" />
    <UnitTestResult executionId="52057ef5-23ff-4791-9f1b-2e39f1edfce8" testId="dc76db43-7722-9f47-14f4-491c9c312c80" testName="BeautyStore.IntegrationTests.ProblemDetailsTests.AllResponses_IncludeCacheControlHeader" computerName="PRATIKSHA" duration="00:00:00.0072299" startTime="2026-06-26T18:07:35.1281440+05:30" endTime="2026-06-26T18:07:35.1281443+05:30" testType="13cdc9d9-ddb5-4fa4-a97d-d965ccfc6d4b" outcome="Passed" testListId="8c84fa94-04c1-424b-9868-57a2d4851a1d" relativeResultsDirectory="52057ef5-23ff-4791-9f1b-2e39f1edfce8" />
    <UnitTestResult executionId="32281595-d098-4d4c-85a5-b88759505994" testId="1507e98a-1642-db4e-706f-082e33586eb8" testName="BeautyStore.IntegrationTests.CatalogEndpointsTests.GetProductById_NonExistent_Returns404WithProblemDetails" computerName="PRATIKSHA" duration="00:00:00.0127324" startTime="2026-06-26T18:07:32.7317587+05:30" endTime="2026-06-26T18:07:32.7317591+05:30" testType="13cdc9d9-ddb5-4fa4-a97d-d965ccfc6d4b" outcome="Passed" testListId="8c84fa94-04c1-424b-9868-57a2d4851a1d" relativeResultsDirectory="32281595-d098-4d4c-85a5-b88759505994" />
    <UnitTestResult executionId="fc8c5fc3-3832-43f2-8fa9-f3b3369c9fb6" testId="1e690a36-f633-f2c1-d1cd-b992bc4c6a24" testName="BeautyStore.IntegrationTests.AuthEndpointsTests.Me_WithoutJwt_Returns401" computerName="PRATIKSHA" duration="00:00:00.0022269" startTime="2026-06-26T18:07:32.3368689+05:30" endTime="2026-06-26T18:07:32.3368690+05:30" testType="13cdc9d9-ddb5-4fa4-a97d-d965ccfc6d4b" outcome="Passed" testListId="8c84fa94-04c1-424b-9868-57a2d4851a1d" relativeResultsDirectory="fc8c5fc3-3832-43f2-8fa9-f3b3369c9fb6" />
    <UnitTestResult executionId="15b7a95a-97e0-42d0-a862-254d15e776b5" testId="d4bc6318-02d8-40aa-eda4-bebcb8c26ee4" testName="BeautyStore.IntegrationTests.OrderEndpointsTests.PlaceOrder_Quantity0_Returns400WithProblemDetails" computerName="PRATIKSHA" duration="00:00:00.0819331" startTime="2026-06-26T18:07:34.6963918+05:30" endTime="2026-06-26T18:07:34.6963919+05:30" testType="13cdc9d9-ddb5-4fa4-a97d-d965ccfc6d4b" outcome="Passed" testListId="8c84fa94-04c1-424b-9868-57a2d4851a1d" relativeResultsDirectory="15b7a95a-97e0-42d0-a862-254d15e776b5" />
    <UnitTestResult executionId="385fe410-185c-47f8-8519-6bdb2f3a9e58" testId="ddbe43d7-2212-6ee6-657c-509f51560a09" testName="BeautyStore.IntegrationTests.AuthEndpointsTests.Login_ValidCredentials_Returns200WithAccessToken" computerName="PRATIKSHA" duration="00:00:00.1358783" startTime="2026-06-26T18:07:32.0767935+05:30" endTime="2026-06-26T18:07:32.0767937+05:30" testType="13cdc9d9-ddb5-4fa4-a97d-d965ccfc6d4b" outcome="Passed" testListId="8c84fa94-04c1-424b-9868-57a2d4851a1d" relativeResultsDirectory="385fe410-185c-47f8-8519-6bdb2f3a9e58" />
    <UnitTestResult executionId="0ece6c6b-a052-417e-a350-99a26c65d368" testId="39133b66-1118-be20-3ef4-74d5716d7f73" testName="BeautyStore.IntegrationTests.ProblemDetailsTests.HealthLiveness_Returns200" computerName="PRATIKSHA" duration="00:00:00.0081996" startTime="2026-06-26T18:07:35.0084605+05:30" endTime="2026-06-26T18:07:35.0084607+05:30" testType="13cdc9d9-ddb5-4fa4-a97d-d965ccfc6d4b" outcome="Passed" testListId="8c84fa94-04c1-424b-9868-57a2d4851a1d" relativeResultsDirectory="0ece6c6b-a052-417e-a350-99a26c65d368" />
    <UnitTestResult executionId="564bb38d-e3f7-489d-bbcb-d93092cc21fc" testId="154dbc56-6b54-66d5-55c5-53ad369cb47b" testName="BeautyStore.IntegrationTests.AuthEndpointsTests.Register_ValidRequest_Returns200WithTokens" computerName="PRATIKSHA" duration="00:00:00.0668301" startTime="2026-06-26T18:07:32.2690693+05:30" endTime="2026-06-26T18:07:32.2690695+05:30" testType="13cdc9d9-ddb5-4fa4-a97d-d965ccfc6d4b" outcome="Passed" testListId="8c84fa94-04c1-424b-9868-57a2d4851a1d" relativeResultsDirectory="564bb38d-e3f7-489d-bbcb-d93092cc21fc" />
    <UnitTestResult executionId="05a095c8-9e5b-41b9-806a-181c0f54e824" testId="e2d47e5f-6384-9cb5-2939-bbd928c4145e" testName="BeautyStore.IntegrationTests.CatalogEndpointsTests.GetProducts_SortByPriceDesc_ReturnsSortedDescending" computerName="PRATIKSHA" duration="00:00:00.0218421" startTime="2026-06-26T18:07:32.7540462+05:30" endTime="2026-06-26T18:07:32.7540466+05:30" testType="13cdc9d9-ddb5-4fa4-a97d-d965ccfc6d4b" outcome="Passed" testListId="8c84fa94-04c1-424b-9868-57a2d4851a1d" relativeResultsDirectory="05a095c8-9e5b-41b9-806a-181c0f54e824" />
    <UnitTestResult executionId="165e72d0-f071-478f-bfc8-1a71eb2dd42c" testId="0d2fda38-dbf9-9a16-9c82-38c10e88560b" testName="BeautyStore.IntegrationTests.CatalogEndpointsTests.GetCategories_Returns200WithSeededCategories" computerName="PRATIKSHA" duration="00:00:00.0038047" startTime="2026-06-26T18:07:32.8686730+05:30" endTime="2026-06-26T18:07:32.8686731+05:30" testType="13cdc9d9-ddb5-4fa4-a97d-d965ccfc6d4b" outcome="Passed" testListId="8c84fa94-04c1-424b-9868-57a2d4851a1d" relativeResultsDirectory="165e72d0-f071-478f-bfc8-1a71eb2dd42c" />
    <UnitTestResult executionId="7ecd22fc-1010-42bb-ab10-4c9ba069201b" testId="3ca527b8-b2fc-9def-0f43-b8ee266f3e0c" testName="BeautyStore.IntegrationTests.OrderEndpointsTests.DeleteOrder_NonExistentOrder_Returns404" computerName="PRATIKSHA" duration="00:00:00.0779561" startTime="2026-06-26T18:07:34.7747282+05:30" endTime="2026-06-26T18:07:34.7747283+05:30" testType="13cdc9d9-ddb5-4fa4-a97d-d965ccfc6d4b" outcome="Passed" testListId="8c84fa94-04c1-424b-9868-57a2d4851a1d" relativeResultsDirectory="7ecd22fc-1010-42bb-ab10-4c9ba069201b" />
    <UnitTestResult executionId="4daefc64-3d0b-47a4-9160-29482c226c94" testId="4e481d96-97ff-3a2e-e5c3-9018036848f6" testName="BeautyStore.IntegrationTests.OrderEndpointsTests.DeleteOrder_WithoutAuth_Returns401" computerName="PRATIKSHA" duration="00:00:00.0025416" startTime="2026-06-26T18:07:34.4803032+05:30" endTime="2026-06-26T18:07:34.4803034+05:30" testType="13cdc9d9-ddb5-4fa4-a97d-d965ccfc6d4b" outcome="Passed" testListId="8c84fa94-04c1-424b-9868-57a2d4851a1d" relativeResultsDirectory="4daefc64-3d0b-47a4-9160-29482c226c94" />
    <UnitTestResult executionId="3ffe86a5-1626-49bc-bcda-dedfbf993f64" testId="08caad00-8564-8848-0ae8-74dbe96926ae" testName="BeautyStore.IntegrationTests.E2EFlowTests.Catalog_Search_FindsSeededProduct" computerName="PRATIKSHA" duration="00:00:00.0055151" startTime="2026-06-26T18:07:33.5670957+05:30" endTime="2026-06-26T18:07:33.5670958+05:30" testType="13cdc9d9-ddb5-4fa4-a97d-d965ccfc6d4b" outcome="Passed" testListId="8c84fa94-04c1-424b-9868-57a2d4851a1d" relativeResultsDirectory="3ffe86a5-1626-49bc-bcda-dedfbf993f64" />
    <UnitTestResult executionId="a47d9489-1fce-4ac9-885d-f1356e25b03d" testId="d63158fd-8c52-8b14-27c9-7ff3e9868840" testName="BeautyStore.IntegrationTests.CatalogEndpointsTests.GetCategories_EachItemHasRequiredFields" computerName="PRATIKSHA" duration="00:00:00.0042741" startTime="2026-06-26T18:07:32.8591677+05:30" endTime="2026-06-26T18:07:32.8591679+05:30" testType="13cdc9d9-ddb5-4fa4-a97d-d965ccfc6d4b" outcome="Passed" testListId="8c84fa94-04c1-424b-9868-57a2d4851a1d" relativeResultsDirectory="a47d9489-1fce-4ac9-885d-f1356e25b03d" />
    <UnitTestResult executionId="cad3d026-38b2-4608-83ee-60609d4ae513" testId="f0cb53d5-0742-fd76-11fd-02ee8b0cc1d3" testName="BeautyStore.IntegrationTests.ProblemDetailsTests.RootEndpoint_Returns200WithApiInfo" computerName="PRATIKSHA" duration="00:00:00.0038167" startTime="2026-06-26T18:07:35.0219500+05:30" endTime="2026-06-26T18:07:35.0219500+05:30" testType="13cdc9d9-ddb5-4fa4-a97d-d965ccfc6d4b" outcome="Passed" testListId="8c84fa94-04c1-424b-9868-57a2d4851a1d" relativeResultsDirectory="cad3d026-38b2-4608-83ee-60609d4ae513" />
    <UnitTestResult executionId="08777c02-c1ba-4db1-8bfc-52f14e7e4da9" testId="f1418616-ca6d-6d61-8dde-689ce7fb002b" testName="BeautyStore.IntegrationTests.OrderEndpointsTests.GetMyOrders_NoOrders_ReturnsEmptyArray" computerName="PRATIKSHA" duration="00:00:00.0666096" startTime="2026-06-26T18:07:34.3987976+05:30" endTime="2026-06-26T18:07:34.3987976+05:30" testType="13cdc9d9-ddb5-4fa4-a97d-d965ccfc6d4b" outcome="Passed" testListId="8c84fa94-04c1-424b-9868-57a2d4851a1d" relativeResultsDirectory="08777c02-c1ba-4db1-8bfc-52f14e7e4da9" />
    <UnitTestResult executionId="f4a56772-2d71-44b4-a3d4-ddd5e9f33529" testId="143ed397-23a9-3b23-370d-de4bdb2986fc" testName="BeautyStore.IntegrationTests.ProblemDetailsTests.Register_WeakPassword_Returns400ProblemDetailsOrArray" computerName="PRATIKSHA" duration="00:00:00.2204913" startTime="2026-06-26T18:07:34.9998381+05:30" endTime="2026-06-26T18:07:34.9998384+05:30" testType="13cdc9d9-ddb5-4fa4-a97d-d965ccfc6d4b" outcome="Passed" testListId="8c84fa94-04c1-424b-9868-57a2d4851a1d" relativeResultsDirectory="f4a56772-2d71-44b4-a3d4-ddd5e9f33529" />
    <UnitTestResult executionId="7f57d747-c4ed-4917-b0b7-16785752faf6" testId="06097183-c62e-67a9-b633-ac8f2d5682a7" testName="BeautyStore.IntegrationTests.CatalogEndpointsTests.GetProductById_ExistingProduct_Returns200" computerName="PRATIKSHA" duration="00:00:00.0170150" startTime="2026-06-26T18:07:32.7976554+05:30" endTime="2026-06-26T18:07:32.7976558+05:30" testType="13cdc9d9-ddb5-4fa4-a97d-d965ccfc6d4b" outcome="Passed" testListId="8c84fa94-04c1-424b-9868-57a2d4851a1d" relativeResultsDirectory="7f57d747-c4ed-4917-b0b7-16785752faf6" />
    <UnitTestResult executionId="53ac8be3-d6c1-4e9b-b446-064d19cca8c0" testId="995b1411-9313-fa94-9768-40e854fdba34" testName="BeautyStore.IntegrationTests.CatalogEndpointsTests.GetCategories_ContainsMakeupCategory" computerName="PRATIKSHA" duration="00:00:00.0039133" startTime="2026-06-26T18:07:32.8545425+05:30" endTime="2026-06-26T18:07:32.8545427+05:30" testType="13cdc9d9-ddb5-4fa4-a97d-d965ccfc6d4b" outcome="Passed" testListId="8c84fa94-04c1-424b-9868-57a2d4851a1d" relativeResultsDirectory="53ac8be3-d6c1-4e9b-b446-064d19cca8c0" />
    <UnitTestResult executionId="2c39ada8-121c-4615-9742-4bb222f8492e" testId="f318bb01-5fd5-9f15-7b89-69dcc244a0a5" testName="BeautyStore.IntegrationTests.E2EFlowTests.MultiUser_OrderIsolation" computerName="PRATIKSHA" duration="00:00:00.1782412" startTime="2026-06-26T18:07:33.4176036+05:30" endTime="2026-06-26T18:07:33.4176041+05:30" testType="13cdc9d9-ddb5-4fa4-a97d-d965ccfc6d4b" outcome="Passed" testListId="8c84fa94-04c1-424b-9868-57a2d4851a1d" relativeResultsDirectory="2c39ada8-121c-4615-9742-4bb222f8492e" />
    <UnitTestResult executionId="14980d17-5013-441a-82ba-f435bc8fedbf" testId="d7e49ced-3f6b-bb6f-b33e-1f2176e7c41f" testName="BeautyStore.IntegrationTests.CatalogEndpointsTests.GetProducts_DefaultPage_ContainsSeededProducts" computerName="PRATIKSHA" duration="00:00:00.2956351" startTime="2026-06-26T18:07:32.6468081+05:30" endTime="2026-06-26T18:07:32.6468083+05:30" testType="13cdc9d9-ddb5-4fa4-a97d-d965ccfc6d4b" outcome="Passed" testListId="8c84fa94-04c1-424b-9868-57a2d4851a1d" relativeResultsDirectory="14980d17-5013-441a-82ba-f435bc8fedbf" />
    <UnitTestResult executionId="3b9aa114-200d-4b16-90e9-98781c5de7fc" testId="e2734050-e8e3-6476-ec35-58e98c546e90" testName="BeautyStore.IntegrationTests.ProblemDetailsTests.AllResponses_IncludeXContentTypeOptionsHeader" computerName="PRATIKSHA" duration="00:00:00.0065527" startTime="2026-06-26T18:07:35.1351368+05:30" endTime="2026-06-26T18:07:35.1351371+05:30" testType="13cdc9d9-ddb5-4fa4-a97d-d965ccfc6d4b" outcome="Passed" testListId="8c84fa94-04c1-424b-9868-57a2d4851a1d" relativeResultsDirectory="3b9aa114-200d-4b16-90e9-98781c5de7fc" />
    <UnitTestResult executionId="53525c3b-16d0-41cf-b177-50a916274a09" testId="5aec2b7d-132d-42c1-4042-63ffe4282d40" testName="BeautyStore.IntegrationTests.CatalogEndpointsTests.SearchProducts_NoMatch_ReturnsEmptyItems" computerName="PRATIKSHA" duration="00:00:00.0051329" startTime="2026-06-26T18:07:32.8224151+05:30" endTime="2026-06-26T18:07:32.8224152+05:30" testType="13cdc9d9-ddb5-4fa4-a97d-d965ccfc6d4b" outcome="Passed" testListId="8c84fa94-04c1-424b-9868-57a2d4851a1d" relativeResultsDirectory="53525c3b-16d0-41cf-b177-50a916274a09" />
    <UnitTestResult executionId="273c6ff7-7e50-4b9a-99df-ad2d4c5ad55b" testId="9ab04eb9-a03b-5b8c-8b86-3a0cffcd0a4f" testName="BeautyStore.IntegrationTests.AuthEndpointsTests.Register_MissingEmail_Returns400" computerName="PRATIKSHA" duration="00:00:05.0243484" startTime="2026-06-26T18:07:31.3508375+05:30" endTime="2026-06-26T18:07:31.3508847+05:30" testType="13cdc9d9-ddb5-4fa4-a97d-d965ccfc6d4b" outcome="Passed" testListId="8c84fa94-04c1-424b-9868-57a2d4851a1d" relativeResultsDirectory="273c6ff7-7e50-4b9a-99df-ad2d4c5ad55b" />
    <UnitTestResult executionId="89d2a8e6-fc2c-472c-b7e9-3f0d508e81c7" testId="a3448d90-05c5-5368-f5cc-3190a6c4a769" testName="BeautyStore.IntegrationTests.AuthEndpointsTests.Login_WrongPassword_Returns401" computerName="PRATIKSHA" duration="00:00:00.3645579" startTime="2026-06-26T18:07:31.7172478+05:30" endTime="2026-06-26T18:07:31.7172481+05:30" testType="13cdc9d9-ddb5-4fa4-a97d-d965ccfc6d4b" outcome="Passed" testListId="8c84fa94-04c1-424b-9868-57a2d4851a1d" relativeResultsDirectory="89d2a8e6-fc2c-472c-b7e9-3f0d508e81c7" />
    <UnitTestResult executionId="63353276-470a-4593-ad32-35e29508d3d0" testId="6d895afd-af87-04b0-d13f-9924c6ba8388" testName="BeautyStore.IntegrationTests.OrderEndpointsTests.DeleteOrder_AnotherUsersOrder_Returns403" computerName="PRATIKSHA" duration="00:00:00.1538567" startTime="2026-06-26T18:07:34.1104210+05:30" endTime="2026-06-26T18:07:34.1104212+05:30" testType="13cdc9d9-ddb5-4fa4-a97d-d965ccfc6d4b" outcome="Passed" testListId="8c84fa94-04c1-424b-9868-57a2d4851a1d" relativeResultsDirectory="63353276-470a-4593-ad32-35e29508d3d0" />
    <UnitTestResult executionId="43553fab-2a4b-4a0c-8c12-d28ce9e96741" testId="238e7865-fa45-4898-69fc-eada279b3705" testName="BeautyStore.IntegrationTests.E2EFlowTests.FullPurchaseFlow_RegisterLoginOrderRetrieve" computerName="PRATIKSHA" duration="00:00:00.1368739" startTime="2026-06-26T18:07:33.5665961+05:30" endTime="2026-06-26T18:07:33.5665964+05:30" testType="13cdc9d9-ddb5-4fa4-a97d-d965ccfc6d4b" outcome="Failed" testListId="8c84fa94-04c1-424b-9868-57a2d4851a1d" relativeResultsDirectory="43553fab-2a4b-4a0c-8c12-d28ce9e96741">
      <Output>
        <ErrorInfo>
          <Message>System.Collections.Generic.KeyNotFoundException : The given key was not present in the dictionary.</Message>
          <StackTrace>   at System.Text.Json.JsonElement.GetProperty(String propertyName)&#xD;
   at BeautyStore.IntegrationTests.E2EFlowTests.FullPurchaseFlow_RegisterLoginOrderRetrieve() in D:\thinkschool\BeautyStoreCapstone\tests\BeautyStore.IntegrationTests\E2EFlowTests.cs:line 96&#xD;
--- End of stack trace from previous location ---</StackTrace>
        </ErrorInfo>
      </Output>
    </UnitTestResult>
    <UnitTestResult executionId="650c28a8-569d-4de4-bc44-239dda985157" testId="7886a3a6-64f3-08ea-5ecd-aa7122e228c8" testName="BeautyStore.IntegrationTests.OrderEndpointsTests.GetMyOrders_OnlyReturnsOwnOrders_NotOtherUsers" computerName="PRATIKSHA" duration="00:00:00.1332713" startTime="2026-06-26T18:07:34.6140580+05:30" endTime="2026-06-26T18:07:34.6140581+05:30" testType="13cdc9d9-ddb5-4fa4-a97d-d965ccfc6d4b" outcome="Passed" testListId="8c84fa94-04c1-424b-9868-57a2d4851a1d" relativeResultsDirectory="650c28a8-569d-4de4-bc44-239dda985157" />
    <UnitTestResult executionId="f9470a30-8562-4544-a454-8152df1e7398" testId="5087997f-dd83-b75c-b649-45a355205ff5" testName="BeautyStore.IntegrationTests.E2EFlowTests.RegisterTwice_SameEmail_SecondRegistrationFails" computerName="PRATIKSHA" duration="00:00:00.3642191" startTime="2026-06-26T18:07:33.2387704+05:30" endTime="2026-06-26T18:07:33.2387706+05:30" testType="13cdc9d9-ddb5-4fa4-a97d-d965ccfc6d4b" outcome="Passed" testListId="8c84fa94-04c1-424b-9868-57a2d4851a1d" relativeResultsDirectory="f9470a30-8562-4544-a454-8152df1e7398" />
    <UnitTestResult executionId="73a10ddc-cc00-4551-8c1c-8afad9cd4840" testId="3e5d5bf2-2f0c-f4dc-6cbb-0b470c56cfdc" testName="BeautyStore.IntegrationTests.AuthEndpointsTests.Me_WithValidJwt_Returns200WithProfile" computerName="PRATIKSHA" duration="00:00:00.1266234" startTime="2026-06-26T18:07:31.8444509+05:30" endTime="2026-06-26T18:07:31.8444511+05:30" testType="13cdc9d9-ddb5-4fa4-a97d-d965ccfc6d4b" outcome="Passed" testListId="8c84fa94-04c1-424b-9868-57a2d4851a1d" relativeResultsDirectory="73a10ddc-cc00-4551-8c1c-8afad9cd4840" />
    <UnitTestResult executionId="278ba94a-d555-490c-a9e1-d01c3ebc8151" testId="cd65b010-8516-d493-a242-573763bc70c8" testName="BeautyStore.IntegrationTests.CatalogEndpointsTests.GetCategories_IsPublic_NoAuthRequired" computerName="PRATIKSHA" duration="00:00:00.0158600" startTime="2026-06-26T18:07:32.8389091+05:30" endTime="2026-06-26T18:07:32.8389091+05:30" testType="13cdc9d9-ddb5-4fa4-a97d-d965ccfc6d4b" outcome="Passed" testListId="8c84fa94-04c1-424b-9868-57a2d4851a1d" relativeResultsDirectory="278ba94a-d555-490c-a9e1-d01c3ebc8151" />
    <UnitTestResult executionId="68375e54-4dbf-447c-88dc-406620b47a5c" testId="c640d0e6-c2ec-6c76-0942-d780456143cc" testName="BeautyStore.IntegrationTests.CatalogEndpointsTests.GetProducts_SortByPriceAsc_ReturnsSortedAscending" computerName="PRATIKSHA" duration="00:00:00.0126455" startTime="2026-06-26T18:07:32.7800521+05:30" endTime="2026-06-26T18:07:32.7800525+05:30" testType="13cdc9d9-ddb5-4fa4-a97d-d965ccfc6d4b" outcome="Passed" testListId="8c84fa94-04c1-424b-9868-57a2d4851a1d" relativeResultsDirectory="68375e54-4dbf-447c-88dc-406620b47a5c" />
    <UnitTestResult executionId="da439db1-f2f8-4cac-9a51-070b1b54f071" testId="f07c3bfd-156e-c249-ba90-d9b86ee9dca0" testName="BeautyStore.IntegrationTests.CatalogEndpointsTests.GetProducts_Pagination_ReturnsCorrectPage" computerName="PRATIKSHA" duration="00:00:00.0055575" startTime="2026-06-26T18:07:32.7600404+05:30" endTime="2026-06-26T18:07:32.7600408+05:30" testType="13cdc9d9-ddb5-4fa4-a97d-d965ccfc6d4b" outcome="Passed" testListId="8c84fa94-04c1-424b-9868-57a2d4851a1d" relativeResultsDirectory="da439db1-f2f8-4cac-9a51-070b1b54f071" />
    <UnitTestResult executionId="2ca498f5-5e81-4ddc-8085-a3d846944997" testId="d52026f4-9eb1-4a27-ceca-a3570379cb7b" testName="BeautyStore.IntegrationTests.OrderEndpointsTests.GetMyOrders_WithoutAuth_Returns401" computerName="PRATIKSHA" duration="00:00:00.0025467" startTime="2026-06-26T18:07:34.4044333+05:30" endTime="2026-06-26T18:07:34.4044335+05:30" testType="13cdc9d9-ddb5-4fa4-a97d-d965ccfc6d4b" outcome="Passed" testListId="8c84fa94-04c1-424b-9868-57a2d4851a1d" relativeResultsDirectory="2ca498f5-5e81-4ddc-8085-a3d846944997" />
    <UnitTestResult executionId="25eace3e-a8d0-4f43-b9bf-a9b0292570e7" testId="9050a834-1024-54b1-6436-730a68b540ce" testName="BeautyStore.IntegrationTests.CatalogEndpointsTests.SearchProducts_ByName_ReturnsMatchingProducts" computerName="PRATIKSHA" duration="00:00:00.0323118" startTime="2026-06-26T18:07:32.6798303+05:30" endTime="2026-06-26T18:07:32.6798307+05:30" testType="13cdc9d9-ddb5-4fa4-a97d-d965ccfc6d4b" outcome="Passed" testListId="8c84fa94-04c1-424b-9868-57a2d4851a1d" relativeResultsDirectory="25eace3e-a8d0-4f43-b9bf-a9b0292570e7" />
    <UnitTestResult executionId="e6d857e6-397f-4277-a8ba-24140e498b34" testId="7bfb9c76-dc27-9331-42f5-4a896b4db93b" testName="BeautyStore.IntegrationTests.CatalogEndpointsTests.GetProducts_Returns200WithPagedResult" computerName="PRATIKSHA" duration="00:00:00.0064339" startTime="2026-06-26T18:07:32.7668713+05:30" endTime="2026-06-26T18:07:32.7668715+05:30" testType="13cdc9d9-ddb5-4fa4-a97d-d965ccfc6d4b" outcome="Passed" testListId="8c84fa94-04c1-424b-9868-57a2d4851a1d" relativeResultsDirectory="e6d857e6-397f-4277-a8ba-24140e498b34" />
    <UnitTestResult executionId="e7a221a4-ed02-479c-beba-4a05974050f7" testId="1184cf1b-b1d2-93ed-a101-60e3dd0d5be1" testName="BeautyStore.IntegrationTests.CatalogEndpointsTests.GetProductsBySlug_ValidSlug_Returns200" computerName="PRATIKSHA" duration="00:00:00.0109525" startTime="2026-06-26T18:07:32.8502641+05:30" endTime="2026-06-26T18:07:32.8502643+05:30" testType="13cdc9d9-ddb5-4fa4-a97d-d965ccfc6d4b" outcome="Passed" testListId="8c84fa94-04c1-424b-9868-57a2d4851a1d" relativeResultsDirectory="e7a221a4-ed02-479c-beba-4a05974050f7" />
    <UnitTestResult executionId="c7f1b34a-5398-453e-a098-891fca838e11" testId="1681ecde-f71f-c5c3-40da-86a0042cd253" testName="BeautyStore.IntegrationTests.OrderEndpointsTests.PlaceOrder_ValidRequest_Returns201WithOrderId" computerName="PRATIKSHA" duration="00:00:00.0691120" startTime="2026-06-26T18:07:34.3317760+05:30" endTime="2026-06-26T18:07:34.3317764+05:30" testType="13cdc9d9-ddb5-4fa4-a97d-d965ccfc6d4b" outcome="Passed" testListId="8c84fa94-04c1-424b-9868-57a2d4851a1d" relativeResultsDirectory="c7f1b34a-5398-453e-a098-891fca838e11" />
    <UnitTestResult executionId="13c5889b-9943-4e06-9c50-f7587ccb3727" testId="6988dfca-d3d9-5e25-2d0e-c41f18c22f18" testName="BeautyStore.IntegrationTests.ProblemDetailsTests.PlaceOrder_QuantityZero_Returns400ProblemDetails" computerName="PRATIKSHA" duration="00:00:00.0777154" startTime="2026-06-26T18:07:35.1145153+05:30" endTime="2026-06-26T18:07:35.1145155+05:30" testType="13cdc9d9-ddb5-4fa4-a97d-d965ccfc6d4b" outcome="Passed" testListId="8c84fa94-04c1-424b-9868-57a2d4851a1d" relativeResultsDirectory="13c5889b-9943-4e06-9c50-f7587ccb3727" />
    <UnitTestResult executionId="f3772109-b960-4b84-a57b-61385cc33e69" testId="edb3eff3-6b3f-59bc-60d9-2468752fa17b" testName="BeautyStore.IntegrationTests.CatalogEndpointsTests.GetProducts_FilterByCategory_ReturnsOnlyCategoryProducts" computerName="PRATIKSHA" duration="00:00:00.0186852" startTime="2026-06-26T18:07:32.8168817+05:30" endTime="2026-06-26T18:07:32.8168820+05:30" testType="13cdc9d9-ddb5-4fa4-a97d-d965ccfc6d4b" outcome="Passed" testListId="8c84fa94-04c1-424b-9868-57a2d4851a1d" relativeResultsDirectory="f3772109-b960-4b84-a57b-61385cc33e69" />
    <UnitTestResult executionId="b6d9829d-0e2b-4b90-9069-64986e6b0751" testId="d5707143-a38f-e947-6da5-25c03b6433e3" testName="BeautyStore.IntegrationTests.CatalogEndpointsTests.GetProducts_EachItemHasRequiredFields" computerName="PRATIKSHA" duration="00:00:00.0049812" startTime="2026-06-26T18:07:32.8645262+05:30" endTime="2026-06-26T18:07:32.8645264+05:30" testType="13cdc9d9-ddb5-4fa4-a97d-d965ccfc6d4b" outcome="Passed" testListId="8c84fa94-04c1-424b-9868-57a2d4851a1d" relativeResultsDirectory="b6d9829d-0e2b-4b90-9069-64986e6b0751" />
    <UnitTestResult executionId="03e8cc2e-ca1f-4339-a972-1d889130bf8e" testId="95cd671d-f3c3-fa6f-ac47-6befc833037e" testName="BeautyStore.IntegrationTests.AuthEndpointsTests.Register_DuplicateEmail_Returns400" computerName="PRATIKSHA" duration="00:00:00.1200594" startTime="2026-06-26T18:07:32.1973279+05:30" endTime="2026-06-26T18:07:32.1973281+05:30" testType="13cdc9d9-ddb5-4fa4-a97d-d965ccfc6d4b" outcome="Passed" testListId="8c84fa94-04c1-424b-9868-57a2d4851a1d" relativeResultsDirectory="03e8cc2e-ca1f-4339-a972-1d889130bf8e" />
    <UnitTestResult executionId="8b2304fb-f1a6-4951-a28e-6fe10a3dea21" testId="eeb2341c-f08b-64fd-2c4c-80c9754d0b30" testName="BeautyStore.IntegrationTests.AuthEndpointsTests.Me_WithInvalidJwt_Returns401" computerName="PRATIKSHA" duration="00:00:00.0153753" startTime="2026-06-26T18:07:31.8603696+05:30" endTime="2026-06-26T18:07:31.8603698+05:30" testType="13cdc9d9-ddb5-4fa4-a97d-d965ccfc6d4b" outcome="Passed" testListId="8c84fa94-04c1-424b-9868-57a2d4851a1d" relativeResultsDirectory="8b2304fb-f1a6-4951-a28e-6fe10a3dea21" />
    <UnitTestResult executionId="84c31855-4952-4b62-89e3-415dfa8fac83" testId="c6d89d05-a51d-435b-dc8d-1be3aed44183" testName="BeautyStore.IntegrationTests.AuthEndpointsTests.Register_ValidRequest_AssignsCustomerRole" computerName="PRATIKSHA" duration="00:00:00.0648091" startTime="2026-06-26T18:07:32.3343043+05:30" endTime="2026-06-26T18:07:32.3343044+05:30" testType="13cdc9d9-ddb5-4fa4-a97d-d965ccfc6d4b" outcome="Passed" testListId="8c84fa94-04c1-424b-9868-57a2d4851a1d" relativeResultsDirectory="84c31855-4952-4b62-89e3-415dfa8fac83" />
    <UnitTestResult executionId="6f7df2a2-02c9-4997-9a9d-05e3883f90e4" testId="a01b1097-4600-9fac-09ee-564717bee212" testName="BeautyStore.IntegrationTests.ProblemDetailsTests.Unauthenticated_OrderRoute_Returns401ProblemDetails" computerName="PRATIKSHA" duration="00:00:00.0056841" startTime="2026-06-26T18:07:35.0145713+05:30" endTime="2026-06-26T18:07:35.0145718+05:30" testType="13cdc9d9-ddb5-4fa4-a97d-d965ccfc6d4b" outcome="Passed" testListId="8c84fa94-04c1-424b-9868-57a2d4851a1d" relativeResultsDirectory="6f7df2a2-02c9-4997-9a9d-05e3883f90e4" />
    <UnitTestResult executionId="abb5fffd-3038-461a-9041-c0220967a765" testId="ede33150-583f-4dbe-2ca5-a8a4c79ff71d" testName="BeautyStore.IntegrationTests.ProblemDetailsTests.Unauthenticated_ProtectedRoute_Returns401ProblemDetails" computerName="PRATIKSHA" duration="00:00:00.0028801" startTime="2026-06-26T18:07:35.0177815+05:30" endTime="2026-06-26T18:07:35.0177816+05:30" testType="13cdc9d9-ddb5-4fa4-a97d-d965ccfc6d4b" outcome="Passed" testListId="8c84fa94-04c1-424b-9868-57a2d4851a1d" relativeResultsDirectory="abb5fffd-3038-461a-9041-c0220967a765" />
    <UnitTestResult executionId="a172b99f-3ff6-4962-b10e-2e9b3584b4e8" testId="60bc05d7-e580-079c-b57f-799d23bafa1f" testName="BeautyStore.IntegrationTests.AuthEndpointsTests.Me_ReturnsCorrectRoles" computerName="PRATIKSHA" duration="00:00:00.0742709" startTime="2026-06-26T18:07:31.9350351+05:30" endTime="2026-06-26T18:07:31.9350352+05:30" testType="13cdc9d9-ddb5-4fa4-a97d-d965ccfc6d4b" outcome="Passed" testListId="8c84fa94-04c1-424b-9868-57a2d4851a1d" relativeResultsDirectory="a172b99f-3ff6-4962-b10e-2e9b3584b4e8" />
    <UnitTestResult executionId="4acc6d6b-3b78-49b6-928d-39ecdcf87698" testId="2c5ceda6-412b-1506-b48f-345531c5e221" testName="BeautyStore.IntegrationTests.AuthEndpointsTests.Login_NonExistentEmail_Returns401" computerName="PRATIKSHA" duration="00:00:00.0050072" startTime="2026-06-26T18:07:31.9403967+05:30" endTime="2026-06-26T18:07:31.9403969+05:30" testType="13cdc9d9-ddb5-4fa4-a97d-d965ccfc6d4b" outcome="Passed" testListId="8c84fa94-04c1-424b-9868-57a2d4851a1d" relativeResultsDirectory="4acc6d6b-3b78-49b6-928d-39ecdcf87698" />
    <UnitTestResult executionId="33d06d09-6324-480c-b688-20f484c1a844" testId="e71c7e42-22ac-660a-d1eb-ca2ac705ba5d" testName="BeautyStore.IntegrationTests.OrderEndpointsTests.DeleteOrder_OwnOrder_Returns204" computerName="PRATIKSHA" duration="00:00:00.0829741" startTime="2026-06-26T18:07:34.2622709+05:30" endTime="2026-06-26T18:07:34.2622710+05:30" testType="13cdc9d9-ddb5-4fa4-a97d-d965ccfc6d4b" outcome="Passed" testListId="8c84fa94-04c1-424b-9868-57a2d4851a1d" relativeResultsDirectory="33d06d09-6324-480c-b688-20f484c1a844" />
    <UnitTestResult executionId="943abda1-2b17-451e-888e-72fe256e6475" testId="03fa9889-0104-1ef1-a744-16a3148bcee3" testName="BeautyStore.IntegrationTests.ProblemDetailsTests.UnknownRoute_Returns404ProblemDetails" computerName="PRATIKSHA" duration="00:00:00.0140645" startTime="2026-06-26T18:07:35.0363669+05:30" endTime="2026-06-26T18:07:35.0363672+05:30" testType="13cdc9d9-ddb5-4fa4-a97d-d965ccfc6d4b" outcome="Passed" testListId="8c84fa94-04c1-424b-9868-57a2d4851a1d" relativeResultsDirectory="943abda1-2b17-451e-888e-72fe256e6475" />
    <UnitTestResult executionId="9d692318-6a9b-4a6d-9103-517f802b2fc0" testId="12e90560-e7b6-10a4-fc77-532ede966db1" testName="BeautyStore.IntegrationTests.OrderEndpointsTests.GetMyOrders_AfterPlacingOrder_ContainsTheOrder" computerName="PRATIKSHA" duration="00:00:00.0725407" startTime="2026-06-26T18:07:34.4773919+05:30" endTime="2026-06-26T18:07:34.4773920+05:30" testType="13cdc9d9-ddb5-4fa4-a97d-d965ccfc6d4b" outcome="Passed" testListId="8c84fa94-04c1-424b-9868-57a2d4851a1d" relativeResultsDirectory="9d692318-6a9b-4a6d-9103-517f802b2fc0" />
    <UnitTestResult executionId="b7ca595d-87df-4081-8ebd-92c0b00be242" testId="83f372c5-ba9e-4adc-acae-0f580da01ad3" testName="BeautyStore.IntegrationTests.OrderEndpointsTests.PlaceOrder_NegativeQuantity_Returns400" computerName="PRATIKSHA" duration="00:00:00.0723718" startTime="2026-06-26T18:07:33.9560188+05:30" endTime="2026-06-26T18:07:33.9560189+05:30" testType="13cdc9d9-ddb5-4fa4-a97d-d965ccfc6d4b" outcome="Passed" testListId="8c84fa94-04c1-424b-9868-57a2d4851a1d" relativeResultsDirectory="b7ca595d-87df-4081-8ebd-92c0b00be242" />
  </Results>
  <TestDefinitions>
    <UnitTest name="BeautyStore.IntegrationTests.OrderEndpointsTests.DeleteOrder_WithoutAuth_Returns401" storage="d:\thinkschool\beautystorecapstone\tests\beautystore.integrationtests\bin\release\net10.0\beautystore.integrationtests.dll" id="4e481d96-97ff-3a2e-e5c3-9018036848f6">
      <Execution id="4daefc64-3d0b-47a4-9160-29482c226c94" />
      <TestMethod codeBase="D:\thinkschool\BeautyStoreCapstone\tests\BeautyStore.IntegrationTests\bin\Release\net10.0\BeautyStore.IntegrationTests.dll" adapterTypeName="executor://xunit/VsTestRunner2/netcoreapp" className="BeautyStore.IntegrationTests.OrderEndpointsTests" name="DeleteOrder_WithoutAuth_Returns401" />
    </UnitTest>
    <UnitTest name="BeautyStore.IntegrationTests.CatalogEndpointsTests.GetProductById_NonExistent_Returns404WithProblemDetails" storage="d:\thinkschool\beautystorecapstone\tests\beautystore.integrationtests\bin\release\net10.0\beautystore.integrationtests.dll" id="1507e98a-1642-db4e-706f-082e33586eb8">
      <Execution id="32281595-d098-4d4c-85a5-b88759505994" />
      <TestMethod codeBase="D:\thinkschool\BeautyStoreCapstone\tests\BeautyStore.IntegrationTests\bin\Release\net10.0\BeautyStore.IntegrationTests.dll" adapterTypeName="executor://xunit/VsTestRunner2/netcoreapp" className="BeautyStore.IntegrationTests.CatalogEndpointsTests" name="GetProductById_NonExistent_Returns404WithProblemDetails" />
    </UnitTest>
    <UnitTest name="BeautyStore.IntegrationTests.ProblemDetailsTests.Unauthenticated_OrderRoute_Returns401ProblemDetails" storage="d:\thinkschool\beautystorecapstone\tests\beautystore.integrationtests\bin\release\net10.0\beautystore.integrationtests.dll" id="a01b1097-4600-9fac-09ee-564717bee212">
      <Execution id="6f7df2a2-02c9-4997-9a9d-05e3883f90e4" />
      <TestMethod codeBase="D:\thinkschool\BeautyStoreCapstone\tests\BeautyStore.IntegrationTests\bin\Release\net10.0\BeautyStore.IntegrationTests.dll" adapterTypeName="executor://xunit/VsTestRunner2/netcoreapp" className="BeautyStore.IntegrationTests.ProblemDetailsTests" name="Unauthenticated_OrderRoute_Returns401ProblemDetails" />
    </UnitTest>
    <UnitTest name="BeautyStore.IntegrationTests.ProblemDetailsTests.UnknownRoute_Returns404ProblemDetails" storage="d:\thinkschool\beautystorecapstone\tests\beautystore.integrationtests\bin\release\net10.0\beautystore.integrationtests.dll" id="03fa9889-0104-1ef1-a744-16a3148bcee3">
      <Execution id="943abda1-2b17-451e-888e-72fe256e6475" />
      <TestMethod codeBase="D:\thinkschool\BeautyStoreCapstone\tests\BeautyStore.IntegrationTests\bin\Release\net10.0\BeautyStore.IntegrationTests.dll" adapterTypeName="executor://xunit/VsTestRunner2/netcoreapp" className="BeautyStore.IntegrationTests.ProblemDetailsTests" name="UnknownRoute_Returns404ProblemDetails" />
    </UnitTest>
    <UnitTest name="BeautyStore.IntegrationTests.OrderEndpointsTests.DeleteOrder_OwnOrder_Returns204" storage="d:\thinkschool\beautystorecapstone\tests\beautystore.integrationtests\bin\release\net10.0\beautystore.integrationtests.dll" id="e71c7e42-22ac-660a-d1eb-ca2ac705ba5d">
      <Execution id="33d06d09-6324-480c-b688-20f484c1a844" />
      <TestMethod codeBase="D:\thinkschool\BeautyStoreCapstone\tests\BeautyStore.IntegrationTests\bin\Release\net10.0\BeautyStore.IntegrationTests.dll" adapterTypeName="executor://xunit/VsTestRunner2/netcoreapp" className="BeautyStore.IntegrationTests.OrderEndpointsTests" name="DeleteOrder_OwnOrder_Returns204" />
    </UnitTest>
    <UnitTest name="BeautyStore.IntegrationTests.AuthEndpointsTests.Me_WithValidJwt_Returns200WithProfile" storage="d:\thinkschool\beautystorecapstone\tests\beautystore.integrationtests\bin\release\net10.0\beautystore.integrationtests.dll" id="3e5d5bf2-2f0c-f4dc-6cbb-0b470c56cfdc">
      <Execution id="73a10ddc-cc00-4551-8c1c-8afad9cd4840" />
      <TestMethod codeBase="D:\thinkschool\BeautyStoreCapstone\tests\BeautyStore.IntegrationTests\bin\Release\net10.0\BeautyStore.IntegrationTests.dll" adapterTypeName="executor://xunit/VsTestRunner2/netcoreapp" className="BeautyStore.IntegrationTests.AuthEndpointsTests" name="Me_WithValidJwt_Returns200WithProfile" />
    </UnitTest>
    <UnitTest name="BeautyStore.IntegrationTests.AuthEndpointsTests.Register_ValidRequest_AssignsCustomerRole" storage="d:\thinkschool\beautystorecapstone\tests\beautystore.integrationtests\bin\release\net10.0\beautystore.integrationtests.dll" id="c6d89d05-a51d-435b-dc8d-1be3aed44183">
      <Execution id="84c31855-4952-4b62-89e3-415dfa8fac83" />
      <TestMethod codeBase="D:\thinkschool\BeautyStoreCapstone\tests\BeautyStore.IntegrationTests\bin\Release\net10.0\BeautyStore.IntegrationTests.dll" adapterTypeName="executor://xunit/VsTestRunner2/netcoreapp" className="BeautyStore.IntegrationTests.AuthEndpointsTests" name="Register_ValidRequest_AssignsCustomerRole" />
    </UnitTest>
    <UnitTest name="BeautyStore.IntegrationTests.CatalogEndpointsTests.GetProducts_Returns200WithPagedResult" storage="d:\thinkschool\beautystorecapstone\tests\beautystore.integrationtests\bin\release\net10.0\beautystore.integrationtests.dll" id="7bfb9c76-dc27-9331-42f5-4a896b4db93b">
      <Execution id="e6d857e6-397f-4277-a8ba-24140e498b34" />
      <TestMethod codeBase="D:\thinkschool\BeautyStoreCapstone\tests\BeautyStore.IntegrationTests\bin\Release\net10.0\BeautyStore.IntegrationTests.dll" adapterTypeName="executor://xunit/VsTestRunner2/netcoreapp" className="BeautyStore.IntegrationTests.CatalogEndpointsTests" name="GetProducts_Returns200WithPagedResult" />
    </UnitTest>
    <UnitTest name="BeautyStore.IntegrationTests.AuthEndpointsTests.Register_ValidRequest_Returns200WithTokens" storage="d:\thinkschool\beautystorecapstone\tests\beautystore.integrationtests\bin\release\net10.0\beautystore.integrationtests.dll" id="154dbc56-6b54-66d5-55c5-53ad369cb47b">
      <Execution id="564bb38d-e3f7-489d-bbcb-d93092cc21fc" />
      <TestMethod codeBase="D:\thinkschool\BeautyStoreCapstone\tests\BeautyStore.IntegrationTests\bin\Release\net10.0\BeautyStore.IntegrationTests.dll" adapterTypeName="executor://xunit/VsTestRunner2/netcoreapp" className="BeautyStore.IntegrationTests.AuthEndpointsTests" name="Register_ValidRequest_Returns200WithTokens" />
    </UnitTest>
    <UnitTest name="BeautyStore.IntegrationTests.CatalogEndpointsTests.GetProductsBySlug_InvalidSlug_Returns404" storage="d:\thinkschool\beautystorecapstone\tests\beautystore.integrationtests\bin\release\net10.0\beautystore.integrationtests.dll" id="d3ff5400-e5ed-0dc4-3543-05d35ee813c9">
      <Execution id="2e5dfc61-c73f-4299-8f7d-95eaf8357b26" />
      <TestMethod codeBase="D:\thinkschool\BeautyStoreCapstone\tests\BeautyStore.IntegrationTests\bin\Release\net10.0\BeautyStore.IntegrationTests.dll" adapterTypeName="executor://xunit/VsTestRunner2/netcoreapp" className="BeautyStore.IntegrationTests.CatalogEndpointsTests" name="GetProductsBySlug_InvalidSlug_Returns404" />
    </UnitTest>
    <UnitTest name="BeautyStore.IntegrationTests.E2EFlowTests.FullPurchaseFlow_RegisterLoginOrderRetrieve" storage="d:\thinkschool\beautystorecapstone\tests\beautystore.integrationtests\bin\release\net10.0\beautystore.integrationtests.dll" id="238e7865-fa45-4898-69fc-eada279b3705">
      <Execution id="43553fab-2a4b-4a0c-8c12-d28ce9e96741" />
      <TestMethod codeBase="D:\thinkschool\BeautyStoreCapstone\tests\BeautyStore.IntegrationTests\bin\Release\net10.0\BeautyStore.IntegrationTests.dll" adapterTypeName="executor://xunit/VsTestRunner2/netcoreapp" className="BeautyStore.IntegrationTests.E2EFlowTests" name="FullPurchaseFlow_RegisterLoginOrderRetrieve" />
    </UnitTest>
    <UnitTest name="BeautyStore.IntegrationTests.CatalogEndpointsTests.GetProducts_EachItemHasRequiredFields" storage="d:\thinkschool\beautystorecapstone\tests\beautystore.integrationtests\bin\release\net10.0\beautystore.integrationtests.dll" id="d5707143-a38f-e947-6da5-25c03b6433e3">
      <Execution id="b6d9829d-0e2b-4b90-9069-64986e6b0751" />
      <TestMethod codeBase="D:\thinkschool\BeautyStoreCapstone\tests\BeautyStore.IntegrationTests\bin\Release\net10.0\BeautyStore.IntegrationTests.dll" adapterTypeName="executor://xunit/VsTestRunner2/netcoreapp" className="BeautyStore.IntegrationTests.CatalogEndpointsTests" name="GetProducts_EachItemHasRequiredFields" />
    </UnitTest>
    <UnitTest name="BeautyStore.IntegrationTests.CatalogEndpointsTests.SearchProducts_NoMatch_ReturnsEmptyItems" storage="d:\thinkschool\beautystorecapstone\tests\beautystore.integrationtests\bin\release\net10.0\beautystore.integrationtests.dll" id="5aec2b7d-132d-42c1-4042-63ffe4282d40">
      <Execution id="53525c3b-16d0-41cf-b177-50a916274a09" />
      <TestMethod codeBase="D:\thinkschool\BeautyStoreCapstone\tests\BeautyStore.IntegrationTests\bin\Release\net10.0\BeautyStore.IntegrationTests.dll" adapterTypeName="executor://xunit/VsTestRunner2/netcoreapp" className="BeautyStore.IntegrationTests.CatalogEndpointsTests" name="SearchProducts_NoMatch_ReturnsEmptyItems" />
    </UnitTest>
    <UnitTest name="BeautyStore.IntegrationTests.CatalogEndpointsTests.GetProducts_SortByPriceAsc_ReturnsSortedAscending" storage="d:\thinkschool\beautystorecapstone\tests\beautystore.integrationtests\bin\release\net10.0\beautystore.integrationtests.dll" id="c640d0e6-c2ec-6c76-0942-d780456143cc">
      <Execution id="68375e54-4dbf-447c-88dc-406620b47a5c" />
      <TestMethod codeBase="D:\thinkschool\BeautyStoreCapstone\tests\BeautyStore.IntegrationTests\bin\Release\net10.0\BeautyStore.IntegrationTests.dll" adapterTypeName="executor://xunit/VsTestRunner2/netcoreapp" className="BeautyStore.IntegrationTests.CatalogEndpointsTests" name="GetProducts_SortByPriceAsc_ReturnsSortedAscending" />
    </UnitTest>
    <UnitTest name="BeautyStore.IntegrationTests.ProblemDetailsTests.PlaceOrder_QuantityZero_Returns400ProblemDetails" storage="d:\thinkschool\beautystorecapstone\tests\beautystore.integrationtests\bin\release\net10.0\beautystore.integrationtests.dll" id="6988dfca-d3d9-5e25-2d0e-c41f18c22f18">
      <Execution id="13c5889b-9943-4e06-9c50-f7587ccb3727" />
      <TestMethod codeBase="D:\thinkschool\BeautyStoreCapstone\tests\BeautyStore.IntegrationTests\bin\Release\net10.0\BeautyStore.IntegrationTests.dll" adapterTypeName="executor://xunit/VsTestRunner2/netcoreapp" className="BeautyStore.IntegrationTests.ProblemDetailsTests" name="PlaceOrder_QuantityZero_Returns400ProblemDetails" />
    </UnitTest>
    <UnitTest name="BeautyStore.IntegrationTests.CatalogEndpointsTests.GetProducts_DefaultPage_ContainsSeededProducts" storage="d:\thinkschool\beautystorecapstone\tests\beautystore.integrationtests\bin\release\net10.0\beautystore.integrationtests.dll" id="d7e49ced-3f6b-bb6f-b33e-1f2176e7c41f">
      <Execution id="14980d17-5013-441a-82ba-f435bc8fedbf" />
      <TestMethod codeBase="D:\thinkschool\BeautyStoreCapstone\tests\BeautyStore.IntegrationTests\bin\Release\net10.0\BeautyStore.IntegrationTests.dll" adapterTypeName="executor://xunit/VsTestRunner2/netcoreapp" className="BeautyStore.IntegrationTests.CatalogEndpointsTests" name="GetProducts_DefaultPage_ContainsSeededProducts" />
    </UnitTest>
    <UnitTest name="BeautyStore.IntegrationTests.ProblemDetailsTests.Unauthenticated_ProtectedRoute_Returns401ProblemDetails" storage="d:\thinkschool\beautystorecapstone\tests\beautystore.integrationtests\bin\release\net10.0\beautystore.integrationtests.dll" id="ede33150-583f-4dbe-2ca5-a8a4c79ff71d">
      <Execution id="abb5fffd-3038-461a-9041-c0220967a765" />
      <TestMethod codeBase="D:\thinkschool\BeautyStoreCapstone\tests\BeautyStore.IntegrationTests\bin\Release\net10.0\BeautyStore.IntegrationTests.dll" adapterTypeName="executor://xunit/VsTestRunner2/netcoreapp" className="BeautyStore.IntegrationTests.ProblemDetailsTests" name="Unauthenticated_ProtectedRoute_Returns401ProblemDetails" />
    </UnitTest>
    <UnitTest name="BeautyStore.IntegrationTests.CatalogEndpointsTests.GetProductById_ExistingProduct_Returns200" storage="d:\thinkschool\beautystorecapstone\tests\beautystore.integrationtests\bin\release\net10.0\beautystore.integrationtests.dll" id="06097183-c62e-67a9-b633-ac8f2d5682a7">
      <Execution id="7f57d747-c4ed-4917-b0b7-16785752faf6" />
      <TestMethod codeBase="D:\thinkschool\BeautyStoreCapstone\tests\BeautyStore.IntegrationTests\bin\Release\net10.0\BeautyStore.IntegrationTests.dll" adapterTypeName="executor://xunit/VsTestRunner2/netcoreapp" className="BeautyStore.IntegrationTests.CatalogEndpointsTests" name="GetProductById_ExistingProduct_Returns200" />
    </UnitTest>
    <UnitTest name="BeautyStore.IntegrationTests.CatalogEndpointsTests.GetProductsBySlug_ValidSlug_Returns200" storage="d:\thinkschool\beautystorecapstone\tests\beautystore.integrationtests\bin\release\net10.0\beautystore.integrationtests.dll" id="1184cf1b-b1d2-93ed-a101-60e3dd0d5be1">
      <Execution id="e7a221a4-ed02-479c-beba-4a05974050f7" />
      <TestMethod codeBase="D:\thinkschool\BeautyStoreCapstone\tests\BeautyStore.IntegrationTests\bin\Release\net10.0\BeautyStore.IntegrationTests.dll" adapterTypeName="executor://xunit/VsTestRunner2/netcoreapp" className="BeautyStore.IntegrationTests.CatalogEndpointsTests" name="GetProductsBySlug_ValidSlug_Returns200" />
    </UnitTest>
    <UnitTest name="BeautyStore.IntegrationTests.E2EFlowTests.Catalog_Search_FindsSeededProduct" storage="d:\thinkschool\beautystorecapstone\tests\beautystore.integrationtests\bin\release\net10.0\beautystore.integrationtests.dll" id="08caad00-8564-8848-0ae8-74dbe96926ae">
      <Execution id="3ffe86a5-1626-49bc-bcda-dedfbf993f64" />
      <TestMethod codeBase="D:\thinkschool\BeautyStoreCapstone\tests\BeautyStore.IntegrationTests\bin\Release\net10.0\BeautyStore.IntegrationTests.dll" adapterTypeName="executor://xunit/VsTestRunner2/netcoreapp" className="BeautyStore.IntegrationTests.E2EFlowTests" name="Catalog_Search_FindsSeededProduct" />
    </UnitTest>
    <UnitTest name="BeautyStore.IntegrationTests.OrderEndpointsTests.PlaceOrder_Quantity0_Returns400WithProblemDetails" storage="d:\thinkschool\beautystorecapstone\tests\beautystore.integrationtests\bin\release\net10.0\beautystore.integrationtests.dll" id="d4bc6318-02d8-40aa-eda4-bebcb8c26ee4">
      <Execution id="15b7a95a-97e0-42d0-a862-254d15e776b5" />
      <TestMethod codeBase="D:\thinkschool\BeautyStoreCapstone\tests\BeautyStore.IntegrationTests\bin\Release\net10.0\BeautyStore.IntegrationTests.dll" adapterTypeName="executor://xunit/VsTestRunner2/netcoreapp" className="BeautyStore.IntegrationTests.OrderEndpointsTests" name="PlaceOrder_Quantity0_Returns400WithProblemDetails" />
    </UnitTest>
    <UnitTest name="BeautyStore.IntegrationTests.OrderEndpointsTests.GetMyOrders_OnlyReturnsOwnOrders_NotOtherUsers" storage="d:\thinkschool\beautystorecapstone\tests\beautystore.integrationtests\bin\release\net10.0\beautystore.integrationtests.dll" id="7886a3a6-64f3-08ea-5ecd-aa7122e228c8">
      <Execution id="650c28a8-569d-4de4-bc44-239dda985157" />
      <TestMethod codeBase="D:\thinkschool\BeautyStoreCapstone\tests\BeautyStore.IntegrationTests\bin\Release\net10.0\BeautyStore.IntegrationTests.dll" adapterTypeName="executor://xunit/VsTestRunner2/netcoreapp" className="BeautyStore.IntegrationTests.OrderEndpointsTests" name="GetMyOrders_OnlyReturnsOwnOrders_NotOtherUsers" />
    </UnitTest>
    <UnitTest name="BeautyStore.IntegrationTests.E2EFlowTests.RegisterTwice_SameEmail_SecondRegistrationFails" storage="d:\thinkschool\beautystorecapstone\tests\beautystore.integrationtests\bin\release\net10.0\beautystore.integrationtests.dll" id="5087997f-dd83-b75c-b649-45a355205ff5">
      <Execution id="f9470a30-8562-4544-a454-8152df1e7398" />
      <TestMethod codeBase="D:\thinkschool\BeautyStoreCapstone\tests\BeautyStore.IntegrationTests\bin\Release\net10.0\BeautyStore.IntegrationTests.dll" adapterTypeName="executor://xunit/VsTestRunner2/netcoreapp" className="BeautyStore.IntegrationTests.E2EFlowTests" name="RegisterTwice_SameEmail_SecondRegistrationFails" />
    </UnitTest>
    <UnitTest name="BeautyStore.IntegrationTests.AuthEndpointsTests.Me_ReturnsCorrectRoles" storage="d:\thinkschool\beautystorecapstone\tests\beautystore.integrationtests\bin\release\net10.0\beautystore.integrationtests.dll" id="60bc05d7-e580-079c-b57f-799d23bafa1f">
      <Execution id="a172b99f-3ff6-4962-b10e-2e9b3584b4e8" />
      <TestMethod codeBase="D:\thinkschool\BeautyStoreCapstone\tests\BeautyStore.IntegrationTests\bin\Release\net10.0\BeautyStore.IntegrationTests.dll" adapterTypeName="executor://xunit/VsTestRunner2/netcoreapp" className="BeautyStore.IntegrationTests.AuthEndpointsTests" name="Me_ReturnsCorrectRoles" />
    </UnitTest>
    <UnitTest name="BeautyStore.IntegrationTests.AuthEndpointsTests.Me_WithoutJwt_Returns401" storage="d:\thinkschool\beautystorecapstone\tests\beautystore.integrationtests\bin\release\net10.0\beautystore.integrationtests.dll" id="1e690a36-f633-f2c1-d1cd-b992bc4c6a24">
      <Execution id="fc8c5fc3-3832-43f2-8fa9-f3b3369c9fb6" />
      <TestMethod codeBase="D:\thinkschool\BeautyStoreCapstone\tests\BeautyStore.IntegrationTests\bin\Release\net10.0\BeautyStore.IntegrationTests.dll" adapterTypeName="executor://xunit/VsTestRunner2/netcoreapp" className="BeautyStore.IntegrationTests.AuthEndpointsTests" name="Me_WithoutJwt_Returns401" />
    </UnitTest>
    <UnitTest name="BeautyStore.IntegrationTests.ProblemDetailsTests.AllResponses_IncludeXContentTypeOptionsHeader" storage="d:\thinkschool\beautystorecapstone\tests\beautystore.integrationtests\bin\release\net10.0\beautystore.integrationtests.dll" id="e2734050-e8e3-6476-ec35-58e98c546e90">
      <Execution id="3b9aa114-200d-4b16-90e9-98781c5de7fc" />
      <TestMethod codeBase="D:\thinkschool\BeautyStoreCapstone\tests\BeautyStore.IntegrationTests\bin\Release\net10.0\BeautyStore.IntegrationTests.dll" adapterTypeName="executor://xunit/VsTestRunner2/netcoreapp" className="BeautyStore.IntegrationTests.ProblemDetailsTests" name="AllResponses_IncludeXContentTypeOptionsHeader" />
    </UnitTest>
    <UnitTest name="BeautyStore.IntegrationTests.E2EFlowTests.MultiUser_OrderIsolation" storage="d:\thinkschool\beautystorecapstone\tests\beautystore.integrationtests\bin\release\net10.0\beautystore.integrationtests.dll" id="f318bb01-5fd5-9f15-7b89-69dcc244a0a5">
      <Execution id="2c39ada8-121c-4615-9742-4bb222f8492e" />
      <TestMethod codeBase="D:\thinkschool\BeautyStoreCapstone\tests\BeautyStore.IntegrationTests\bin\Release\net10.0\BeautyStore.IntegrationTests.dll" adapterTypeName="executor://xunit/VsTestRunner2/netcoreapp" className="BeautyStore.IntegrationTests.E2EFlowTests" name="MultiUser_OrderIsolation" />
    </UnitTest>
    <UnitTest name="BeautyStore.IntegrationTests.OrderEndpointsTests.DeleteOrder_NonExistentOrder_Returns404" storage="d:\thinkschool\beautystorecapstone\tests\beautystore.integrationtests\bin\release\net10.0\beautystore.integrationtests.dll" id="3ca527b8-b2fc-9def-0f43-b8ee266f3e0c">
      <Execution id="7ecd22fc-1010-42bb-ab10-4c9ba069201b" />
      <TestMethod codeBase="D:\thinkschool\BeautyStoreCapstone\tests\BeautyStore.IntegrationTests\bin\Release\net10.0\BeautyStore.IntegrationTests.dll" adapterTypeName="executor://xunit/VsTestRunner2/netcoreapp" className="BeautyStore.IntegrationTests.OrderEndpointsTests" name="DeleteOrder_NonExistentOrder_Returns404" />
    </UnitTest>
    <UnitTest name="BeautyStore.IntegrationTests.CatalogEndpointsTests.GetCategories_IsPublic_NoAuthRequired" storage="d:\thinkschool\beautystorecapstone\tests\beautystore.integrationtests\bin\release\net10.0\beautystore.integrationtests.dll" id="cd65b010-8516-d493-a242-573763bc70c8">
      <Execution id="278ba94a-d555-490c-a9e1-d01c3ebc8151" />
      <TestMethod codeBase="D:\thinkschool\BeautyStoreCapstone\tests\BeautyStore.IntegrationTests\bin\Release\net10.0\BeautyStore.IntegrationTests.dll" adapterTypeName="executor://xunit/VsTestRunner2/netcoreapp" className="BeautyStore.IntegrationTests.CatalogEndpointsTests" name="GetCategories_IsPublic_NoAuthRequired" />
    </UnitTest>
    <UnitTest name="BeautyStore.IntegrationTests.OrderEndpointsTests.PlaceOrder_ValidRequest_Returns201WithOrderId" storage="d:\thinkschool\beautystorecapstone\tests\beautystore.integrationtests\bin\release\net10.0\beautystore.integrationtests.dll" id="1681ecde-f71f-c5c3-40da-86a0042cd253">
      <Execution id="c7f1b34a-5398-453e-a098-891fca838e11" />
      <TestMethod codeBase="D:\thinkschool\BeautyStoreCapstone\tests\BeautyStore.IntegrationTests\bin\Release\net10.0\BeautyStore.IntegrationTests.dll" adapterTypeName="executor://xunit/VsTestRunner2/netcoreapp" className="BeautyStore.IntegrationTests.OrderEndpointsTests" name="PlaceOrder_ValidRequest_Returns201WithOrderId" />
    </UnitTest>
    <UnitTest name="BeautyStore.IntegrationTests.CatalogEndpointsTests.GetCategories_EachItemHasRequiredFields" storage="d:\thinkschool\beautystorecapstone\tests\beautystore.integrationtests\bin\release\net10.0\beautystore.integrationtests.dll" id="d63158fd-8c52-8b14-27c9-7ff3e9868840">
      <Execution id="a47d9489-1fce-4ac9-885d-f1356e25b03d" />
      <TestMethod codeBase="D:\thinkschool\BeautyStoreCapstone\tests\BeautyStore.IntegrationTests\bin\Release\net10.0\BeautyStore.IntegrationTests.dll" adapterTypeName="executor://xunit/VsTestRunner2/netcoreapp" className="BeautyStore.IntegrationTests.CatalogEndpointsTests" name="GetCategories_EachItemHasRequiredFields" />
    </UnitTest>
    <UnitTest name="BeautyStore.IntegrationTests.ProblemDetailsTests.RootEndpoint_Returns200WithApiInfo" storage="d:\thinkschool\beautystorecapstone\tests\beautystore.integrationtests\bin\release\net10.0\beautystore.integrationtests.dll" id="f0cb53d5-0742-fd76-11fd-02ee8b0cc1d3">
      <Execution id="cad3d026-38b2-4608-83ee-60609d4ae513" />
      <TestMethod codeBase="D:\thinkschool\BeautyStoreCapstone\tests\BeautyStore.IntegrationTests\bin\Release\net10.0\BeautyStore.IntegrationTests.dll" adapterTypeName="executor://xunit/VsTestRunner2/netcoreapp" className="BeautyStore.IntegrationTests.ProblemDetailsTests" name="RootEndpoint_Returns200WithApiInfo" />
    </UnitTest>
    <UnitTest name="BeautyStore.IntegrationTests.CatalogEndpointsTests.SearchProducts_ByName_ReturnsMatchingProducts" storage="d:\thinkschool\beautystorecapstone\tests\beautystore.integrationtests\bin\release\net10.0\beautystore.integrationtests.dll" id="9050a834-1024-54b1-6436-730a68b540ce">
      <Execution id="25eace3e-a8d0-4f43-b9bf-a9b0292570e7" />
      <TestMethod codeBase="D:\thinkschool\BeautyStoreCapstone\tests\BeautyStore.IntegrationTests\bin\Release\net10.0\BeautyStore.IntegrationTests.dll" adapterTypeName="executor://xunit/VsTestRunner2/netcoreapp" className="BeautyStore.IntegrationTests.CatalogEndpointsTests" name="SearchProducts_ByName_ReturnsMatchingProducts" />
    </UnitTest>
    <UnitTest name="BeautyStore.IntegrationTests.OrderEndpointsTests.DeleteOrder_AnotherUsersOrder_Returns403" storage="d:\thinkschool\beautystorecapstone\tests\beautystore.integrationtests\bin\release\net10.0\beautystore.integrationtests.dll" id="6d895afd-af87-04b0-d13f-9924c6ba8388">
      <Execution id="63353276-470a-4593-ad32-35e29508d3d0" />
      <TestMethod codeBase="D:\thinkschool\BeautyStoreCapstone\tests\BeautyStore.IntegrationTests\bin\Release\net10.0\BeautyStore.IntegrationTests.dll" adapterTypeName="executor://xunit/VsTestRunner2/netcoreapp" className="BeautyStore.IntegrationTests.OrderEndpointsTests" name="DeleteOrder_AnotherUsersOrder_Returns403" />
    </UnitTest>
    <UnitTest name="BeautyStore.IntegrationTests.CatalogEndpointsTests.GetCategories_Returns200WithSeededCategories" storage="d:\thinkschool\beautystorecapstone\tests\beautystore.integrationtests\bin\release\net10.0\beautystore.integrationtests.dll" id="0d2fda38-dbf9-9a16-9c82-38c10e88560b">
      <Execution id="165e72d0-f071-478f-bfc8-1a71eb2dd42c" />
      <TestMethod codeBase="D:\thinkschool\BeautyStoreCapstone\tests\BeautyStore.IntegrationTests\bin\Release\net10.0\BeautyStore.IntegrationTests.dll" adapterTypeName="executor://xunit/VsTestRunner2/netcoreapp" className="BeautyStore.IntegrationTests.CatalogEndpointsTests" name="GetCategories_Returns200WithSeededCategories" />
    </UnitTest>
    <UnitTest name="BeautyStore.IntegrationTests.OrderEndpointsTests.PlaceOrder_NegativeQuantity_Returns400" storage="d:\thinkschool\beautystorecapstone\tests\beautystore.integrationtests\bin\release\net10.0\beautystore.integrationtests.dll" id="83f372c5-ba9e-4adc-acae-0f580da01ad3">
      <Execution id="b7ca595d-87df-4081-8ebd-92c0b00be242" />
      <TestMethod codeBase="D:\thinkschool\BeautyStoreCapstone\tests\BeautyStore.IntegrationTests\bin\Release\net10.0\BeautyStore.IntegrationTests.dll" adapterTypeName="executor://xunit/VsTestRunner2/netcoreapp" className="BeautyStore.IntegrationTests.OrderEndpointsTests" name="PlaceOrder_NegativeQuantity_Returns400" />
    </UnitTest>
    <UnitTest name="BeautyStore.IntegrationTests.AuthEndpointsTests.Me_WithInvalidJwt_Returns401" storage="d:\thinkschool\beautystorecapstone\tests\beautystore.integrationtests\bin\release\net10.0\beautystore.integrationtests.dll" id="eeb2341c-f08b-64fd-2c4c-80c9754d0b30">
      <Execution id="8b2304fb-f1a6-4951-a28e-6fe10a3dea21" />
      <TestMethod codeBase="D:\thinkschool\BeautyStoreCapstone\tests\BeautyStore.IntegrationTests\bin\Release\net10.0\BeautyStore.IntegrationTests.dll" adapterTypeName="executor://xunit/VsTestRunner2/netcoreapp" className="BeautyStore.IntegrationTests.AuthEndpointsTests" name="Me_WithInvalidJwt_Returns401" />
    </UnitTest>
    <UnitTest name="BeautyStore.IntegrationTests.CatalogEndpointsTests.GetCategories_ContainsMakeupCategory" storage="d:\thinkschool\beautystorecapstone\tests\beautystore.integrationtests\bin\release\net10.0\beautystore.integrationtests.dll" id="995b1411-9313-fa94-9768-40e854fdba34">
      <Execution id="53ac8be3-d6c1-4e9b-b446-064d19cca8c0" />
      <TestMethod codeBase="D:\thinkschool\BeautyStoreCapstone\tests\BeautyStore.IntegrationTests\bin\Release\net10.0\BeautyStore.IntegrationTests.dll" adapterTypeName="executor://xunit/VsTestRunner2/netcoreapp" className="BeautyStore.IntegrationTests.CatalogEndpointsTests" name="GetCategories_ContainsMakeupCategory" />
    </UnitTest>
    <UnitTest name="BeautyStore.IntegrationTests.OrderEndpointsTests.GetMyOrders_NoOrders_ReturnsEmptyArray" storage="d:\thinkschool\beautystorecapstone\tests\beautystore.integrationtests\bin\release\net10.0\beautystore.integrationtests.dll" id="f1418616-ca6d-6d61-8dde-689ce7fb002b">
      <Execution id="08777c02-c1ba-4db1-8bfc-52f14e7e4da9" />
      <TestMethod codeBase="D:\thinkschool\BeautyStoreCapstone\tests\BeautyStore.IntegrationTests\bin\Release\net10.0\BeautyStore.IntegrationTests.dll" adapterTypeName="executor://xunit/VsTestRunner2/netcoreapp" className="BeautyStore.IntegrationTests.OrderEndpointsTests" name="GetMyOrders_NoOrders_ReturnsEmptyArray" />
    </UnitTest>
    <UnitTest name="BeautyStore.IntegrationTests.CatalogEndpointsTests.GetProducts_FilterByCategory_ReturnsOnlyCategoryProducts" storage="d:\thinkschool\beautystorecapstone\tests\beautystore.integrationtests\bin\release\net10.0\beautystore.integrationtests.dll" id="edb3eff3-6b3f-59bc-60d9-2468752fa17b">
      <Execution id="f3772109-b960-4b84-a57b-61385cc33e69" />
      <TestMethod codeBase="D:\thinkschool\BeautyStoreCapstone\tests\BeautyStore.IntegrationTests\bin\Release\net10.0\BeautyStore.IntegrationTests.dll" adapterTypeName="executor://xunit/VsTestRunner2/netcoreapp" className="BeautyStore.IntegrationTests.CatalogEndpointsTests" name="GetProducts_FilterByCategory_ReturnsOnlyCategoryProducts" />
    </UnitTest>
    <UnitTest name="BeautyStore.IntegrationTests.ProblemDetailsTests.NonExistentProduct_Returns404ProblemDetails_WithTypeAndTitle" storage="d:\thinkschool\beautystorecapstone\tests\beautystore.integrationtests\bin\release\net10.0\beautystore.integrationtests.dll" id="c43302ca-0628-1c6b-6863-f1675d1918f9">
      <Execution id="2bb5aea0-ac1e-4968-aec9-46d06a3e0e32" />
      <TestMethod codeBase="D:\thinkschool\BeautyStoreCapstone\tests\BeautyStore.IntegrationTests\bin\Release\net10.0\BeautyStore.IntegrationTests.dll" adapterTypeName="executor://xunit/VsTestRunner2/netcoreapp" className="BeautyStore.IntegrationTests.ProblemDetailsTests" name="NonExistentProduct_Returns404ProblemDetails_WithTypeAndTitle" />
    </UnitTest>
    <UnitTest name="BeautyStore.IntegrationTests.AuthEndpointsTests.Login_ValidCredentials_Returns200WithAccessToken" storage="d:\thinkschool\beautystorecapstone\tests\beautystore.integrationtests\bin\release\net10.0\beautystore.integrationtests.dll" id="ddbe43d7-2212-6ee6-657c-509f51560a09">
      <Execution id="385fe410-185c-47f8-8519-6bdb2f3a9e58" />
      <TestMethod codeBase="D:\thinkschool\BeautyStoreCapstone\tests\BeautyStore.IntegrationTests\bin\Release\net10.0\BeautyStore.IntegrationTests.dll" adapterTypeName="executor://xunit/VsTestRunner2/netcoreapp" className="BeautyStore.IntegrationTests.AuthEndpointsTests" name="Login_ValidCredentials_Returns200WithAccessToken" />
    </UnitTest>
    <UnitTest name="BeautyStore.IntegrationTests.AuthEndpointsTests.Register_DuplicateEmail_Returns400" storage="d:\thinkschool\beautystorecapstone\tests\beautystore.integrationtests\bin\release\net10.0\beautystore.integrationtests.dll" id="95cd671d-f3c3-fa6f-ac47-6befc833037e">
      <Execution id="03e8cc2e-ca1f-4339-a972-1d889130bf8e" />
      <TestMethod codeBase="D:\thinkschool\BeautyStoreCapstone\tests\BeautyStore.IntegrationTests\bin\Release\net10.0\BeautyStore.IntegrationTests.dll" adapterTypeName="executor://xunit/VsTestRunner2/netcoreapp" className="BeautyStore.IntegrationTests.AuthEndpointsTests" name="Register_DuplicateEmail_Returns400" />
    </UnitTest>
    <UnitTest name="BeautyStore.IntegrationTests.OrderEndpointsTests.GetMyOrders_WithoutAuth_Returns401" storage="d:\thinkschool\beautystorecapstone\tests\beautystore.integrationtests\bin\release\net10.0\beautystore.integrationtests.dll" id="d52026f4-9eb1-4a27-ceca-a3570379cb7b">
      <Execution id="2ca498f5-5e81-4ddc-8085-a3d846944997" />
      <TestMethod codeBase="D:\thinkschool\BeautyStoreCapstone\tests\BeautyStore.IntegrationTests\bin\Release\net10.0\BeautyStore.IntegrationTests.dll" adapterTypeName="executor://xunit/VsTestRunner2/netcoreapp" className="BeautyStore.IntegrationTests.OrderEndpointsTests" name="GetMyOrders_WithoutAuth_Returns401" />
    </UnitTest>
    <UnitTest name="BeautyStore.IntegrationTests.ProblemDetailsTests.AllResponses_IncludeCacheControlHeader" storage="d:\thinkschool\beautystorecapstone\tests\beautystore.integrationtests\bin\release\net10.0\beautystore.integrationtests.dll" id="dc76db43-7722-9f47-14f4-491c9c312c80">
      <Execution id="52057ef5-23ff-4791-9f1b-2e39f1edfce8" />
      <TestMethod codeBase="D:\thinkschool\BeautyStoreCapstone\tests\BeautyStore.IntegrationTests\bin\Release\net10.0\BeautyStore.IntegrationTests.dll" adapterTypeName="executor://xunit/VsTestRunner2/netcoreapp" className="BeautyStore.IntegrationTests.ProblemDetailsTests" name="AllResponses_IncludeCacheControlHeader" />
    </UnitTest>
    <UnitTest name="BeautyStore.IntegrationTests.AuthEndpointsTests.Login_NonExistentEmail_Returns401" storage="d:\thinkschool\beautystorecapstone\tests\beautystore.integrationtests\bin\release\net10.0\beautystore.integrationtests.dll" id="2c5ceda6-412b-1506-b48f-345531c5e221">
      <Execution id="4acc6d6b-3b78-49b6-928d-39ecdcf87698" />
      <TestMethod codeBase="D:\thinkschool\BeautyStoreCapstone\tests\BeautyStore.IntegrationTests\bin\Release\net10.0\BeautyStore.IntegrationTests.dll" adapterTypeName="executor://xunit/VsTestRunner2/netcoreapp" className="BeautyStore.IntegrationTests.AuthEndpointsTests" name="Login_NonExistentEmail_Returns401" />
    </UnitTest>
    <UnitTest name="BeautyStore.IntegrationTests.AuthEndpointsTests.Login_WrongPassword_Returns401" storage="d:\thinkschool\beautystorecapstone\tests\beautystore.integrationtests\bin\release\net10.0\beautystore.integrationtests.dll" id="a3448d90-05c5-5368-f5cc-3190a6c4a769">
      <Execution id="89d2a8e6-fc2c-472c-b7e9-3f0d508e81c7" />
      <TestMethod codeBase="D:\thinkschool\BeautyStoreCapstone\tests\BeautyStore.IntegrationTests\bin\Release\net10.0\BeautyStore.IntegrationTests.dll" adapterTypeName="executor://xunit/VsTestRunner2/netcoreapp" className="BeautyStore.IntegrationTests.AuthEndpointsTests" name="Login_WrongPassword_Returns401" />
    </UnitTest>
    <UnitTest name="BeautyStore.IntegrationTests.ProblemDetailsTests.Register_WeakPassword_Returns400ProblemDetailsOrArray" storage="d:\thinkschool\beautystorecapstone\tests\beautystore.integrationtests\bin\release\net10.0\beautystore.integrationtests.dll" id="143ed397-23a9-3b23-370d-de4bdb2986fc">
      <Execution id="f4a56772-2d71-44b4-a3d4-ddd5e9f33529" />
      <TestMethod codeBase="D:\thinkschool\BeautyStoreCapstone\tests\BeautyStore.IntegrationTests\bin\Release\net10.0\BeautyStore.IntegrationTests.dll" adapterTypeName="executor://xunit/VsTestRunner2/netcoreapp" className="BeautyStore.IntegrationTests.ProblemDetailsTests" name="Register_WeakPassword_Returns400ProblemDetailsOrArray" />
    </UnitTest>
    <UnitTest name="BeautyStore.IntegrationTests.OrderEndpointsTests.PlaceOrder_TotalPrice_IsUnitPriceTimesQuantity" storage="d:\thinkschool\beautystorecapstone\tests\beautystore.integrationtests\bin\release\net10.0\beautystore.integrationtests.dll" id="395227cc-9862-e849-557a-48b4bd0fb970">
      <Execution id="f1aa8f02-edf2-423a-aeb9-0dc67fca6ce4" />
      <TestMethod codeBase="D:\thinkschool\BeautyStoreCapstone\tests\BeautyStore.IntegrationTests\bin\Release\net10.0\BeautyStore.IntegrationTests.dll" adapterTypeName="executor://xunit/VsTestRunner2/netcoreapp" className="BeautyStore.IntegrationTests.OrderEndpointsTests" name="PlaceOrder_TotalPrice_IsUnitPriceTimesQuantity" />
    </UnitTest>
    <UnitTest name="BeautyStore.IntegrationTests.OrderEndpointsTests.PlaceOrder_WithoutAuth_Returns401" storage="d:\thinkschool\beautystorecapstone\tests\beautystore.integrationtests\bin\release\net10.0\beautystore.integrationtests.dll" id="627764c9-55f9-9852-a741-fb2feb49759b">
      <Execution id="c89fe372-8dd0-4c93-b7a6-d1fbdf21e45f" />
      <TestMethod codeBase="D:\thinkschool\BeautyStoreCapstone\tests\BeautyStore.IntegrationTests\bin\Release\net10.0\BeautyStore.IntegrationTests.dll" adapterTypeName="executor://xunit/VsTestRunner2/netcoreapp" className="BeautyStore.IntegrationTests.OrderEndpointsTests" name="PlaceOrder_WithoutAuth_Returns401" />
    </UnitTest>
    <UnitTest name="BeautyStore.IntegrationTests.OrderEndpointsTests.GetMyOrders_AfterPlacingOrder_ContainsTheOrder" storage="d:\thinkschool\beautystorecapstone\tests\beautystore.integrationtests\bin\release\net10.0\beautystore.integrationtests.dll" id="12e90560-e7b6-10a4-fc77-532ede966db1">
      <Execution id="9d692318-6a9b-4a6d-9103-517f802b2fc0" />
      <TestMethod codeBase="D:\thinkschool\BeautyStoreCapstone\tests\BeautyStore.IntegrationTests\bin\Release\net10.0\BeautyStore.IntegrationTests.dll" adapterTypeName="executor://xunit/VsTestRunner2/netcoreapp" className="BeautyStore.IntegrationTests.OrderEndpointsTests" name="GetMyOrders_AfterPlacingOrder_ContainsTheOrder" />
    </UnitTest>
    <UnitTest name="BeautyStore.IntegrationTests.OrderEndpointsTests.PlaceOrder_NonExistentProduct_Returns404" storage="d:\thinkschool\beautystorecapstone\tests\beautystore.integrationtests\bin\release\net10.0\beautystore.integrationtests.dll" id="f961614b-716a-6de6-d3d4-3c2dca1a3e6d">
      <Execution id="28c9d08c-2c6d-4423-ac59-eac532aead02" />
      <TestMethod codeBase="D:\thinkschool\BeautyStoreCapstone\tests\BeautyStore.IntegrationTests\bin\Release\net10.0\BeautyStore.IntegrationTests.dll" adapterTypeName="executor://xunit/VsTestRunner2/netcoreapp" className="BeautyStore.IntegrationTests.OrderEndpointsTests" name="PlaceOrder_NonExistentProduct_Returns404" />
    </UnitTest>
    <UnitTest name="BeautyStore.IntegrationTests.CatalogEndpointsTests.GetProducts_SortByPriceDesc_ReturnsSortedDescending" storage="d:\thinkschool\beautystorecapstone\tests\beautystore.integrationtests\bin\release\net10.0\beautystore.integrationtests.dll" id="e2d47e5f-6384-9cb5-2939-bbd928c4145e">
      <Execution id="05a095c8-9e5b-41b9-806a-181c0f54e824" />
      <TestMethod codeBase="D:\thinkschool\BeautyStoreCapstone\tests\BeautyStore.IntegrationTests\bin\Release\net10.0\BeautyStore.IntegrationTests.dll" adapterTypeName="executor://xunit/VsTestRunner2/netcoreapp" className="BeautyStore.IntegrationTests.CatalogEndpointsTests" name="GetProducts_SortByPriceDesc_ReturnsSortedDescending" />
    </UnitTest>
    <UnitTest name="BeautyStore.IntegrationTests.CatalogEndpointsTests.GetProducts_Pagination_ReturnsCorrectPage" storage="d:\thinkschool\beautystorecapstone\tests\beautystore.integrationtests\bin\release\net10.0\beautystore.integrationtests.dll" id="f07c3bfd-156e-c249-ba90-d9b86ee9dca0">
      <Execution id="da439db1-f2f8-4cac-9a51-070b1b54f071" />
      <TestMethod codeBase="D:\thinkschool\BeautyStoreCapstone\tests\BeautyStore.IntegrationTests\bin\Release\net10.0\BeautyStore.IntegrationTests.dll" adapterTypeName="executor://xunit/VsTestRunner2/netcoreapp" className="BeautyStore.IntegrationTests.CatalogEndpointsTests" name="GetProducts_Pagination_ReturnsCorrectPage" />
    </UnitTest>
    <UnitTest name="BeautyStore.IntegrationTests.AuthEndpointsTests.Register_WeakPassword_Returns400" storage="d:\thinkschool\beautystorecapstone\tests\beautystore.integrationtests\bin\release\net10.0\beautystore.integrationtests.dll" id="cc1e6d0d-cd4a-a9bc-344c-bfdfe60fc62d">
      <Execution id="ada01545-721f-4bb8-add5-d9bc36db1eda" />
      <TestMethod codeBase="D:\thinkschool\BeautyStoreCapstone\tests\BeautyStore.IntegrationTests\bin\Release\net10.0\BeautyStore.IntegrationTests.dll" adapterTypeName="executor://xunit/VsTestRunner2/netcoreapp" className="BeautyStore.IntegrationTests.AuthEndpointsTests" name="Register_WeakPassword_Returns400" />
    </UnitTest>
    <UnitTest name="BeautyStore.IntegrationTests.ProblemDetailsTests.HealthLiveness_Returns200" storage="d:\thinkschool\beautystorecapstone\tests\beautystore.integrationtests\bin\release\net10.0\beautystore.integrationtests.dll" id="39133b66-1118-be20-3ef4-74d5716d7f73">
      <Execution id="0ece6c6b-a052-417e-a350-99a26c65d368" />
      <TestMethod codeBase="D:\thinkschool\BeautyStoreCapstone\tests\BeautyStore.IntegrationTests\bin\Release\net10.0\BeautyStore.IntegrationTests.dll" adapterTypeName="executor://xunit/VsTestRunner2/netcoreapp" className="BeautyStore.IntegrationTests.ProblemDetailsTests" name="HealthLiveness_Returns200" />
    </UnitTest>
    <UnitTest name="BeautyStore.IntegrationTests.AuthEndpointsTests.Register_MissingEmail_Returns400" storage="d:\thinkschool\beautystorecapstone\tests\beautystore.integrationtests\bin\release\net10.0\beautystore.integrationtests.dll" id="9ab04eb9-a03b-5b8c-8b86-3a0cffcd0a4f">
      <Execution id="273c6ff7-7e50-4b9a-99df-ad2d4c5ad55b" />
      <TestMethod codeBase="D:\thinkschool\BeautyStoreCapstone\tests\BeautyStore.IntegrationTests\bin\Release\net10.0\BeautyStore.IntegrationTests.dll" adapterTypeName="executor://xunit/VsTestRunner2/netcoreapp" className="BeautyStore.IntegrationTests.AuthEndpointsTests" name="Register_MissingEmail_Returns400" />
    </UnitTest>
  </TestDefinitions>
  <TestEntries>
    <TestEntry testId="f961614b-716a-6de6-d3d4-3c2dca1a3e6d" executionId="28c9d08c-2c6d-4423-ac59-eac532aead02" testListId="8c84fa94-04c1-424b-9868-57a2d4851a1d" />
    <TestEntry testId="395227cc-9862-e849-557a-48b4bd0fb970" executionId="f1aa8f02-edf2-423a-aeb9-0dc67fca6ce4" testListId="8c84fa94-04c1-424b-9868-57a2d4851a1d" />
    <TestEntry testId="c43302ca-0628-1c6b-6863-f1675d1918f9" executionId="2bb5aea0-ac1e-4968-aec9-46d06a3e0e32" testListId="8c84fa94-04c1-424b-9868-57a2d4851a1d" />
    <TestEntry testId="627764c9-55f9-9852-a741-fb2feb49759b" executionId="c89fe372-8dd0-4c93-b7a6-d1fbdf21e45f" testListId="8c84fa94-04c1-424b-9868-57a2d4851a1d" />
    <TestEntry testId="d3ff5400-e5ed-0dc4-3543-05d35ee813c9" executionId="2e5dfc61-c73f-4299-8f7d-95eaf8357b26" testListId="8c84fa94-04c1-424b-9868-57a2d4851a1d" />
    <TestEntry testId="cc1e6d0d-cd4a-a9bc-344c-bfdfe60fc62d" executionId="ada01545-721f-4bb8-add5-d9bc36db1eda" testListId="8c84fa94-04c1-424b-9868-57a2d4851a1d" />
    <TestEntry testId="dc76db43-7722-9f47-14f4-491c9c312c80" executionId="52057ef5-23ff-4791-9f1b-2e39f1edfce8" testListId="8c84fa94-04c1-424b-9868-57a2d4851a1d" />
    <TestEntry testId="1507e98a-1642-db4e-706f-082e33586eb8" executionId="32281595-d098-4d4c-85a5-b88759505994" testListId="8c84fa94-04c1-424b-9868-57a2d4851a1d" />
    <TestEntry testId="1e690a36-f633-f2c1-d1cd-b992bc4c6a24" executionId="fc8c5fc3-3832-43f2-8fa9-f3b3369c9fb6" testListId="8c84fa94-04c1-424b-9868-57a2d4851a1d" />
    <TestEntry testId="d4bc6318-02d8-40aa-eda4-bebcb8c26ee4" executionId="15b7a95a-97e0-42d0-a862-254d15e776b5" testListId="8c84fa94-04c1-424b-9868-57a2d4851a1d" />
    <TestEntry testId="ddbe43d7-2212-6ee6-657c-509f51560a09" executionId="385fe410-185c-47f8-8519-6bdb2f3a9e58" testListId="8c84fa94-04c1-424b-9868-57a2d4851a1d" />
    <TestEntry testId="39133b66-1118-be20-3ef4-74d5716d7f73" executionId="0ece6c6b-a052-417e-a350-99a26c65d368" testListId="8c84fa94-04c1-424b-9868-57a2d4851a1d" />
    <TestEntry testId="154dbc56-6b54-66d5-55c5-53ad369cb47b" executionId="564bb38d-e3f7-489d-bbcb-d93092cc21fc" testListId="8c84fa94-04c1-424b-9868-57a2d4851a1d" />
    <TestEntry testId="e2d47e5f-6384-9cb5-2939-bbd928c4145e" executionId="05a095c8-9e5b-41b9-806a-181c0f54e824" testListId="8c84fa94-04c1-424b-9868-57a2d4851a1d" />
    <TestEntry testId="0d2fda38-dbf9-9a16-9c82-38c10e88560b" executionId="165e72d0-f071-478f-bfc8-1a71eb2dd42c" testListId="8c84fa94-04c1-424b-9868-57a2d4851a1d" />
    <TestEntry testId="3ca527b8-b2fc-9def-0f43-b8ee266f3e0c" executionId="7ecd22fc-1010-42bb-ab10-4c9ba069201b" testListId="8c84fa94-04c1-424b-9868-57a2d4851a1d" />
    <TestEntry testId="4e481d96-97ff-3a2e-e5c3-9018036848f6" executionId="4daefc64-3d0b-47a4-9160-29482c226c94" testListId="8c84fa94-04c1-424b-9868-57a2d4851a1d" />
    <TestEntry testId="08caad00-8564-8848-0ae8-74dbe96926ae" executionId="3ffe86a5-1626-49bc-bcda-dedfbf993f64" testListId="8c84fa94-04c1-424b-9868-57a2d4851a1d" />
    <TestEntry testId="d63158fd-8c52-8b14-27c9-7ff3e9868840" executionId="a47d9489-1fce-4ac9-885d-f1356e25b03d" testListId="8c84fa94-04c1-424b-9868-57a2d4851a1d" />
    <TestEntry testId="f0cb53d5-0742-fd76-11fd-02ee8b0cc1d3" executionId="cad3d026-38b2-4608-83ee-60609d4ae513" testListId="8c84fa94-04c1-424b-9868-57a2d4851a1d" />
    <TestEntry testId="f1418616-ca6d-6d61-8dde-689ce7fb002b" executionId="08777c02-c1ba-4db1-8bfc-52f14e7e4da9" testListId="8c84fa94-04c1-424b-9868-57a2d4851a1d" />
    <TestEntry testId="143ed397-23a9-3b23-370d-de4bdb2986fc" executionId="f4a56772-2d71-44b4-a3d4-ddd5e9f33529" testListId="8c84fa94-04c1-424b-9868-57a2d4851a1d" />
    <TestEntry testId="06097183-c62e-67a9-b633-ac8f2d5682a7" executionId="7f57d747-c4ed-4917-b0b7-16785752faf6" testListId="8c84fa94-04c1-424b-9868-57a2d4851a1d" />
    <TestEntry testId="995b1411-9313-fa94-9768-40e854fdba34" executionId="53ac8be3-d6c1-4e9b-b446-064d19cca8c0" testListId="8c84fa94-04c1-424b-9868-57a2d4851a1d" />
    <TestEntry testId="f318bb01-5fd5-9f15-7b89-69dcc244a0a5" executionId="2c39ada8-121c-4615-9742-4bb222f8492e" testListId="8c84fa94-04c1-424b-9868-57a2d4851a1d" />
    <TestEntry testId="d7e49ced-3f6b-bb6f-b33e-1f2176e7c41f" executionId="14980d17-5013-441a-82ba-f435bc8fedbf" testListId="8c84fa94-04c1-424b-9868-57a2d4851a1d" />
    <TestEntry testId="e2734050-e8e3-6476-ec35-58e98c546e90" executionId="3b9aa114-200d-4b16-90e9-98781c5de7fc" testListId="8c84fa94-04c1-424b-9868-57a2d4851a1d" />
    <TestEntry testId="5aec2b7d-132d-42c1-4042-63ffe4282d40" executionId="53525c3b-16d0-41cf-b177-50a916274a09" testListId="8c84fa94-04c1-424b-9868-57a2d4851a1d" />
    <TestEntry testId="9ab04eb9-a03b-5b8c-8b86-3a0cffcd0a4f" executionId="273c6ff7-7e50-4b9a-99df-ad2d4c5ad55b" testListId="8c84fa94-04c1-424b-9868-57a2d4851a1d" />
    <TestEntry testId="a3448d90-05c5-5368-f5cc-3190a6c4a769" executionId="89d2a8e6-fc2c-472c-b7e9-3f0d508e81c7" testListId="8c84fa94-04c1-424b-9868-57a2d4851a1d" />
    <TestEntry testId="6d895afd-af87-04b0-d13f-9924c6ba8388" executionId="63353276-470a-4593-ad32-35e29508d3d0" testListId="8c84fa94-04c1-424b-9868-57a2d4851a1d" />
    <TestEntry testId="238e7865-fa45-4898-69fc-eada279b3705" executionId="43553fab-2a4b-4a0c-8c12-d28ce9e96741" testListId="8c84fa94-04c1-424b-9868-57a2d4851a1d" />
    <TestEntry testId="7886a3a6-64f3-08ea-5ecd-aa7122e228c8" executionId="650c28a8-569d-4de4-bc44-239dda985157" testListId="8c84fa94-04c1-424b-9868-57a2d4851a1d" />
    <TestEntry testId="5087997f-dd83-b75c-b649-45a355205ff5" executionId="f9470a30-8562-4544-a454-8152df1e7398" testListId="8c84fa94-04c1-424b-9868-57a2d4851a1d" />
    <TestEntry testId="3e5d5bf2-2f0c-f4dc-6cbb-0b470c56cfdc" executionId="73a10ddc-cc00-4551-8c1c-8afad9cd4840" testListId="8c84fa94-04c1-424b-9868-57a2d4851a1d" />
    <TestEntry testId="cd65b010-8516-d493-a242-573763bc70c8" executionId="278ba94a-d555-490c-a9e1-d01c3ebc8151" testListId="8c84fa94-04c1-424b-9868-57a2d4851a1d" />
    <TestEntry testId="c640d0e6-c2ec-6c76-0942-d780456143cc" executionId="68375e54-4dbf-447c-88dc-406620b47a5c" testListId="8c84fa94-04c1-424b-9868-57a2d4851a1d" />
    <TestEntry testId="f07c3bfd-156e-c249-ba90-d9b86ee9dca0" executionId="da439db1-f2f8-4cac-9a51-070b1b54f071" testListId="8c84fa94-04c1-424b-9868-57a2d4851a1d" />
    <TestEntry testId="d52026f4-9eb1-4a27-ceca-a3570379cb7b" executionId="2ca498f5-5e81-4ddc-8085-a3d846944997" testListId="8c84fa94-04c1-424b-9868-57a2d4851a1d" />
    <TestEntry testId="9050a834-1024-54b1-6436-730a68b540ce" executionId="25eace3e-a8d0-4f43-b9bf-a9b0292570e7" testListId="8c84fa94-04c1-424b-9868-57a2d4851a1d" />
    <TestEntry testId="7bfb9c76-dc27-9331-42f5-4a896b4db93b" executionId="e6d857e6-397f-4277-a8ba-24140e498b34" testListId="8c84fa94-04c1-424b-9868-57a2d4851a1d" />
    <TestEntry testId="1184cf1b-b1d2-93ed-a101-60e3dd0d5be1" executionId="e7a221a4-ed02-479c-beba-4a05974050f7" testListId="8c84fa94-04c1-424b-9868-57a2d4851a1d" />
    <TestEntry testId="1681ecde-f71f-c5c3-40da-86a0042cd253" executionId="c7f1b34a-5398-453e-a098-891fca838e11" testListId="8c84fa94-04c1-424b-9868-57a2d4851a1d" />
    <TestEntry testId="6988dfca-d3d9-5e25-2d0e-c41f18c22f18" executionId="13c5889b-9943-4e06-9c50-f7587ccb3727" testListId="8c84fa94-04c1-424b-9868-57a2d4851a1d" />
    <TestEntry testId="edb3eff3-6b3f-59bc-60d9-2468752fa17b" executionId="f3772109-b960-4b84-a57b-61385cc33e69" testListId="8c84fa94-04c1-424b-9868-57a2d4851a1d" />
    <TestEntry testId="d5707143-a38f-e947-6da5-25c03b6433e3" executionId="b6d9829d-0e2b-4b90-9069-64986e6b0751" testListId="8c84fa94-04c1-424b-9868-57a2d4851a1d" />
    <TestEntry testId="95cd671d-f3c3-fa6f-ac47-6befc833037e" executionId="03e8cc2e-ca1f-4339-a972-1d889130bf8e" testListId="8c84fa94-04c1-424b-9868-57a2d4851a1d" />
    <TestEntry testId="eeb2341c-f08b-64fd-2c4c-80c9754d0b30" executionId="8b2304fb-f1a6-4951-a28e-6fe10a3dea21" testListId="8c84fa94-04c1-424b-9868-57a2d4851a1d" />
    <TestEntry testId="c6d89d05-a51d-435b-dc8d-1be3aed44183" executionId="84c31855-4952-4b62-89e3-415dfa8fac83" testListId="8c84fa94-04c1-424b-9868-57a2d4851a1d" />
    <TestEntry testId="a01b1097-4600-9fac-09ee-564717bee212" executionId="6f7df2a2-02c9-4997-9a9d-05e3883f90e4" testListId="8c84fa94-04c1-424b-9868-57a2d4851a1d" />
    <TestEntry testId="ede33150-583f-4dbe-2ca5-a8a4c79ff71d" executionId="abb5fffd-3038-461a-9041-c0220967a765" testListId="8c84fa94-04c1-424b-9868-57a2d4851a1d" />
[...]
info: Microsoft.EntityFrameworkCore.Database.Command[20101]&#xD;
      Executed DbCommand (0ms) [Parameters=[@normalizedUserName='?' (Size = 54)], CommandType='Text', CommandTimeout='30']&#xD;
      SELECT "u"."Id", "u"."AccessFailedCount", "u"."ConcurrencyStamp", "u"."CreatedAt", "u"."Email", "u"."EmailConfirmed", "u"."FullName", "u"."LockoutEnabled", "u"."LockoutEnd", "u"."NormalizedEmail", "u"."NormalizedUserName", "u"."PasswordHash", "u"."PhoneNumber", "u"."PhoneNumberConfirmed", "u"."SecurityStamp", "u"."TwoFactorEnabled", "u"."UserName"&#xD;
      FROM "Users" AS "u"&#xD;
      WHERE "u"."NormalizedUserName" = @normalizedUserName&#xD;
      LIMIT 1&#xD;
info: Microsoft.EntityFrameworkCore.Database.Command[20101]&#xD;
      Executed DbCommand (0ms) [Parameters=[@normalizedEmail='?' (Size = 54)], CommandType='Text', CommandTimeout='30']&#xD;
      SELECT "u"."Id", "u"."AccessFailedCount", "u"."ConcurrencyStamp", "u"."CreatedAt", "u"."Email", "u"."EmailConfirmed", "u"."FullName", "u"."LockoutEnabled", "u"."LockoutEnd", "u"."NormalizedEmail", "u"."NormalizedUserName", "u"."PasswordHash", "u"."PhoneNumber", "u"."PhoneNumberConfirmed", "u"."SecurityStamp", "u"."TwoFactorEnabled", "u"."UserName"&#xD;
      FROM "Users" AS "u"&#xD;
      WHERE "u"."NormalizedEmail" = @normalizedEmail&#xD;
      LIMIT 2&#xD;
info: Microsoft.EntityFrameworkCore.Database.Command[20101]&#xD;
      Executed DbCommand (1ms) [Parameters=[@p0='?' (Size = 36), @p1='?' (DbType = Int32), @p2='?' (Size = 36), @p3='?' (DbType = DateTime), @p4='?' (Size = 54), @p5='?' (DbType = Boolean), @p6='?' (Size = 9), @p7='?' (DbType = Boolean), @p8='?' (DbType = DateTimeOffset), @p9='?' (Size = 54), @p10='?' (Size = 54), @p11='?' (Size = 84), @p12='?', @p13='?' (DbType = Boolean), @p14='?' (Size = 32), @p15='?' (DbType = Boolean), @p16='?' (Size = 54)], CommandType='Text', CommandTimeout='30']&#xD;
      INSERT INTO "Users" ("Id", "AccessFailedCount", "ConcurrencyStamp", "CreatedAt", "Email", "EmailConfirmed", "FullName", "LockoutEnabled", "LockoutEnd", "NormalizedEmail", "NormalizedUserName", "PasswordHash", "PhoneNumber", "PhoneNumberConfirmed", "SecurityStamp", "TwoFactorEnabled", "UserName")&#xD;
      VALUES (@p0, @p1, @p2, @p3, @p4, @p5, @p6, @p7, @p8, @p9, @p10, @p11, @p12, @p13, @p14, @p15, @p16);&#xD;
info: Microsoft.EntityFrameworkCore.Database.Command[20101]&#xD;
      Executed DbCommand (0ms) [Parameters=[@normalizedRoleName='?' (Size = 8)], CommandType='Text', CommandTimeout='30']&#xD;
      SELECT "r"."Id", "r"."ConcurrencyStamp", "r"."Name", "r"."NormalizedName"&#xD;
      FROM "Roles" AS "r"&#xD;
      WHERE "r"."NormalizedName" = @normalizedRoleName&#xD;
      LIMIT 2&#xD;
info: Microsoft.EntityFrameworkCore.Database.Command[20101]&#xD;
      Executed DbCommand (0ms) [Parameters=[@p='?' (Size = 36), @p1='?' (Size = 36)], CommandType='Text', CommandTimeout='30']&#xD;
      SELECT "u"."UserId", "u"."RoleId"&#xD;
      FROM "UserRoles" AS "u"&#xD;
      WHERE "u"."UserId" = @p AND "u"."RoleId" = @p1&#xD;
      LIMIT 1&#xD;
info: Microsoft.EntityFrameworkCore.Database.Command[20101]&#xD;
      Executed DbCommand (0ms) [Parameters=[@normalizedRoleName='?' (Size = 8)], CommandType='Text', CommandTimeout='30']&#xD;
      SELECT "r"."Id", "r"."ConcurrencyStamp", "r"."Name", "r"."NormalizedName"&#xD;
      FROM "Roles" AS "r"&#xD;
      WHERE "r"."NormalizedName" = @normalizedRoleName&#xD;
      LIMIT 2&#xD;
info: Microsoft.EntityFrameworkCore.Database.Command[20101]&#xD;
      Executed DbCommand (0ms) [Parameters=[@normalizedUserName='?' (Size = 54)], CommandType='Text', CommandTimeout='30']&#xD;
      SELECT "u"."Id", "u"."AccessFailedCount", "u"."ConcurrencyStamp", "u"."CreatedAt", "u"."Email", "u"."EmailConfirmed", "u"."FullName", "u"."LockoutEnabled", "u"."LockoutEnd", "u"."NormalizedEmail", "u"."NormalizedUserName", "u"."PasswordHash", "u"."PhoneNumber", "u"."PhoneNumberConfirmed", "u"."SecurityStamp", "u"."TwoFactorEnabled", "u"."UserName"&#xD;
      FROM "Users" AS "u"&#xD;
      WHERE "u"."NormalizedUserName" = @normalizedUserName&#xD;
      LIMIT 1&#xD;
info: Microsoft.EntityFrameworkCore.Database.Command[20101]&#xD;
      Executed DbCommand (0ms) [Parameters=[@normalizedEmail='?' (Size = 54)], CommandType='Text', CommandTimeout='30']&#xD;
      SELECT "u"."Id", "u"."AccessFailedCount", "u"."ConcurrencyStamp", "u"."CreatedAt", "u"."Email", "u"."EmailConfirmed", "u"."FullName", "u"."LockoutEnabled", "u"."LockoutEnd", "u"."NormalizedEmail", "u"."NormalizedUserName", "u"."PasswordHash", "u"."PhoneNumber", "u"."PhoneNumberConfirmed", "u"."SecurityStamp", "u"."TwoFactorEnabled", "u"."UserName"&#xD;
      FROM "Users" AS "u"&#xD;
      WHERE "u"."NormalizedEmail" = @normalizedEmail&#xD;
      LIMIT 2&#xD;
info: Microsoft.EntityFrameworkCore.Database.Command[20101]&#xD;
      Executed DbCommand (0ms) [Parameters=[@p0='?' (Size = 36), @p1='?' (Size = 36)], CommandType='Text', CommandTimeout='30']&#xD;
      INSERT INTO "UserRoles" ("RoleId", "UserId")&#xD;
      VALUES (@p0, @p1);&#xD;
info: Microsoft.EntityFrameworkCore.Database.Command[20101]&#xD;
      Executed DbCommand (0ms) [Parameters=[@p16='?' (Size = 36), @p0='?' (DbType = Int32), @p1='?' (Size = 36), @p17='?' (Size = 36), @p2='?' (DbType = DateTime), @p3='?' (Size = 54), @p4='?' (DbType = Boolean), @p5='?' (Size = 9), @p6='?' (DbType = Boolean), @p7='?' (DbType = DateTimeOffset), @p8='?' (Size = 54), @p9='?' (Size = 54), @p10='?' (Size = 84), @p11='?', @p12='?' (DbType = Boolean), @p13='?' (Size = 32), @p14='?' (DbType = Boolean), @p15='?' (Size = 54)], CommandType='Text', CommandTimeout='30']&#xD;
      UPDATE "Users" SET "AccessFailedCount" = @p0, "ConcurrencyStamp" = @p1, "CreatedAt" = @p2, "Email" = @p3, "EmailConfirmed" = @p4, "FullName" = @p5, "LockoutEnabled" = @p6, "LockoutEnd" = @p7, "NormalizedEmail" = @p8, "NormalizedUserName" = @p9, "PasswordHash" = @p10, "PhoneNumber" = @p11, "PhoneNumberConfirmed" = @p12, "SecurityStamp" = @p13, "TwoFactorEnabled" = @p14, "UserName" = @p15&#xD;
      WHERE "Id" = @p16 AND "ConcurrencyStamp" = @p17&#xD;
      RETURNING 1;&#xD;
info: Microsoft.EntityFrameworkCore.Database.Command[20101]&#xD;
      Executed DbCommand (0ms) [Parameters=[@userId='?' (Size = 36)], CommandType='Text', CommandTimeout='30']&#xD;
      SELECT "r"."Name"&#xD;
      FROM "UserRoles" AS "u"&#xD;
      INNER JOIN "Roles" AS "r" ON "u"."RoleId" = "r"."Id"&#xD;
      WHERE "u"."UserId" = @userId&#xD;
info: Microsoft.EntityFrameworkCore.Database.Command[20101]&#xD;
      Executed DbCommand (0ms) [Parameters=[@p='?' (Size = 36), @p1='?' (Size = 11), @p2='?' (Size = 12)], CommandType='Text', CommandTimeout='30']&#xD;
      SELECT "u"."UserId", "u"."LoginProvider", "u"."Name", "u"."Value"&#xD;
      FROM "UserTokens" AS "u"&#xD;
      WHERE "u"."UserId" = @p AND "u"."LoginProvider" = @p1 AND "u"."Name" = @p2&#xD;
      LIMIT 1&#xD;
info: Microsoft.EntityFrameworkCore.Database.Command[20101]&#xD;
      Executed DbCommand (0ms) [Parameters=[@normalizedUserName='?' (Size = 54)], CommandType='Text', CommandTimeout='30']&#xD;
      SELECT "u"."Id", "u"."AccessFailedCount", "u"."ConcurrencyStamp", "u"."CreatedAt", "u"."Email", "u"."EmailConfirmed", "u"."FullName", "u"."LockoutEnabled", "u"."LockoutEnd", "u"."NormalizedEmail", "u"."NormalizedUserName", "u"."PasswordHash", "u"."PhoneNumber", "u"."PhoneNumberConfirmed", "u"."SecurityStamp", "u"."TwoFactorEnabled", "u"."UserName"&#xD;
      FROM "Users" AS "u"&#xD;
      WHERE "u"."NormalizedUserName" = @normalizedUserName&#xD;
      LIMIT 1&#xD;
info: Microsoft.EntityFrameworkCore.Database.Command[20101]&#xD;
      Executed DbCommand (0ms) [Parameters=[@normalizedEmail='?' (Size = 54)], CommandType='Text', CommandTimeout='30']&#xD;
      SELECT "u"."Id", "u"."AccessFailedCount", "u"."ConcurrencyStamp", "u"."CreatedAt", "u"."Email", "u"."EmailConfirmed", "u"."FullName", "u"."LockoutEnabled", "u"."LockoutEnd", "u"."NormalizedEmail", "u"."NormalizedUserName", "u"."PasswordHash", "u"."PhoneNumber", "u"."PhoneNumberConfirmed", "u"."SecurityStamp", "u"."TwoFactorEnabled", "u"."UserName"&#xD;
      FROM "Users" AS "u"&#xD;
      WHERE "u"."NormalizedEmail" = @normalizedEmail&#xD;
      LIMIT 2&#xD;
info: Microsoft.EntityFrameworkCore.Database.Command[20101]&#xD;
      Executed DbCommand (0ms) [Parameters=[@p0='?' (Size = 11), @p1='?' (Size = 12), @p2='?' (Size = 36), @p3='?' (Size = 88)], CommandType='Text', CommandTimeout='30']&#xD;
      INSERT INTO "UserTokens" ("LoginProvider", "Name", "UserId", "Value")&#xD;
      VALUES (@p0, @p1, @p2, @p3);&#xD;
info: Microsoft.EntityFrameworkCore.Database.Command[20101]&#xD;
      Executed DbCommand (0ms) [Parameters=[@p16='?' (Size = 36), @p0='?' (DbType = Int32), @p1='?' (Size = 36), @p17='?' (Size = 36), @p2='?' (DbType = DateTime), @p3='?' (Size = 54), @p4='?' (DbType = Boolean), @p5='?' (Size = 9), @p6='?' (DbType = Boolean), @p7='?' (DbType = DateTimeOffset), @p8='?' (Size = 54), @p9='?' (Size = 54), @p10='?' (Size = 84), @p11='?', @p12='?' (DbType = Boolean), @p13='?' (Size = 32), @p14='?' (DbType = Boolean), @p15='?' (Size = 54)], CommandType='Text', CommandTimeout='30']&#xD;
      UPDATE "Users" SET "AccessFailedCount" = @p0, "ConcurrencyStamp" = @p1, "CreatedAt" = @p2, "Email" = @p3, "EmailConfirmed" = @p4, "FullName" = @p5, "LockoutEnabled" = @p6, "LockoutEnd" = @p7, "NormalizedEmail" = @p8, "NormalizedUserName" = @p9, "PasswordHash" = @p10, "PhoneNumber" = @p11, "PhoneNumberConfirmed" = @p12, "SecurityStamp" = @p13, "TwoFactorEnabled" = @p14, "UserName" = @p15&#xD;
      WHERE "Id" = @p16 AND "ConcurrencyStamp" = @p17&#xD;
      RETURNING 1;&#xD;
info: Microsoft.AspNetCore.Http.Result.OkObjectResult[1]&#xD;
      Setting HTTP status code 200.&#xD;
info: Microsoft.AspNetCore.Http.Result.OkObjectResult[3]&#xD;
      Writing value of type 'AuthResponse' as Json.&#xD;
info: Microsoft.AspNetCore.Routing.EndpointMiddleware[1]&#xD;
      Executed endpoint 'HTTP: POST /api/auth/register'&#xD;
info: Microsoft.AspNetCore.Hosting.Diagnostics[2]&#xD;
      Request finished HTTP/1.1 POST http://localhost/api/auth/register - 200 - application/json;+charset=utf-8 70.4618ms&#xD;
info: Microsoft.AspNetCore.Hosting.Diagnostics[1]&#xD;
      Request starting HTTP/1.1 POST http://localhost/api/orders - application/json;+charset=utf-8 28&#xD;
info: Microsoft.AspNetCore.Routing.EndpointMiddleware[0]&#xD;
      Executing endpoint 'HTTP: POST /api/orders/'&#xD;
info: Microsoft.AspNetCore.Routing.EndpointMiddleware[1]&#xD;
      Executed endpoint 'HTTP: POST /api/orders/'&#xD;
warn: BeautyStore.Api.Middleware.ExceptionHandlingMiddleware[0]&#xD;
      Exception ValidationException | POST /api/orders | Status 400 | User 4bd96496-1cac-45cc-a688-f6310e2d71e4 | TraceId 0HNMJFUNVK7IN&#xD;
      BeautyStore.Api.Exceptions.ValidationException: Quantity must be at least 1.&#xD;
         at BeautyStore.Api.Orders.OrderEndpoints.&lt;&gt;c.&lt;&lt;MapOrderEndpoints&gt;b__0_0&gt;d.MoveNext() in D:\thinkschool\BeautyStoreCapstone\src\BeautyStore.Api\Orders\OrderEndpoints.cs:line 30&#xD;
      --- End of stack trace from previous location ---&#xD;
         at Microsoft.AspNetCore.Http.RequestDelegateFactory.ExecuteTaskResult[T](Task`1 task, HttpContext httpContext)&#xD;
         at Microsoft.AspNetCore.Http.RequestDelegateFactory.&lt;&gt;c__DisplayClass102_2.&lt;&lt;HandleRequestBodyAndCompileRequestDelegateForJson&gt;b__2&gt;d.MoveNext()&#xD;
      --- End of stack trace from previous location ---&#xD;
         at Microsoft.AspNetCore.Routing.EndpointMiddleware.&lt;Invoke&gt;g__AwaitRequestTask|7_0(Endpoint endpoint, Task requestTask, ILogger logger)&#xD;
         at Microsoft.AspNetCore.Authorization.AuthorizationMiddleware.Invoke(HttpContext context)&#xD;
         at Microsoft.AspNetCore.Authentication.AuthenticationMiddleware.Invoke(HttpContext context)&#xD;
         at Microsoft.AspNetCore.RateLimiting.RateLimitingMiddleware.InvokeInternal(HttpContext context, EnableRateLimitingAttribute enableRateLimitingAttribute)&#xD;
         at Program.&lt;&gt;c.&lt;&lt;&lt;Main&gt;$&gt;b__0_8&gt;d.MoveNext() in D:\thinkschool\BeautyStoreCapstone\src\BeautyStore.Api\Program.cs:line 245&#xD;
      --- End of stack trace from previous location ---&#xD;
         at Microsoft.AspNetCore.Diagnostics.StatusCodePagesMiddleware.Invoke(HttpContext context)&#xD;
         at BeautyStore.Api.Middleware.ExceptionHandlingMiddleware.InvokeAsync(HttpContext context) in D:\thinkschool\BeautyStoreCapstone\src\BeautyStore.Api\Middleware\ExceptionHandlingMiddleware.cs:line 26&#xD;
info: Microsoft.AspNetCore.Hosting.Diagnostics[2]&#xD;
      Request finished HTTP/1.1 POST http://localhost/api/orders - 400 - application/problem+json 4.0345ms&#xD;
info: Microsoft.AspNetCore.Hosting.Diagnostics[1]&#xD;
      Request starting HTTP/1.1 GET http://localhost/api/catalog/products/88888 - - -&#xD;
info: Microsoft.AspNetCore.Routing.EndpointMiddleware[0]&#xD;
      Executing endpoint 'HTTP: GET /api/catalog/products/{id:int}'&#xD;
info: Microsoft.EntityFrameworkCore.Database.Command[20101]&#xD;
      Executed DbCommand (0ms) [Parameters=[@id='?' (DbType = Int32)], CommandType='Text', CommandTimeout='30']&#xD;
      SELECT "p"."Id", "p"."CategoryId", "c"."Name" AS "CategoryName", "c"."Slug" AS "CategorySlug", "p"."Name", "p"."Brand", "p"."Description", "p"."Price", "p"."Rating", "p"."Stock", "p"."ImageUrl", "p"."IsFeatured"&#xD;
      FROM "Products" AS "p"&#xD;
      INNER JOIN "Categories" AS "c" ON "p"."CategoryId" = "c"."Id"&#xD;
      WHERE "p"."Id" = @id AND "p"."IsActive"&#xD;
      LIMIT 1&#xD;
info: Microsoft.AspNetCore.Routing.EndpointMiddleware[1]&#xD;
      Executed endpoint 'HTTP: GET /api/catalog/products/{id:int}'&#xD;
warn: BeautyStore.Api.Middleware.ExceptionHandlingMiddleware[0]&#xD;
      Exception NotFoundException | GET /api/catalog/products/88888 | Status 404 | User anonymous | TraceId 0HNMJFUNVK7IO&#xD;
      BeautyStore.Api.Exceptions.NotFoundException: Product 88888 not found.&#xD;
         at BeautyStore.Api.Catalog.CatalogEndpoints.&lt;&gt;c.&lt;&lt;MapCatalogEndpoints&gt;b__0_2&gt;d.MoveNext() in D:\thinkschool\BeautyStoreCapstone\src\BeautyStore.Api\Catalog\CatalogEndpoints.cs:line 80&#xD;
      --- End of stack trace from previous location ---&#xD;
         at Microsoft.AspNetCore.Http.RequestDelegateFactory.ExecuteTaskResult[T](Task`1 task, HttpContext httpContext)&#xD;
         at Microsoft.AspNetCore.Routing.EndpointMiddleware.&lt;Invoke&gt;g__AwaitRequestTask|7_0(Endpoint endpoint, Task requestTask, ILogger logger)&#xD;
         at Microsoft.AspNetCore.Authorization.AuthorizationMiddleware.Invoke(HttpContext context)&#xD;
         at Microsoft.AspNetCore.Authentication.AuthenticationMiddleware.Invoke(HttpContext context)&#xD;
         at Microsoft.AspNetCore.RateLimiting.RateLimitingMiddleware.InvokeInternal(HttpContext context, EnableRateLimitingAttribute enableRateLimitingAttribute)&#xD;
         at Program.&lt;&gt;c.&lt;&lt;&lt;Main&gt;$&gt;b__0_8&gt;d.MoveNext() in D:\thinkschool\BeautyStoreCapstone\src\BeautyStore.Api\Program.cs:line 245&#xD;
      --- End of stack trace from previous location ---&#xD;
         at Microsoft.AspNetCore.Diagnostics.StatusCodePagesMiddleware.Invoke(HttpContext context)&#xD;
         at BeautyStore.Api.Middleware.ExceptionHandlingMiddleware.InvokeAsync(HttpContext context) in D:\thinkschool\BeautyStoreCapstone\src\BeautyStore.Api\Middleware\ExceptionHandlingMiddleware.cs:line 26&#xD;
info: Microsoft.AspNetCore.Hosting.Diagnostics[2]&#xD;
      Request finished HTTP/1.1 GET http://localhost/api/catalog/products/88888 - 404 - application/problem+json 2.7580ms&#xD;
info: Microsoft.AspNetCore.Hosting.Diagnostics[1]&#xD;
      Request starting HTTP/1.1 GET http://localhost/api/catalog/products - - -&#xD;
info: Microsoft.AspNetCore.Routing.EndpointMiddleware[0]&#xD;
      Executing endpoint 'HTTP: GET /api/catalog/products'&#xD;
info: Microsoft.EntityFrameworkCore.Database.Command[20101]&#xD;
      Executed DbCommand (0ms) [Parameters=[], CommandType='Text', CommandTimeout='30']&#xD;
      SELECT COUNT(*)&#xD;
      FROM "Products" AS "p"&#xD;
      WHERE "p"."IsActive"&#xD;
info: Microsoft.EntityFrameworkCore.Database.Command[20101]&#xD;
      Executed DbCommand (0ms) [Parameters=[@p1='?' (DbType = Int32), @p='?' (DbType = Int32)], CommandType='Text', CommandTimeout='30']&#xD;
      SELECT "p0"."Id", "p0"."CategoryId", "c"."Name", "p0"."Name", "p0"."Brand", "p0"."Price", "p0"."Rating", "p0"."Stock", "p0"."ImageUrl", "p0"."IsFeatured"&#xD;
      FROM (&#xD;
          SELECT "p"."Id", "p"."Brand", "p"."CategoryId", "p"."ImageUrl", "p"."IsFeatured", "p"."Name", "p"."Price", "p"."Rating", "p"."Stock"&#xD;
          FROM "Products" AS "p"&#xD;
          WHERE "p"."IsActive"&#xD;
          ORDER BY "p"."IsFeatured" DESC, "p"."Id"&#xD;
          LIMIT @p1 OFFSET @p&#xD;
      ) AS "p0"&#xD;
      INNER JOIN "Categories" AS "c" ON "p0"."CategoryId" = "c"."Id"&#xD;
      ORDER BY "p0"."IsFeatured" DESC, "p0"."Id"&#xD;
info: Microsoft.AspNetCore.Http.Result.OkObjectResult[1]&#xD;
      Setting HTTP status code 200.&#xD;
info: Microsoft.AspNetCore.Http.Result.OkObjectResult[3]&#xD;
      Writing value of type 'PagedResult`1' as Json.&#xD;
info: Microsoft.AspNetCore.Routing.EndpointMiddleware[1]&#xD;
      Executed endpoint 'HTTP: GET /api/catalog/products'&#xD;
info: Microsoft.AspNetCore.Hosting.Diagnostics[2]&#xD;
      Request finished HTTP/1.1 GET http://localhost/api/catalog/products - 200 - application/json;+charset=utf-8 4.6633ms&#xD;
info: Microsoft.AspNetCore.Hosting.Diagnostics[1]&#xD;
      Request starting HTTP/1.1 GET http://localhost/api/catalog/products - - -&#xD;
info: Microsoft.AspNetCore.Routing.EndpointMiddleware[0]&#xD;
      Executing endpoint 'HTTP: GET /api/catalog/products'&#xD;
info: Microsoft.EntityFrameworkCore.Database.Command[20101]&#xD;
      Executed DbCommand (0ms) [Parameters=[], CommandType='Text', CommandTimeout='30']&#xD;
      SELECT COUNT(*)&#xD;
      FROM "Products" AS "p"&#xD;
      WHERE "p"."IsActive"&#xD;
info: Microsoft.EntityFrameworkCore.Database.Command[20101]&#xD;
      Executed DbCommand (0ms) [Parameters=[@p1='?' (DbType = Int32), @p='?' (DbType = Int32)], CommandType='Text', CommandTimeout='30']&#xD;
      SELECT "p0"."Id", "p0"."CategoryId", "c"."Name", "p0"."Name", "p0"."Brand", "p0"."Price", "p0"."Rating", "p0"."Stock", "p0"."ImageUrl", "p0"."IsFeatured"&#xD;
      FROM (&#xD;
          SELECT "p"."Id", "p"."Brand", "p"."CategoryId", "p"."ImageUrl", "p"."IsFeatured", "p"."Name", "p"."Price", "p"."Rating", "p"."Stock"&#xD;
          FROM "Products" AS "p"&#xD;
          WHERE "p"."IsActive"&#xD;
          ORDER BY "p"."IsFeatured" DESC, "p"."Id"&#xD;
          LIMIT @p1 OFFSET @p&#xD;
      ) AS "p0"&#xD;
      INNER JOIN "Categories" AS "c" ON "p0"."CategoryId" = "c"."Id"&#xD;
      ORDER BY "p0"."IsFeatured" DESC, "p0"."Id"&#xD;
info: Microsoft.AspNetCore.Http.Result.OkObjectResult[1]&#xD;
      Setting HTTP status code 200.&#xD;
info: Microsoft.AspNetCore.Http.Result.OkObjectResult[3]&#xD;
      Writing value of type 'PagedResult`1' as Json.&#xD;
info: Microsoft.AspNetCore.Routing.EndpointMiddleware[1]&#xD;
      Executed endpoint 'HTTP: GET /api/catalog/products'&#xD;
info: Microsoft.AspNetCore.Hosting.Diagnostics[2]&#xD;
      Request finished HTTP/1.1 GET http://localhost/api/catalog/products - 200 - application/json;+charset=utf-8 3.5923ms&#xD;
info: Microsoft.Hosting.Lifetime[0]&#xD;
      Application is shutting down...&#xD;
[xUnit.net 00:00:09.97]   Finished:    BeautyStore.IntegrationTests&#xD;
</StdOut>
    </Output>
    <RunInfos>
      <RunInfo computerName="PRATIKSHA" outcome="Error" timestamp="2026-06-26T18:07:33.5635461+05:30">
        <Text>[xUnit.net 00:00:08.39]     BeautyStore.IntegrationTests.E2EFlowTests.FullPurchaseFlow_RegisterLoginOrderRetrieve [FAIL]</Text>
      </RunInfo>
    </RunInfos>
  </ResultSummary>
</TestRun>