<?xml version="1.0" encoding="utf-8"?>
<TestRun id="9985792d-1f64-4fc7-90ac-33ba23d7e352" name="psapk@PRATIKSHA 2026-06-26 18:01:40" runUser="PRATIKSHA\psapk" xmlns="http://microsoft.com/schemas/VisualStudio/TeamTest/2010">
  <Times creation="2026-06-26T18:01:40.1316394+05:30" queuing="2026-06-26T18:01:40.1316401+05:30" start="2026-06-26T18:01:35.4929389+05:30" finish="2026-06-26T18:01:43.9585068+05:30" />
  <TestSettings name="default" id="96b989b5-387a-4d63-a1aa-c11ec47a2e40">
    <Deployment runDeploymentRoot="psapk_PRATIKSHA_2026-06-26_18_01_40" />
  </TestSettings>
  <Results>
    <UnitTestResult executionId="eae6522d-645a-48bc-9c4e-44963a62bc5e" testId="2c5ceda6-412b-1506-b48f-345531c5e221" testName="BeautyStore.IntegrationTests.AuthEndpointsTests.Login_NonExistentEmail_Returns401" computerName="PRATIKSHA" duration="00:00:00.0010000" startTime="2026-06-26T18:01:41.2035397+05:30" endTime="2026-06-26T18:01:41.2035398+05:30" testType="13cdc9d9-ddb5-4fa4-a97d-d965ccfc6d4b" outcome="Failed" testListId="8c84fa94-04c1-424b-9868-57a2d4851a1d" relativeResultsDirectory="eae6522d-645a-48bc-9c4e-44963a62bc5e">
      <Output>
        <ErrorInfo>
          <Message>[Test Class Cleanup Failure (BeautyStore.IntegrationTests.AuthEndpointsTests)]: System.IO.IOException : The process cannot access the file 'D:\thinkschool\BeautyStoreCapstone\tests\BeautyStore.IntegrationTests\bin\Release\net10.0\bstest-0f851d526f8e40a0b7fef8561fb8845c.db' because it is being used by another process.</Message>
          <StackTrace>   at System.IO.FileSystem.DeleteFile(String fullPath)&#xD;
   at BeautyStore.IntegrationTests.BeautyStoreWebApplicationFactory.DisposeAsync() in D:\thinkschool\BeautyStoreCapstone\tests\BeautyStore.IntegrationTests\BeautyStoreWebApplicationFactory.cs:line 151</StackTrace>
        </ErrorInfo>
      </Output>
    </UnitTestResult>
    <UnitTestResult executionId="3efebe58-bd2d-400d-9d4c-fbaefc9de0bb" testId="6988dfca-d3d9-5e25-2d0e-c41f18c22f18" testName="BeautyStore.IntegrationTests.ProblemDetailsTests.PlaceOrder_QuantityZero_Returns400ProblemDetails" computerName="PRATIKSHA" duration="00:00:00.0717483" startTime="2026-06-26T18:01:43.8202220+05:30" endTime="2026-06-26T18:01:43.8202224+05:30" testType="13cdc9d9-ddb5-4fa4-a97d-d965ccfc6d4b" outcome="Passed" testListId="8c84fa94-04c1-424b-9868-57a2d4851a1d" relativeResultsDirectory="3efebe58-bd2d-400d-9d4c-fbaefc9de0bb" />
    <UnitTestResult executionId="ad22f5f9-146c-4f23-8186-ead9ab51a7fe" testId="2c5ceda6-412b-1506-b48f-345531c5e221" testName="BeautyStore.IntegrationTests.AuthEndpointsTests.Login_NonExistentEmail_Returns401" computerName="PRATIKSHA" duration="00:00:00.0057352" startTime="2026-06-26T18:01:40.7644219+05:30" endTime="2026-06-26T18:01:40.7644223+05:30" testType="13cdc9d9-ddb5-4fa4-a97d-d965ccfc6d4b" outcome="Passed" testListId="8c84fa94-04c1-424b-9868-57a2d4851a1d" relativeResultsDirectory="ad22f5f9-146c-4f23-8186-ead9ab51a7fe" />
    <UnitTestResult executionId="23abc919-51be-4329-8702-02e83a0dec8d" testId="f07c3bfd-156e-c249-ba90-d9b86ee9dca0" testName="BeautyStore.IntegrationTests.CatalogEndpointsTests.GetProducts_Pagination_ReturnsCorrectPage" computerName="PRATIKSHA" duration="00:00:00.0010000" startTime="2026-06-26T18:01:41.7032691+05:30" endTime="2026-06-26T18:01:41.7032691+05:30" testType="13cdc9d9-ddb5-4fa4-a97d-d965ccfc6d4b" outcome="Failed" testListId="8c84fa94-04c1-424b-9868-57a2d4851a1d" relativeResultsDirectory="23abc919-51be-4329-8702-02e83a0dec8d">
      <Output>
        <ErrorInfo>
          <Message>[Test Class Cleanup Failure (BeautyStore.IntegrationTests.CatalogEndpointsTests)]: System.IO.IOException : The process cannot access the file 'D:\thinkschool\BeautyStoreCapstone\tests\BeautyStore.IntegrationTests\bin\Release\net10.0\bstest-350f87ce0d204e04810a62cce9e278ed.db' because it is being used by another process.</Message>
          <StackTrace>   at System.IO.FileSystem.DeleteFile(String fullPath)&#xD;
   at BeautyStore.IntegrationTests.BeautyStoreWebApplicationFactory.DisposeAsync() in D:\thinkschool\BeautyStoreCapstone\tests\BeautyStore.IntegrationTests\BeautyStoreWebApplicationFactory.cs:line 151</StackTrace>
        </ErrorInfo>
      </Output>
    </UnitTestResult>
    <UnitTestResult executionId="68cf306a-fbb3-4268-b535-8245d9a541fe" testId="eeb2341c-f08b-64fd-2c4c-80c9754d0b30" testName="BeautyStore.IntegrationTests.AuthEndpointsTests.Me_WithInvalidJwt_Returns401" computerName="PRATIKSHA" duration="00:00:00.0010000" startTime="2026-06-26T18:01:41.2041183+05:30" endTime="2026-06-26T18:01:41.2041183+05:30" testType="13cdc9d9-ddb5-4fa4-a97d-d965ccfc6d4b" outcome="Failed" testListId="8c84fa94-04c1-424b-9868-57a2d4851a1d" relativeResultsDirectory="68cf306a-fbb3-4268-b535-8245d9a541fe">
      <Output>
        <ErrorInfo>
          <Message>[Test Class Cleanup Failure (BeautyStore.IntegrationTests.AuthEndpointsTests)]: System.IO.IOException : The process cannot access the file 'D:\thinkschool\BeautyStoreCapstone\tests\BeautyStore.IntegrationTests\bin\Release\net10.0\bstest-0f851d526f8e40a0b7fef8561fb8845c.db' because it is being used by another process.</Message>
          <StackTrace>   at System.IO.FileSystem.DeleteFile(String fullPath)&#xD;
   at BeautyStore.IntegrationTests.BeautyStoreWebApplicationFactory.DisposeAsync() in D:\thinkschool\BeautyStoreCapstone\tests\BeautyStore.IntegrationTests\BeautyStoreWebApplicationFactory.cs:line 151</StackTrace>
        </ErrorInfo>
      </Output>
    </UnitTestResult>
    <UnitTestResult executionId="12514717-b71a-4923-bba0-3a05b582e9fc" testId="95cd671d-f3c3-fa6f-ac47-6befc833037e" testName="BeautyStore.IntegrationTests.AuthEndpointsTests.Register_DuplicateEmail_Returns400" computerName="PRATIKSHA" duration="00:00:00.0010000" startTime="2026-06-26T18:01:41.2035244+05:30" endTime="2026-06-26T18:01:41.2035245+05:30" testType="13cdc9d9-ddb5-4fa4-a97d-d965ccfc6d4b" outcome="Failed" testListId="8c84fa94-04c1-424b-9868-57a2d4851a1d" relativeResultsDirectory="12514717-b71a-4923-bba0-3a05b582e9fc">
      <Output>
        <ErrorInfo>
          <Message>[Test Class Cleanup Failure (BeautyStore.IntegrationTests.AuthEndpointsTests)]: System.IO.IOException : The process cannot access the file 'D:\thinkschool\BeautyStoreCapstone\tests\BeautyStore.IntegrationTests\bin\Release\net10.0\bstest-0f851d526f8e40a0b7fef8561fb8845c.db' because it is being used by another process.</Message>
          <StackTrace>   at System.IO.FileSystem.DeleteFile(String fullPath)&#xD;
   at BeautyStore.IntegrationTests.BeautyStoreWebApplicationFactory.DisposeAsync() in D:\thinkschool\BeautyStoreCapstone\tests\BeautyStore.IntegrationTests\BeautyStoreWebApplicationFactory.cs:line 151</StackTrace>
        </ErrorInfo>
      </Output>
    </UnitTestResult>
    <UnitTestResult executionId="078e98c7-59c5-40f7-8d75-0db3e9f9fd73" testId="e2734050-e8e3-6476-ec35-58e98c546e90" testName="BeautyStore.IntegrationTests.ProblemDetailsTests.AllResponses_IncludeXContentTypeOptionsHeader" computerName="PRATIKSHA" duration="00:00:00.0010000" startTime="2026-06-26T18:01:43.8427916+05:30" endTime="2026-06-26T18:01:43.8427916+05:30" testType="13cdc9d9-ddb5-4fa4-a97d-d965ccfc6d4b" outcome="Failed" testListId="8c84fa94-04c1-424b-9868-57a2d4851a1d" relativeResultsDirectory="078e98c7-59c5-40f7-8d75-0db3e9f9fd73">
      <Output>
        <ErrorInfo>
          <Message>[Test Class Cleanup Failure (BeautyStore.IntegrationTests.ProblemDetailsTests)]: System.IO.IOException : The process cannot access the file 'D:\thinkschool\BeautyStoreCapstone\tests\BeautyStore.IntegrationTests\bin\Release\net10.0\bstest-0ad7afb5c1964afcbaca6dc0b52a0714.db' because it is being used by another process.</Message>
          <StackTrace>   at System.IO.FileSystem.DeleteFile(String fullPath)&#xD;
   at BeautyStore.IntegrationTests.BeautyStoreWebApplicationFactory.DisposeAsync() in D:\thinkschool\BeautyStoreCapstone\tests\BeautyStore.IntegrationTests\BeautyStoreWebApplicationFactory.cs:line 151</StackTrace>
        </ErrorInfo>
      </Output>
    </UnitTestResult>
    <UnitTestResult executionId="22ccc991-176b-4a35-9d69-2f26d474c8e3" testId="cc1e6d0d-cd4a-a9bc-344c-bfdfe60fc62d" testName="BeautyStore.IntegrationTests.AuthEndpointsTests.Register_WeakPassword_Returns400" computerName="PRATIKSHA" duration="00:00:00.0032452" startTime="2026-06-26T18:01:41.0345783+05:30" endTime="2026-06-26T18:01:41.0345784+05:30" testType="13cdc9d9-ddb5-4fa4-a97d-d965ccfc6d4b" outcome="Passed" testListId="8c84fa94-04c1-424b-9868-57a2d4851a1d" relativeResultsDirectory="22ccc991-176b-4a35-9d69-2f26d474c8e3" />
    <UnitTestResult executionId="3382c415-ac9b-4905-8027-a0ea8c25a317" testId="e71c7e42-22ac-660a-d1eb-ca2ac705ba5d" testName="BeautyStore.IntegrationTests.OrderEndpointsTests.DeleteOrder_OwnOrder_Returns204" computerName="PRATIKSHA" duration="00:00:00.0010000" startTime="2026-06-26T18:01:43.5320698+05:30" endTime="2026-06-26T18:01:43.5320698+05:30" testType="13cdc9d9-ddb5-4fa4-a97d-d965ccfc6d4b" outcome="Failed" testListId="8c84fa94-04c1-424b-9868-57a2d4851a1d" relativeResultsDirectory="3382c415-ac9b-4905-8027-a0ea8c25a317">
      <Output>
        <ErrorInfo>
          <Message>[Test Class Cleanup Failure (BeautyStore.IntegrationTests.OrderEndpointsTests)]: System.IO.IOException : The process cannot access the file 'D:\thinkschool\BeautyStoreCapstone\tests\BeautyStore.IntegrationTests\bin\Release\net10.0\bstest-15f70784890242d19a68bb9c37570b98.db' because it is being used by another process.</Message>
          <StackTrace>   at System.IO.FileSystem.DeleteFile(String fullPath)&#xD;
   at BeautyStore.IntegrationTests.BeautyStoreWebApplicationFactory.DisposeAsync() in D:\thinkschool\BeautyStoreCapstone\tests\BeautyStore.IntegrationTests\BeautyStoreWebApplicationFactory.cs:line 151</StackTrace>
        </ErrorInfo>
      </Output>
    </UnitTestResult>
    <UnitTestResult executionId="b9e360e2-35b0-424c-aa52-090d2c391f40" testId="1e690a36-f633-f2c1-d1cd-b992bc4c6a24" testName="BeautyStore.IntegrationTests.AuthEndpointsTests.Me_WithoutJwt_Returns401" computerName="PRATIKSHA" duration="00:00:00.0022995" startTime="2026-06-26T18:01:41.1840975+05:30" endTime="2026-06-26T18:01:41.1840976+05:30" testType="13cdc9d9-ddb5-4fa4-a97d-d965ccfc6d4b" outcome="Passed" testListId="8c84fa94-04c1-424b-9868-57a2d4851a1d" relativeResultsDirectory="b9e360e2-35b0-424c-aa52-090d2c391f40" />
    <UnitTestResult executionId="e8074d4f-3ffe-4cfb-b683-fe43b2c082c6" testId="238e7865-fa45-4898-69fc-eada279b3705" testName="BeautyStore.IntegrationTests.E2EFlowTests.FullPurchaseFlow_RegisterLoginOrderRetrieve" computerName="PRATIKSHA" duration="00:00:00.0010000" startTime="2026-06-26T18:01:42.3829627+05:30" endTime="2026-06-26T18:01:42.3829635+05:30" testType="13cdc9d9-ddb5-4fa4-a97d-d965ccfc6d4b" outcome="Failed" testListId="8c84fa94-04c1-424b-9868-57a2d4851a1d" relativeResultsDirectory="e8074d4f-3ffe-4cfb-b683-fe43b2c082c6">
      <Output>
        <ErrorInfo>
          <Message>[Test Class Cleanup Failure (BeautyStore.IntegrationTests.E2EFlowTests)]: System.IO.IOException : The process cannot access the file 'D:\thinkschool\BeautyStoreCapstone\tests\BeautyStore.IntegrationTests\bin\Release\net10.0\bstest-7ef7823a6ca4443f9a5db77b28af6828.db' because it is being used by another process.</Message>
          <StackTrace>   at System.IO.FileSystem.DeleteFile(String fullPath)&#xD;
   at BeautyStore.IntegrationTests.BeautyStoreWebApplicationFactory.DisposeAsync() in D:\thinkschool\BeautyStoreCapstone\tests\BeautyStore.IntegrationTests\BeautyStoreWebApplicationFactory.cs:line 151</StackTrace>
        </ErrorInfo>
      </Output>
    </UnitTestResult>
    <UnitTestResult executionId="24fca77b-a3ba-4666-87a9-be58c23346d3" testId="06097183-c62e-67a9-b633-ac8f2d5682a7" testName="BeautyStore.IntegrationTests.CatalogEndpointsTests.GetProductById_ExistingProduct_Returns200" computerName="PRATIKSHA" duration="00:00:00.0827069" startTime="2026-06-26T18:01:41.6439323+05:30" endTime="2026-06-26T18:01:41.6439325+05:30" testType="13cdc9d9-ddb5-4fa4-a97d-d965ccfc6d4b" outcome="Failed" testListId="8c84fa94-04c1-424b-9868-57a2d4851a1d" relativeResultsDirectory="24fca77b-a3ba-4666-87a9-be58c23346d3">
      <Output>
        <ErrorInfo>
          <Message>Expected doc.RootElement.TryGetProperty("related", out _) to be True, but found False.</Message>
          <StackTrace>   at FluentAssertions.Execution.XUnit2TestFramework.Throw(String message)&#xD;
   at FluentAssertions.Execution.TestFrameworkProvider.Throw(String message)&#xD;
   at FluentAssertions.Execution.DefaultAssertionStrategy.HandleFailure(String message)&#xD;
   at FluentAssertions.Execution.AssertionScope.FailWith(Func`1 failReasonFunc)&#xD;
   at FluentAssertions.Execution.AssertionScope.FailWith(Func`1 failReasonFunc)&#xD;
   at FluentAssertions.Execution.AssertionScope.FailWith(String message, Object[] args)&#xD;
   at FluentAssertions.Primitives.BooleanAssertions`1.BeTrue(String because, Object[] becauseArgs)&#xD;
   at BeautyStore.IntegrationTests.CatalogEndpointsTests.GetProductById_ExistingProduct_Returns200() in D:\thinkschool\BeautyStoreCapstone\tests\BeautyStore.IntegrationTests\CatalogEndpointsTests.cs:line 175&#xD;
--- End of stack trace from previous location ---</StackTrace>
        </ErrorInfo>
      </Output>
    </UnitTestResult>
    <UnitTestResult executionId="b2f39594-694a-4fc2-a3c1-e91f4a270b10" testId="d5707143-a38f-e947-6da5-25c03b6433e3" testName="BeautyStore.IntegrationTests.CatalogEndpointsTests.GetProducts_EachItemHasRequiredFields" computerName="PRATIKSHA" duration="00:00:00.0010000" startTime="2026-06-26T18:01:41.7027956+05:30" endTime="2026-06-26T18:01:41.7027957+05:30" testType="13cdc9d9-ddb5-4fa4-a97d-d965ccfc6d4b" outcome="Failed" testListId="8c84fa94-04c1-424b-9868-57a2d4851a1d" relativeResultsDirectory="b2f39594-694a-4fc2-a3c1-e91f4a270b10">
      <Output>
        <ErrorInfo>
          <Message>[Test Class Cleanup Failure (BeautyStore.IntegrationTests.CatalogEndpointsTests)]: System.IO.IOException : The process cannot access the file 'D:\thinkschool\BeautyStoreCapstone\tests\BeautyStore.IntegrationTests\bin\Release\net10.0\bstest-350f87ce0d204e04810a62cce9e278ed.db' because it is being used by another process.</Message>
          <StackTrace>   at System.IO.FileSystem.DeleteFile(String fullPath)&#xD;
   at BeautyStore.IntegrationTests.BeautyStoreWebApplicationFactory.DisposeAsync() in D:\thinkschool\BeautyStoreCapstone\tests\BeautyStore.IntegrationTests\BeautyStoreWebApplicationFactory.cs:line 151</StackTrace>
        </ErrorInfo>
      </Output>
    </UnitTestResult>
    <UnitTestResult executionId="2aaa8557-3cd7-4b62-89fb-af52c5945833" testId="f961614b-716a-6de6-d3d4-3c2dca1a3e6d" testName="BeautyStore.IntegrationTests.OrderEndpointsTests.PlaceOrder_NonExistentProduct_Returns404" computerName="PRATIKSHA" duration="00:00:00.0010000" startTime="2026-06-26T18:01:43.5317211+05:30" endTime="2026-06-26T18:01:43.5317211+05:30" testType="13cdc9d9-ddb5-4fa4-a97d-d965ccfc6d4b" outcome="Failed" testListId="8c84fa94-04c1-424b-9868-57a2d4851a1d" relativeResultsDirectory="2aaa8557-3cd7-4b62-89fb-af52c5945833">
      <Output>
        <ErrorInfo>
          <Message>[Test Class Cleanup Failure (BeautyStore.IntegrationTests.OrderEndpointsTests)]: System.IO.IOException : The process cannot access the file 'D:\thinkschool\BeautyStoreCapstone\tests\BeautyStore.IntegrationTests\bin\Release\net10.0\bstest-15f70784890242d19a68bb9c37570b98.db' because it is being used by another process.</Message>
          <StackTrace>   at System.IO.FileSystem.DeleteFile(String fullPath)&#xD;
   at BeautyStore.IntegrationTests.BeautyStoreWebApplicationFactory.DisposeAsync() in D:\thinkschool\BeautyStoreCapstone\tests\BeautyStore.IntegrationTests\BeautyStoreWebApplicationFactory.cs:line 151</StackTrace>
        </ErrorInfo>
      </Output>
    </UnitTestResult>
    <UnitTestResult executionId="ae0facf1-4133-4bdb-ba0d-d3586c70dbb4" testId="60bc05d7-e580-079c-b57f-799d23bafa1f" testName="BeautyStore.IntegrationTests.AuthEndpointsTests.Me_ReturnsCorrectRoles" computerName="PRATIKSHA" duration="00:00:00.0818810" startTime="2026-06-26T18:01:40.7582669+05:30" endTime="2026-06-26T18:01:40.7582676+05:30" testType="13cdc9d9-ddb5-4fa4-a97d-d965ccfc6d4b" outcome="Passed" testListId="8c84fa94-04c1-424b-9868-57a2d4851a1d" relativeResultsDirectory="ae0facf1-4133-4bdb-ba0d-d3586c70dbb4" />
    <UnitTestResult executionId="174904de-edad-442a-997c-190b5cec52ff" testId="e2d47e5f-6384-9cb5-2939-bbd928c4145e" testName="BeautyStore.IntegrationTests.CatalogEndpointsTests.GetProducts_SortByPriceDesc_ReturnsSortedDescending" computerName="PRATIKSHA" duration="00:00:00.0010000" startTime="2026-06-26T18:01:41.7032648+05:30" endTime="2026-06-26T18:01:41.7032648+05:30" testType="13cdc9d9-ddb5-4fa4-a97d-d965ccfc6d4b" outcome="Failed" testListId="8c84fa94-04c1-424b-9868-57a2d4851a1d" relativeResultsDirectory="174904de-edad-442a-997c-190b5cec52ff">
      <Output>
        <ErrorInfo>
          <Message>[Test Class Cleanup Failure (BeautyStore.IntegrationTests.CatalogEndpointsTests)]: System.IO.IOException : The process cannot access the file 'D:\thinkschool\BeautyStoreCapstone\tests\BeautyStore.IntegrationTests\bin\Release\net10.0\bstest-350f87ce0d204e04810a62cce9e278ed.db' because it is being used by another process.</Message>
          <StackTrace>   at System.IO.FileSystem.DeleteFile(String fullPath)&#xD;
   at BeautyStore.IntegrationTests.BeautyStoreWebApplicationFactory.DisposeAsync() in D:\thinkschool\BeautyStoreCapstone\tests\BeautyStore.IntegrationTests\BeautyStoreWebApplicationFactory.cs:line 151</StackTrace>
        </ErrorInfo>
      </Output>
    </UnitTestResult>
    <UnitTestResult executionId="fe96aaae-3d2a-45c1-b7e9-aa217c39bb85" testId="7886a3a6-64f3-08ea-5ecd-aa7122e228c8" testName="BeautyStore.IntegrationTests.OrderEndpointsTests.GetMyOrders_OnlyReturnsOwnOrders_NotOtherUsers" computerName="PRATIKSHA" duration="00:00:00.0010000" startTime="2026-06-26T18:01:43.5320648+05:30" endTime="2026-06-26T18:01:43.5320649+05:30" testType="13cdc9d9-ddb5-4fa4-a97d-d965ccfc6d4b" outcome="Failed" testListId="8c84fa94-04c1-424b-9868-57a2d4851a1d" relativeResultsDirectory="fe96aaae-3d2a-45c1-b7e9-aa217c39bb85">
      <Output>
        <ErrorInfo>
          <Message>[Test Class Cleanup Failure (BeautyStore.IntegrationTests.OrderEndpointsTests)]: System.IO.IOException : The process cannot access the file 'D:\thinkschool\BeautyStoreCapstone\tests\BeautyStore.IntegrationTests\bin\Release\net10.0\bstest-15f70784890242d19a68bb9c37570b98.db' because it is being used by another process.</Message>
          <StackTrace>   at System.IO.FileSystem.DeleteFile(String fullPath)&#xD;
   at BeautyStore.IntegrationTests.BeautyStoreWebApplicationFactory.DisposeAsync() in D:\thinkschool\BeautyStoreCapstone\tests\BeautyStore.IntegrationTests\BeautyStoreWebApplicationFactory.cs:line 151</StackTrace>
        </ErrorInfo>
      </Output>
    </UnitTestResult>
    <UnitTestResult executionId="2fb67253-8649-429c-a750-3a1a6af40945" testId="cc1e6d0d-cd4a-a9bc-344c-bfdfe60fc62d" testName="BeautyStore.IntegrationTests.AuthEndpointsTests.Register_WeakPassword_Returns400" computerName="PRATIKSHA" duration="00:00:00.0010000" startTime="2026-06-26T18:01:41.2035289+05:30" endTime="2026-06-26T18:01:41.2035290+05:30" testType="13cdc9d9-ddb5-4fa4-a97d-d965ccfc6d4b" outcome="Failed" testListId="8c84fa94-04c1-424b-9868-57a2d4851a1d" relativeResultsDirectory="2fb67253-8649-429c-a750-3a1a6af40945">
      <Output>
        <ErrorInfo>
          <Message>[Test Class Cleanup Failure (BeautyStore.IntegrationTests.AuthEndpointsTests)]: System.IO.IOException : The process cannot access the file 'D:\thinkschool\BeautyStoreCapstone\tests\BeautyStore.IntegrationTests\bin\Release\net10.0\bstest-0f851d526f8e40a0b7fef8561fb8845c.db' because it is being used by another process.</Message>
          <StackTrace>   at System.IO.FileSystem.DeleteFile(String fullPath)&#xD;
   at BeautyStore.IntegrationTests.BeautyStoreWebApplicationFactory.DisposeAsync() in D:\thinkschool\BeautyStoreCapstone\tests\BeautyStore.IntegrationTests\BeautyStoreWebApplicationFactory.cs:line 151</StackTrace>
        </ErrorInfo>
      </Output>
    </UnitTestResult>
    <UnitTestResult executionId="307f2e74-c66c-45ec-879c-9cadd96fd696" testId="f318bb01-5fd5-9f15-7b89-69dcc244a0a5" testName="BeautyStore.IntegrationTests.E2EFlowTests.MultiUser_OrderIsolation" computerName="PRATIKSHA" duration="00:00:00.0010000" startTime="2026-06-26T18:01:42.3830070+05:30" endTime="2026-06-26T18:01:42.3830071+05:30" testType="13cdc9d9-ddb5-4fa4-a97d-d965ccfc6d4b" outcome="Failed" testListId="8c84fa94-04c1-424b-9868-57a2d4851a1d" relativeResultsDirectory="307f2e74-c66c-45ec-879c-9cadd96fd696">
      <Output>
        <ErrorInfo>
          <Message>[Test Class Cleanup Failure (BeautyStore.IntegrationTests.E2EFlowTests)]: System.IO.IOException : The process cannot access the file 'D:\thinkschool\BeautyStoreCapstone\tests\BeautyStore.IntegrationTests\bin\Release\net10.0\bstest-7ef7823a6ca4443f9a5db77b28af6828.db' because it is being used by another process.</Message>
          <StackTrace>   at System.IO.FileSystem.DeleteFile(String fullPath)&#xD;
   at BeautyStore.IntegrationTests.BeautyStoreWebApplicationFactory.DisposeAsync() in D:\thinkschool\BeautyStoreCapstone\tests\BeautyStore.IntegrationTests\BeautyStoreWebApplicationFactory.cs:line 151</StackTrace>
        </ErrorInfo>
      </Output>
    </UnitTestResult>
    <UnitTestResult executionId="dd7d07ef-9d01-4ea4-85eb-d44176995533" testId="7bfb9c76-dc27-9331-42f5-4a896b4db93b" testName="BeautyStore.IntegrationTests.CatalogEndpointsTests.GetProducts_Returns200WithPagedResult" computerName="PRATIKSHA" duration="00:00:00.0010000" startTime="2026-06-26T18:01:41.7027907+05:30" endTime="2026-06-26T18:01:41.7027907+05:30" testType="13cdc9d9-ddb5-4fa4-a97d-d965ccfc6d4b" outcome="Failed" testListId="8c84fa94-04c1-424b-9868-57a2d4851a1d" relativeResultsDirectory="dd7d07ef-9d01-4ea4-85eb-d44176995533">
      <Output>
        <ErrorInfo>
          <Message>[Test Class Cleanup Failure (BeautyStore.IntegrationTests.CatalogEndpointsTests)]: System.IO.IOException : The process cannot access the file 'D:\thinkschool\BeautyStoreCapstone\tests\BeautyStore.IntegrationTests\bin\Release\net10.0\bstest-350f87ce0d204e04810a62cce9e278ed.db' because it is being used by another process.</Message>
          <StackTrace>   at System.IO.FileSystem.DeleteFile(String fullPath)&#xD;
   at BeautyStore.IntegrationTests.BeautyStoreWebApplicationFactory.DisposeAsync() in D:\thinkschool\BeautyStoreCapstone\tests\BeautyStore.IntegrationTests\BeautyStoreWebApplicationFactory.cs:line 151</StackTrace>
        </ErrorInfo>
      </Output>
    </UnitTestResult>
    <UnitTestResult executionId="ddb41b92-88da-489c-9f9b-5378a353b195" testId="f1418616-ca6d-6d61-8dde-689ce7fb002b" testName="BeautyStore.IntegrationTests.OrderEndpointsTests.GetMyOrders_NoOrders_ReturnsEmptyArray" computerName="PRATIKSHA" duration="00:00:00.0010000" startTime="2026-06-26T18:01:43.5320583+05:30" endTime="2026-06-26T18:01:43.5320583+05:30" testType="13cdc9d9-ddb5-4fa4-a97d-d965ccfc6d4b" outcome="Failed" testListId="8c84fa94-04c1-424b-9868-57a2d4851a1d" relativeResultsDirectory="ddb41b92-88da-489c-9f9b-5378a353b195">
      <Output>
        <ErrorInfo>
          <Message>[Test Class Cleanup Failure (BeautyStore.IntegrationTests.OrderEndpointsTests)]: System.IO.IOException : The process cannot access the file 'D:\thinkschool\BeautyStoreCapstone\tests\BeautyStore.IntegrationTests\bin\Release\net10.0\bstest-15f70784890242d19a68bb9c37570b98.db' because it is being used by another process.</Message>
          <StackTrace>   at System.IO.FileSystem.DeleteFile(String fullPath)&#xD;
   at BeautyStore.IntegrationTests.BeautyStoreWebApplicationFactory.DisposeAsync() in D:\thinkschool\BeautyStoreCapstone\tests\BeautyStore.IntegrationTests\BeautyStoreWebApplicationFactory.cs:line 151</StackTrace>
        </ErrorInfo>
      </Output>
    </UnitTestResult>
    <UnitTestResult executionId="de7dcf75-e466-4148-8664-11c0b9f3ed9a" testId="dc76db43-7722-9f47-14f4-491c9c312c80" testName="BeautyStore.IntegrationTests.ProblemDetailsTests.AllResponses_IncludeCacheControlHeader" computerName="PRATIKSHA" duration="00:00:00.0010000" startTime="2026-06-26T18:01:43.8427945+05:30" endTime="2026-06-26T18:01:43.8427945+05:30" testType="13cdc9d9-ddb5-4fa4-a97d-d965ccfc6d4b" outcome="Failed" testListId="8c84fa94-04c1-424b-9868-57a2d4851a1d" relativeResultsDirectory="de7dcf75-e466-4148-8664-11c0b9f3ed9a">
      <Output>
        <ErrorInfo>
          <Message>[Test Class Cleanup Failure (BeautyStore.IntegrationTests.ProblemDetailsTests)]: System.IO.IOException : The process cannot access the file 'D:\thinkschool\BeautyStoreCapstone\tests\BeautyStore.IntegrationTests\bin\Release\net10.0\bstest-0ad7afb5c1964afcbaca6dc0b52a0714.db' because it is being used by another process.</Message>
          <StackTrace>   at System.IO.FileSystem.DeleteFile(String fullPath)&#xD;
   at BeautyStore.IntegrationTests.BeautyStoreWebApplicationFactory.DisposeAsync() in D:\thinkschool\BeautyStoreCapstone\tests\BeautyStore.IntegrationTests\BeautyStoreWebApplicationFactory.cs:line 151</StackTrace>
        </ErrorInfo>
      </Output>
    </UnitTestResult>
    <UnitTestResult executionId="eb03b3eb-1188-4c73-b1d4-8071110408b1" testId="5087997f-dd83-b75c-b649-45a355205ff5" testName="BeautyStore.IntegrationTests.E2EFlowTests.RegisterTwice_SameEmail_SecondRegistrationFails" computerName="PRATIKSHA" duration="00:00:00.0010000" startTime="2026-06-26T18:01:42.3830018+05:30" endTime="2026-06-26T18:01:42.3830018+05:30" testType="13cdc9d9-ddb5-4fa4-a97d-d965ccfc6d4b" outcome="Failed" testListId="8c84fa94-04c1-424b-9868-57a2d4851a1d" relativeResultsDirectory="eb03b3eb-1188-4c73-b1d4-8071110408b1">
      <Output>
        <ErrorInfo>
          <Message>[Test Class Cleanup Failure (BeautyStore.IntegrationTests.E2EFlowTests)]: System.IO.IOException : The process cannot access the file 'D:\thinkschool\BeautyStoreCapstone\tests\BeautyStore.IntegrationTests\bin\Release\net10.0\bstest-7ef7823a6ca4443f9a5db77b28af6828.db' because it is being used by another process.</Message>
          <StackTrace>   at System.IO.FileSystem.DeleteFile(String fullPath)&#xD;
   at BeautyStore.IntegrationTests.BeautyStoreWebApplicationFactory.DisposeAsync() in D:\thinkschool\BeautyStoreCapstone\tests\BeautyStore.IntegrationTests\BeautyStoreWebApplicationFactory.cs:line 151</StackTrace>
        </ErrorInfo>
      </Output>
    </UnitTestResult>
    <UnitTestResult executionId="05c88c9f-c223-4b73-8a7b-62866a13c460" testId="1184cf1b-b1d2-93ed-a101-60e3dd0d5be1" testName="BeautyStore.IntegrationTests.CatalogEndpointsTests.GetProductsBySlug_ValidSlug_Returns200" computerName="PRATIKSHA" duration="00:00:00.0090372" startTime="2026-06-26T18:01:41.6852720+05:30" endTime="2026-06-26T18:01:41.6852724+05:30" testType="13cdc9d9-ddb5-4fa4-a97d-d965ccfc6d4b" outcome="Passed" testListId="8c84fa94-04c1-424b-9868-57a2d4851a1d" relativeResultsDirectory="05c88c9f-c223-4b73-8a7b-62866a13c460" />
    <UnitTestResult executionId="49318381-54c6-48c3-8fc8-983f435446d9" testId="7bfb9c76-dc27-9331-42f5-4a896b4db93b" testName="BeautyStore.IntegrationTests.CatalogEndpointsTests.GetProducts_Returns200WithPagedResult" computerName="PRATIKSHA" duration="00:00:00.0044961" startTime="2026-06-26T18:01:41.5436970+05:30" endTime="2026-06-26T18:01:41.5436973+05:30" testType="13cdc9d9-ddb5-4fa4-a97d-d965ccfc6d4b" outcome="Passed" testListId="8c84fa94-04c1-424b-9868-57a2d4851a1d" relativeResultsDirectory="49318381-54c6-48c3-8fc8-983f435446d9" />
    <UnitTestResult executionId="865c8f43-a124-4b1a-84db-e7af7dccf5c8" testId="c640d0e6-c2ec-6c76-0942-d780456143cc" testName="BeautyStore.IntegrationTests.CatalogEndpointsTests.GetProducts_SortByPriceAsc_ReturnsSortedAscending" computerName="PRATIKSHA" duration="00:00:00.0010000" startTime="2026-06-26T18:01:41.7032608+05:30" endTime="2026-06-26T18:01:41.7032608+05:30" testType="13cdc9d9-ddb5-4fa4-a97d-d965ccfc6d4b" outcome="Failed" testListId="8c84fa94-04c1-424b-9868-57a2d4851a1d" relativeResultsDirectory="865c8f43-a124-4b1a-84db-e7af7dccf5c8">
      <Output>
        <ErrorInfo>
          <Message>[Test Class Cleanup Failure (BeautyStore.IntegrationTests.CatalogEndpointsTests)]: System.IO.IOException : The process cannot access the file 'D:\thinkschool\BeautyStoreCapstone\tests\BeautyStore.IntegrationTests\bin\Release\net10.0\bstest-350f87ce0d204e04810a62cce9e278ed.db' because it is being used by another process.</Message>
          <StackTrace>   at System.IO.FileSystem.DeleteFile(String fullPath)&#xD;
   at BeautyStore.IntegrationTests.BeautyStoreWebApplicationFactory.DisposeAsync() in D:\thinkschool\BeautyStoreCapstone\tests\BeautyStore.IntegrationTests\BeautyStoreWebApplicationFactory.cs:line 151</StackTrace>
        </ErrorInfo>
      </Output>
    </UnitTestResult>
    <UnitTestResult executionId="986870c8-b7e2-4d3f-a0cc-2c6a98a92126" testId="f318bb01-5fd5-9f15-7b89-69dcc244a0a5" testName="BeautyStore.IntegrationTests.E2EFlowTests.MultiUser_OrderIsolation" computerName="PRATIKSHA" duration="00:00:00.2000427" startTime="2026-06-26T18:01:42.2065087+05:30" endTime="2026-06-26T18:01:42.2065096+05:30" testType="13cdc9d9-ddb5-4fa4-a97d-d965ccfc6d4b" outcome="Passed" testListId="8c84fa94-04c1-424b-9868-57a2d4851a1d" relativeResultsDirectory="986870c8-b7e2-4d3f-a0cc-2c6a98a92126" />
    <UnitTestResult executionId="6d75ca05-ded4-4f74-9823-caab84354ad5" testId="08caad00-8564-8848-0ae8-74dbe96926ae" testName="BeautyStore.IntegrationTests.E2EFlowTests.Catalog_Search_FindsSeededProduct" computerName="PRATIKSHA" duration="00:00:00.0068301" startTime="2026-06-26T18:01:42.3811839+05:30" endTime="2026-06-26T18:01:42.3811843+05:30" testType="13cdc9d9-ddb5-4fa4-a97d-d965ccfc6d4b" outcome="Passed" testListId="8c84fa94-04c1-424b-9868-57a2d4851a1d" relativeResultsDirectory="6d75ca05-ded4-4f74-9823-caab84354ad5" />
    <UnitTestResult executionId="54878a38-39b5-4cda-904d-8b412a09e1da" testId="d52026f4-9eb1-4a27-ceca-a3570379cb7b" testName="BeautyStore.IntegrationTests.OrderEndpointsTests.GetMyOrders_WithoutAuth_Returns401" computerName="PRATIKSHA" duration="00:00:00.0010000" startTime="2026-06-26T18:01:43.5320514+05:30" endTime="2026-06-26T18:01:43.5320514+05:30" testType="13cdc9d9-ddb5-4fa4-a97d-d965ccfc6d4b" outcome="Failed" testListId="8c84fa94-04c1-424b-9868-57a2d4851a1d" relativeResultsDirectory="54878a38-39b5-4cda-904d-8b412a09e1da">
      <Output>
        <ErrorInfo>
          <Message>[Test Class Cleanup Failure (BeautyStore.IntegrationTests.OrderEndpointsTests)]: System.IO.IOException : The process cannot access the file 'D:\thinkschool\BeautyStoreCapstone\tests\BeautyStore.IntegrationTests\bin\Release\net10.0\bstest-15f70784890242d19a68bb9c37570b98.db' because it is being used by another process.</Message>
          <StackTrace>   at System.IO.FileSystem.DeleteFile(String fullPath)&#xD;
   at BeautyStore.IntegrationTests.BeautyStoreWebApplicationFactory.DisposeAsync() in D:\thinkschool\BeautyStoreCapstone\tests\BeautyStore.IntegrationTests\BeautyStoreWebApplicationFactory.cs:line 151</StackTrace>
        </ErrorInfo>
      </Output>
    </UnitTestResult>
    <UnitTestResult executionId="3d064a6b-0169-405b-83cf-d4812baa1151" testId="ddbe43d7-2212-6ee6-657c-509f51560a09" testName="BeautyStore.IntegrationTests.AuthEndpointsTests.Login_ValidCredentials_Returns200WithAccessToken" computerName="PRATIKSHA" duration="00:00:00.1314029" startTime="2026-06-26T18:01:40.8962629+05:30" endTime="2026-06-26T18:01:40.8962631+05:30" testType="13cdc9d9-ddb5-4fa4-a97d-d965ccfc6d4b" outcome="Passed" testListId="8c84fa94-04c1-424b-9868-57a2d4851a1d" relativeResultsDirectory="3d064a6b-0169-405b-83cf-d4812baa1151" />
    <UnitTestResult executionId="29d5b9c5-2f23-4a82-b77d-3e9ee2b5b31a" testId="e2d47e5f-6384-9cb5-2939-bbd928c4145e" testName="BeautyStore.IntegrationTests.CatalogEndpointsTests.GetProducts_SortByPriceDesc_ReturnsSortedDescending" computerName="PRATIKSHA" duration="00:00:00.0283367" startTime="2026-06-26T18:01:41.5328918+05:30" endTime="2026-06-26T18:01:41.5328921+05:30" testType="13cdc9d9-ddb5-4fa4-a97d-d965ccfc6d4b" outcome="Passed" testListId="8c84fa94-04c1-424b-9868-57a2d4851a1d" relativeResultsDirectory="29d5b9c5-2f23-4a82-b77d-3e9ee2b5b31a" />
    <UnitTestResult executionId="2e327188-5b22-40b5-b175-5df3cfcc97fe" testId="03fa9889-0104-1ef1-a744-16a3148bcee3" testName="BeautyStore.IntegrationTests.ProblemDetailsTests.UnknownRoute_Returns404ProblemDetails" computerName="PRATIKSHA" duration="00:00:00.0010000" startTime="2026-06-26T18:01:43.8427713+05:30" endTime="2026-06-26T18:01:43.8427713+05:30" testType="13cdc9d9-ddb5-4fa4-a97d-d965ccfc6d4b" outcome="Failed" testListId="8c84fa94-04c1-424b-9868-57a2d4851a1d" relativeResultsDirectory="2e327188-5b22-40b5-b175-5df3cfcc97fe">
      <Output>
        <ErrorInfo>
          <Message>[Test Class Cleanup Failure (BeautyStore.IntegrationTests.ProblemDetailsTests)]: System.IO.IOException : The process cannot access the file 'D:\thinkschool\BeautyStoreCapstone\tests\BeautyStore.IntegrationTests\bin\Release\net10.0\bstest-0ad7afb5c1964afcbaca6dc0b52a0714.db' because it is being used by another process.</Message>
          <StackTrace>   at System.IO.FileSystem.DeleteFile(String fullPath)&#xD;
   at BeautyStore.IntegrationTests.BeautyStoreWebApplicationFactory.DisposeAsync() in D:\thinkschool\BeautyStoreCapstone\tests\BeautyStore.IntegrationTests\BeautyStoreWebApplicationFactory.cs:line 151</StackTrace>
        </ErrorInfo>
      </Output>
    </UnitTestResult>
    <UnitTestResult executionId="cb753921-7258-4a3c-8226-4f25f33b5f58" testId="e71c7e42-22ac-660a-d1eb-ca2ac705ba5d" testName="BeautyStore.IntegrationTests.OrderEndpointsTests.DeleteOrder_OwnOrder_Returns204" computerName="PRATIKSHA" duration="00:00:00.0828248" startTime="2026-06-26T18:01:43.0420353+05:30" endTime="2026-06-26T18:01:43.0420355+05:30" testType="13cdc9d9-ddb5-4fa4-a97d-d965ccfc6d4b" outcome="Passed" testListId="8c84fa94-04c1-424b-9868-57a2d4851a1d" relativeResultsDirectory="cb753921-7258-4a3c-8226-4f25f33b5f58" />
    <UnitTestResult executionId="a1a85fc5-452a-46b2-bd17-589da6784608" testId="1184cf1b-b1d2-93ed-a101-60e3dd0d5be1" testName="BeautyStore.IntegrationTests.CatalogEndpointsTests.GetProductsBySlug_ValidSlug_Returns200" computerName="PRATIKSHA" duration="00:00:00.0010000" startTime="2026-06-26T18:01:41.7032905+05:30" endTime="2026-06-26T18:01:41.7032905+05:30" testType="13cdc9d9-ddb5-4fa4-a97d-d965ccfc6d4b" outcome="Failed" testListId="8c84fa94-04c1-424b-9868-57a2d4851a1d" relativeResultsDirectory="a1a85fc5-452a-46b2-bd17-589da6784608">
      <Output>
        <ErrorInfo>
          <Message>[Test Class Cleanup Failure (BeautyStore.IntegrationTests.CatalogEndpointsTests)]: System.IO.IOException : The process cannot access the file 'D:\thinkschool\BeautyStoreCapstone\tests\BeautyStore.IntegrationTests\bin\Release\net10.0\bstest-350f87ce0d204e04810a62cce9e278ed.db' because it is being used by another process.</Message>
          <StackTrace>   at System.IO.FileSystem.DeleteFile(String fullPath)&#xD;
   at BeautyStore.IntegrationTests.BeautyStoreWebApplicationFactory.DisposeAsync() in D:\thinkschool\BeautyStoreCapstone\tests\BeautyStore.IntegrationTests\BeautyStoreWebApplicationFactory.cs:line 151</StackTrace>
        </ErrorInfo>
      </Output>
    </UnitTestResult>
    <UnitTestResult executionId="2f414f30-445b-4281-89e4-9edb7c89bfa9" testId="395227cc-9862-e849-557a-48b4bd0fb970" testName="BeautyStore.IntegrationTests.OrderEndpointsTests.PlaceOrder_TotalPrice_IsUnitPriceTimesQuantity" computerName="PRATIKSHA" duration="00:00:00.0010000" startTime="2026-06-26T18:01:43.5317238+05:30" endTime="2026-06-26T18:01:43.5317239+05:30" testType="13cdc9d9-ddb5-4fa4-a97d-d965ccfc6d4b" outcome="Failed" testListId="8c84fa94-04c1-424b-9868-57a2d4851a1d" relativeResultsDirectory="2f414f30-445b-4281-89e4-9edb7c89bfa9">
      <Output>
        <ErrorInfo>
          <Message>[Test Class Cleanup Failure (BeautyStore.IntegrationTests.OrderEndpointsTests)]: System.IO.IOException : The process cannot access the file 'D:\thinkschool\BeautyStoreCapstone\tests\BeautyStore.IntegrationTests\bin\Release\net10.0\bstest-15f70784890242d19a68bb9c37570b98.db' because it is being used by another process.</Message>
          <StackTrace>   at System.IO.FileSystem.DeleteFile(String fullPath)&#xD;
   at BeautyStore.IntegrationTests.BeautyStoreWebApplicationFactory.DisposeAsync() in D:\thinkschool\BeautyStoreCapstone\tests\BeautyStore.IntegrationTests\BeautyStoreWebApplicationFactory.cs:line 151</StackTrace>
        </ErrorInfo>
      </Output>
    </UnitTestResult>
    <UnitTestResult executionId="6b5e2ea8-dfa0-4c68-85f7-d9571c444d32" testId="f0cb53d5-0742-fd76-11fd-02ee8b0cc1d3" testName="BeautyStore.IntegrationTests.ProblemDetailsTests.RootEndpoint_Returns200WithApiInfo" computerName="PRATIKSHA" duration="00:00:00.0037808" startTime="2026-06-26T18:01:43.7323616+05:30" endTime="2026-06-26T18:01:43.7323618+05:30" testType="13cdc9d9-ddb5-4fa4-a97d-d965ccfc6d4b" outcome="Passed" testListId="8c84fa94-04c1-424b-9868-57a2d4851a1d" relativeResultsDirectory="6b5e2ea8-dfa0-4c68-85f7-d9571c444d32" />
    <UnitTestResult executionId="78ac7dc1-4b6d-4ac3-803b-a2e0a22401a5" testId="d63158fd-8c52-8b14-27c9-7ff3e9868840" testName="BeautyStore.IntegrationTests.CatalogEndpointsTests.GetCategories_EachItemHasRequiredFields" computerName="PRATIKSHA" duration="00:00:00.0036553" startTime="2026-06-26T18:01:41.6933188+05:30" endTime="2026-06-26T18:01:41.6933190+05:30" testType="13cdc9d9-ddb5-4fa4-a97d-d965ccfc6d4b" outcome="Passed" testListId="8c84fa94-04c1-424b-9868-57a2d4851a1d" relativeResultsDirectory="78ac7dc1-4b6d-4ac3-803b-a2e0a22401a5" />
    <UnitTestResult executionId="b260ab5a-9832-414c-b4a4-254e7cc71e89" testId="a01b1097-4600-9fac-09ee-564717bee212" testName="BeautyStore.IntegrationTests.ProblemDetailsTests.Unauthenticated_OrderRoute_Returns401ProblemDetails" computerName="PRATIKSHA" duration="00:00:00.0130840" startTime="2026-06-26T18:01:43.7242091+05:30" endTime="2026-06-26T18:01:43.7242094+05:30" testType="13cdc9d9-ddb5-4fa4-a97d-d965ccfc6d4b" outcome="Failed" testListId="8c84fa94-04c1-424b-9868-57a2d4851a1d" relativeResultsDirectory="b260ab5a-9832-414c-b4a4-254e7cc71e89">
      <Output>
        <ErrorInfo>
          <Message>Expected response.Content.Headers.ContentType?.MediaType to be "application/problem+json" with a length of 24, but "application/json" has a length of 16, differs near "jso" (index 12).</Message>
          <StackTrace>   at FluentAssertions.Execution.XUnit2TestFramework.Throw(String message)&#xD;
   at FluentAssertions.Execution.TestFrameworkProvider.Throw(String message)&#xD;
   at FluentAssertions.Execution.DefaultAssertionStrategy.HandleFailure(String message)&#xD;
   at FluentAssertions.Execution.AssertionScope.FailWith(Func`1 failReasonFunc)&#xD;
   at FluentAssertions.Execution.AssertionScope.FailWith(Func`1 failReasonFunc)&#xD;
   at FluentAssertions.Primitives.StringEqualityValidator.ValidateAgainstLengthDifferences()&#xD;
   at FluentAssertions.Primitives.StringValidator.Validate()&#xD;
   at FluentAssertions.Primitives.StringAssertions`1.Be(String expected, String because, Object[] becauseArgs)&#xD;
   at BeautyStore.IntegrationTests.ProblemDetailsTests.Unauthenticated_OrderRoute_Returns401ProblemDetails() in D:\thinkschool\BeautyStoreCapstone\tests\BeautyStore.IntegrationTests\ProblemDetailsTests.cs:line 31&#xD;
--- End of stack trace from previous location ---</StackTrace>
        </ErrorInfo>
      </Output>
    </UnitTestResult>
    <UnitTestResult executionId="17108a6b-ea9a-47a0-a1fc-17cd83df1654" testId="a3448d90-05c5-5368-f5cc-3190a6c4a769" testName="BeautyStore.IntegrationTests.AuthEndpointsTests.Login_WrongPassword_Returns401" computerName="PRATIKSHA" duration="00:00:00.0010000" startTime="2026-06-26T18:01:41.2035366+05:30" endTime="2026-06-26T18:01:41.2035367+05:30" testType="13cdc9d9-ddb5-4fa4-a97d-d965ccfc6d4b" outcome="Failed" testListId="8c84fa94-04c1-424b-9868-57a2d4851a1d" relativeResultsDirectory="17108a6b-ea9a-47a0-a1fc-17cd83df1654">
      <Output>
        <ErrorInfo>
          <Message>[Test Class Cleanup Failure (BeautyStore.IntegrationTests.AuthEndpointsTests)]: System.IO.IOException : The process cannot access the file 'D:\thinkschool\BeautyStoreCapstone\tests\BeautyStore.IntegrationTests\bin\Release\net10.0\bstest-0f851d526f8e40a0b7fef8561fb8845c.db' because it is being used by another process.</Message>
          <StackTrace>   at System.IO.FileSystem.DeleteFile(String fullPath)&#xD;
   at BeautyStore.IntegrationTests.BeautyStoreWebApplicationFactory.DisposeAsync() in D:\thinkschool\BeautyStoreCapstone\tests\BeautyStore.IntegrationTests\BeautyStoreWebApplicationFactory.cs:line 151</StackTrace>
        </ErrorInfo>
      </Output>
    </UnitTestResult>
    <UnitTestResult executionId="ef0ff94d-e3e9-41b4-bc35-1afe52a4b8ac" testId="f07c3bfd-156e-c249-ba90-d9b86ee9dca0" testName="BeautyStore.IntegrationTests.CatalogEndpointsTests.GetProducts_Pagination_ReturnsCorrectPage" computerName="PRATIKSHA" duration="00:00:00.0054694" startTime="2026-06-26T18:01:41.5389051+05:30" endTime="2026-06-26T18:01:41.5389055+05:30" testType="13cdc9d9-ddb5-4fa4-a97d-d965ccfc6d4b" outcome="Passed" testListId="8c84fa94-04c1-424b-9868-57a2d4851a1d" relativeResultsDirectory="ef0ff94d-e3e9-41b4-bc35-1afe52a4b8ac" />
    <UnitTestResult executionId="ccd19bea-b228-4313-bf04-7bd425abb173" testId="4e481d96-97ff-3a2e-e5c3-9018036848f6" testName="BeautyStore.IntegrationTests.OrderEndpointsTests.DeleteOrder_WithoutAuth_Returns401" computerName="PRATIKSHA" duration="00:00:00.0010000" startTime="2026-06-26T18:01:43.5320668+05:30" endTime="2026-06-26T18:01:43.5320668+05:30" testType="13cdc9d9-ddb5-4fa4-a97d-d965ccfc6d4b" outcome="Failed" testListId="8c84fa94-04c1-424b-9868-57a2d4851a1d" relativeResultsDirectory="ccd19bea-b228-4313-bf04-7bd425abb173">
      <Output>
        <ErrorInfo>
          <Message>[Test Class Cleanup Failure (BeautyStore.IntegrationTests.OrderEndpointsTests)]: System.IO.IOException : The process cannot access the file 'D:\thinkschool\BeautyStoreCapstone\tests\BeautyStore.IntegrationTests\bin\Release\net10.0\bstest-15f70784890242d19a68bb9c37570b98.db' because it is being used by another process.</Message>
          <StackTrace>   at System.IO.FileSystem.DeleteFile(String fullPath)&#xD;
   at BeautyStore.IntegrationTests.BeautyStoreWebApplicationFactory.DisposeAsync() in D:\thinkschool\BeautyStoreCapstone\tests\BeautyStore.IntegrationTests\BeautyStoreWebApplicationFactory.cs:line 151</StackTrace>
        </ErrorInfo>
      </Output>
    </UnitTestResult>
    <UnitTestResult executionId="706e34ab-3213-494f-83ae-e74fd5ff4520" testId="154dbc56-6b54-66d5-55c5-53ad369cb47b" testName="BeautyStore.IntegrationTests.AuthEndpointsTests.Register_ValidRequest_Returns200WithTokens" computerName="PRATIKSHA" duration="00:00:00.0781504" startTime="2026-06-26T18:01:41.1132044+05:30" endTime="2026-06-26T18:01:41.1132049+05:30" testType="13cdc9d9-ddb5-4fa4-a97d-d965ccfc6d4b" outcome="Passed" testListId="8c84fa94-04c1-424b-9868-57a2d4851a1d" relativeResultsDirectory="706e34ab-3213-494f-83ae-e74fd5ff4520" />
    <UnitTestResult executionId="5e09e3ec-47ed-43ba-88d5-e1c7227eab13" testId="eeb2341c-f08b-64fd-2c4c-80c9754d0b30" testName="BeautyStore.IntegrationTests.AuthEndpointsTests.Me_WithInvalidJwt_Returns401" computerName="PRATIKSHA" duration="00:00:00.0131022" startTime="2026-06-26T18:01:40.6759856+05:30" endTime="2026-06-26T18:01:40.6759859+05:30" testType="13cdc9d9-ddb5-4fa4-a97d-d965ccfc6d4b" outcome="Passed" testListId="8c84fa94-04c1-424b-9868-57a2d4851a1d" relativeResultsDirectory="5e09e3ec-47ed-43ba-88d5-e1c7227eab13" />
    <UnitTestResult executionId="e4965063-b92f-43f9-b169-eae154363351" testId="4e481d96-97ff-3a2e-e5c3-9018036848f6" testName="BeautyStore.IntegrationTests.OrderEndpointsTests.DeleteOrder_WithoutAuth_Returns401" computerName="PRATIKSHA" duration="00:00:00.0025119" startTime="2026-06-26T18:01:43.2572042+05:30" endTime="2026-06-26T18:01:43.2572045+05:30" testType="13cdc9d9-ddb5-4fa4-a97d-d965ccfc6d4b" outcome="Passed" testListId="8c84fa94-04c1-424b-9868-57a2d4851a1d" relativeResultsDirectory="e4965063-b92f-43f9-b169-eae154363351" />
    <UnitTestResult executionId="c9e717b4-aee6-42b1-b3b6-b7dba1ca7b93" testId="1507e98a-1642-db4e-706f-082e33586eb8" testName="BeautyStore.IntegrationTests.CatalogEndpointsTests.GetProductById_NonExistent_Returns404WithProblemDetails" computerName="PRATIKSHA" duration="00:00:00.0106722" startTime="2026-06-26T18:01:41.5039545+05:30" endTime="2026-06-26T18:01:41.5039548+05:30" testType="13cdc9d9-ddb5-4fa4-a97d-d965ccfc6d4b" outcome="Passed" testListId="8c84fa94-04c1-424b-9868-57a2d4851a1d" relativeResultsDirectory="c9e717b4-aee6-42b1-b3b6-b7dba1ca7b93" />
    <UnitTestResult executionId="2881ef66-f2ef-4e08-933a-9ed5ce097b91" testId="08caad00-8564-8848-0ae8-74dbe96926ae" testName="BeautyStore.IntegrationTests.E2EFlowTests.Catalog_Search_FindsSeededProduct" computerName="PRATIKSHA" duration="00:00:00.0010000" startTime="2026-06-26T18:01:42.3830106+05:30" endTime="2026-06-26T18:01:42.3830107+05:30" testType="13cdc9d9-ddb5-4fa4-a97d-d965ccfc6d4b" outcome="Failed" testListId="8c84fa94-04c1-424b-9868-57a2d4851a1d" relativeResultsDirectory="2881ef66-f2ef-4e08-933a-9ed5ce097b91">
      <Output>
        <ErrorInfo>
          <Message>[Test Class Cleanup Failure (BeautyStore.IntegrationTests.E2EFlowTests)]: System.IO.IOException : The process cannot access the file 'D:\thinkschool\BeautyStoreCapstone\tests\BeautyStore.IntegrationTests\bin\Release\net10.0\bstest-7ef7823a6ca4443f9a5db77b28af6828.db' because it is being used by another process.</Message>
          <StackTrace>   at System.IO.FileSystem.DeleteFile(String fullPath)&#xD;
   at BeautyStore.IntegrationTests.BeautyStoreWebApplicationFactory.DisposeAsync() in D:\thinkschool\BeautyStoreCapstone\tests\BeautyStore.IntegrationTests\BeautyStoreWebApplicationFactory.cs:line 151</StackTrace>
        </ErrorInfo>
      </Output>
    </UnitTestResult>
    <UnitTestResult executionId="c230ce38-3177-4297-a19d-05a59377133e" testId="60bc05d7-e580-079c-b57f-799d23bafa1f" testName="BeautyStore.IntegrationTests.AuthEndpointsTests.Me_ReturnsCorrectRoles" computerName="PRATIKSHA" duration="00:00:00.0010000" startTime="2026-06-26T18:01:41.2041208+05:30" endTime="2026-06-26T18:01:41.2041209+05:30" testType="13cdc9d9-ddb5-4fa4-a97d-d965ccfc6d4b" outcome="Failed" testListId="8c84fa94-04c1-424b-9868-57a2d4851a1d" relativeResultsDirectory="c230ce38-3177-4297-a19d-05a59377133e">
      <Output>
        <ErrorInfo>
          <Message>[Test Class Cleanup Failure (BeautyStore.IntegrationTests.AuthEndpointsTests)]: System.IO.IOException : The process cannot access the file 'D:\thinkschool\BeautyStoreCapstone\tests\BeautyStore.IntegrationTests\bin\Release\net10.0\bstest-0f851d526f8e40a0b7fef8561fb8845c.db' because it is being used by another process.</Message>
          <StackTrace>   at System.IO.FileSystem.DeleteFile(String fullPath)&#xD;
   at BeautyStore.IntegrationTests.BeautyStoreWebApplicationFactory.DisposeAsync() in D:\thinkschool\BeautyStoreCapstone\tests\BeautyStore.IntegrationTests\BeautyStoreWebApplicationFactory.cs:line 151</StackTrace>
        </ErrorInfo>
      </Output>
    </UnitTestResult>
    <UnitTestResult executionId="7a56f187-6c70-47af-9f30-2de8b63c7328" testId="edb3eff3-6b3f-59bc-60d9-2468752fa17b" testName="BeautyStore.IntegrationTests.CatalogEndpointsTests.GetProducts_FilterByCategory_ReturnsOnlyCategoryProducts" computerName="PRATIKSHA" duration="00:00:00.0161825" startTime="2026-06-26T18:01:41.6571820+05:30" endTime="2026-06-26T18:01:41.6571826+05:30" testType="13cdc9d9-ddb5-4fa4-a97d-d965ccfc6d4b" outcome="Passed" testListId="8c84fa94-04c1-424b-9868-57a2d4851a1d" relativeResultsDirectory="7a56f187-6c70-47af-9f30-2de8b63c7328" />
    <UnitTestResult executionId="cc6f4ca9-db71-4eb5-bc7e-55d8c39ddae4" testId="12e90560-e7b6-10a4-fc77-532ede966db1" testName="BeautyStore.IntegrationTests.OrderEndpointsTests.GetMyOrders_AfterPlacingOrder_ContainsTheOrder" computerName="PRATIKSHA" duration="00:00:00.0726947" startTime="2026-06-26T18:01:43.2542895+05:30" endTime="2026-06-26T18:01:43.2542897+05:30" testType="13cdc9d9-ddb5-4fa4-a97d-d965ccfc6d4b" outcome="Passed" testListId="8c84fa94-04c1-424b-9868-57a2d4851a1d" relativeResultsDirectory="cc6f4ca9-db71-4eb5-bc7e-55d8c39ddae4" />
    <UnitTestResult executionId="d47b5182-0e9c-44c6-9aca-40ce29de2f27" testId="39133b66-1118-be20-3ef4-74d5716d7f73" testName="BeautyStore.IntegrationTests.ProblemDetailsTests.HealthLiveness_Returns200" computerName="PRATIKSHA" duration="00:00:00.0081881" startTime="2026-06-26T18:01:43.7098580+05:30" endTime="2026-06-26T18:01:43.7098583+05:30" testType="13cdc9d9-ddb5-4fa4-a97d-d965ccfc6d4b" outcome="Passed" testListId="8c84fa94-04c1-424b-9868-57a2d4851a1d" relativeResultsDirectory="d47b5182-0e9c-44c6-9aca-40ce29de2f27" />
    <UnitTestResult executionId="9c3fbf58-eb32-4adb-bb57-a50607b89749" testId="1681ecde-f71f-c5c3-40da-86a0042cd253" testName="BeautyStore.IntegrationTests.OrderEndpointsTests.PlaceOrder_ValidRequest_Returns201WithOrderId" computerName="PRATIKSHA" duration="00:00:00.0689032" startTime="2026-06-26T18:01:43.1113420+05:30" endTime="2026-06-26T18:01:43.1113422+05:30" testType="13cdc9d9-ddb5-4fa4-a97d-d965ccfc6d4b" outcome="Passed" testListId="8c84fa94-04c1-424b-9868-57a2d4851a1d" relativeResultsDirectory="9c3fbf58-eb32-4adb-bb57-a50607b89749" />
    <UnitTestResult executionId="8b5a37ee-5741-444a-b2a0-0554fa349117" testId="12e90560-e7b6-10a4-fc77-532ede966db1" testName="BeautyStore.IntegrationTests.OrderEndpointsTests.GetMyOrders_AfterPlacingOrder_ContainsTheOrder" computerName="PRATIKSHA" duration="00:00:00.0010000" startTime="2026-06-26T18:01:43.5320617+05:30" endTime="2026-06-26T18:01:43.5320618+05:30" testType="13cdc9d9-ddb5-4fa4-a97d-d965ccfc6d4b" outcome="Failed" testListId="8c84fa94-04c1-424b-9868-57a2d4851a1d" relativeResultsDirectory="8b5a37ee-5741-444a-b2a0-0554fa349117">
      <Output>
        <ErrorInfo>
          <Message>[Test Class Cleanup Failure (BeautyStore.IntegrationTests.OrderEndpointsTests)]: System.IO.IOException : The process cannot access the file 'D:\thinkschool\BeautyStoreCapstone\tests\BeautyStore.IntegrationTests\bin\Release\net10.0\bstest-15f70784890242d19a68bb9c37570b98.db' because it is being used by another process.</Message>
          <StackTrace>   at System.IO.FileSystem.DeleteFile(String fullPath)&#xD;
   at BeautyStore.IntegrationTests.BeautyStoreWebApplicationFactory.DisposeAsync() in D:\thinkschool\BeautyStoreCapstone\tests\BeautyStore.IntegrationTests\BeautyStoreWebApplicationFactory.cs:line 151</StackTrace>
        </ErrorInfo>
      </Output>
    </UnitTestResult>
    <UnitTestResult executionId="3621dcfc-cf07-4c06-a53b-dff3ccfa2e12" testId="7886a3a6-64f3-08ea-5ecd-aa7122e228c8" testName="BeautyStore.IntegrationTests.OrderEndpointsTests.GetMyOrders_OnlyReturnsOwnOrders_NotOtherUsers" computerName="PRATIKSHA" duration="00:00:00.1380137" startTime="2026-06-26T18:01:43.3957954+05:30" endTime="2026-06-26T18:01:43.3957956+05:30" testType="13cdc9d9-ddb5-4fa4-a97d-d965ccfc6d4b" outcome="Passed" testListId="8c84fa94-04c1-424b-9868-57a2d4851a1d" relativeResultsDirectory="3621dcfc-cf07-4c06-a53b-dff3ccfa2e12" />
    <UnitTestResult executionId="d4eac2c6-fa11-4914-8d07-a55a9a4009d3" testId="f961614b-716a-6de6-d3d4-3c2dca1a3e6d" testName="BeautyStore.IntegrationTests.OrderEndpointsTests.PlaceOrder_NonExistentProduct_Returns404" computerName="PRATIKSHA" duration="00:00:00.0935469" startTime="2026-06-26T18:01:42.9588277+05:30" endTime="2026-06-26T18:01:42.9588281+05:30" testType="13cdc9d9-ddb5-4fa4-a97d-d965ccfc6d4b" outcome="Passed" testListId="8c84fa94-04c1-424b-9868-57a2d4851a1d" relativeResultsDirectory="d4eac2c6-fa11-4914-8d07-a55a9a4009d3" />
    <UnitTestResult executionId="a86dd088-4234-4471-a61a-4023faa7ec33" testId="dc76db43-7722-9f47-14f4-491c9c312c80" testName="BeautyStore.IntegrationTests.ProblemDetailsTests.AllResponses_IncludeCacheControlHeader" computerName="PRATIKSHA" duration="00:00:00.0074734" startTime="2026-06-26T18:01:43.8344221+05:30" endTime="2026-06-26T18:01:43.8344226+05:30" testType="13cdc9d9-ddb5-4fa4-a97d-d965ccfc6d4b" outcome="Passed" testListId="8c84fa94-04c1-424b-9868-57a2d4851a1d" relativeResultsDirectory="a86dd088-4234-4471-a61a-4023faa7ec33" />
    <UnitTestResult executionId="4b12e41f-dfc2-43d7-8bde-2b7d9f1cb868" testId="d7e49ced-3f6b-bb6f-b33e-1f2176e7c41f" testName="BeautyStore.IntegrationTests.CatalogEndpointsTests.GetProducts_DefaultPage_ContainsSeededProducts" computerName="PRATIKSHA" duration="00:00:00.2439797" startTime="2026-06-26T18:01:41.4417597+05:30" endTime="2026-06-26T18:01:41.4417602+05:30" testType="13cdc9d9-ddb5-4fa4-a97d-d965ccfc6d4b" outcome="Passed" testListId="8c84fa94-04c1-424b-9868-57a2d4851a1d" relativeResultsDirectory="4b12e41f-dfc2-43d7-8bde-2b7d9f1cb868" />
    <UnitTestResult executionId="dcaa1b02-7919-4993-9dfa-b459a13e993e" testId="d4bc6318-02d8-40aa-eda4-bebcb8c26ee4" testName="BeautyStore.IntegrationTests.OrderEndpointsTests.PlaceOrder_Quantity0_Returns400WithProblemDetails" computerName="PRATIKSHA" duration="00:00:00.0010000" startTime="2026-06-26T18:01:43.5317160+05:30" endTime="2026-06-26T18:01:43.5317160+05:30" testType="13cdc9d9-ddb5-4fa4-a97d-d965ccfc6d4b" outcome="Failed" testListId="8c84fa94-04c1-424b-9868-57a2d4851a1d" relativeResultsDirectory="dcaa1b02-7919-4993-9dfa-b459a13e993e">
      <Output>
        <ErrorInfo>
          <Message>[Test Class Cleanup Failure (BeautyStore.IntegrationTests.OrderEndpointsTests)]: System.IO.IOException : The process cannot access the file 'D:\thinkschool\BeautyStoreCapstone\tests\BeautyStore.IntegrationTests\bin\Release\net10.0\bstest-15f70784890242d19a68bb9c37570b98.db' because it is being used by another process.</Message>
          <StackTrace>   at System.IO.FileSystem.DeleteFile(String fullPath)&#xD;
   at BeautyStore.IntegrationTests.BeautyStoreWebApplicationFactory.DisposeAsync() in D:\thinkschool\BeautyStoreCapstone\tests\BeautyStore.IntegrationTests\BeautyStoreWebApplicationFactory.cs:line 151</StackTrace>
        </ErrorInfo>
      </Output>
    </UnitTestResult>
    <UnitTestResult executionId="5ee70765-0bc5-4542-93bf-8fd9acf6d317" testId="3ca527b8-b2fc-9def-0f43-b8ee266f3e0c" testName="BeautyStore.IntegrationTests.OrderEndpointsTests.DeleteOrder_NonExistentOrder_Returns404" computerName="PRATIKSHA" duration="00:00:00.0644939" startTime="2026-06-26T18:01:43.5299174+05:30" endTime="2026-06-26T18:01:43.5299176+05:30" testType="13cdc9d9-ddb5-4fa4-a97d-d965ccfc6d4b" outcome="Passed" testListId="8c84fa94-04c1-424b-9868-57a2d4851a1d" relativeResultsDirectory="5ee70765-0bc5-4542-93bf-8fd9acf6d317" />
    <UnitTestResult executionId="8606a724-93a6-446f-97bd-b65d50056674" testId="1681ecde-f71f-c5c3-40da-86a0042cd253" testName="BeautyStore.IntegrationTests.OrderEndpointsTests.PlaceOrder_ValidRequest_Returns201WithOrderId" computerName="PRATIKSHA" duration="00:00:00.0010000" startTime="2026-06-26T18:01:43.5317123+05:30" endTime="2026-06-26T18:01:43.5317124+05:30" testType="13cdc9d9-ddb5-4fa4-a97d-d965ccfc6d4b" outcome="Failed" testListId="8c84fa94-04c1-424b-9868-57a2d4851a1d" relativeResultsDirectory="8606a724-93a6-446f-97bd-b65d50056674">
      <Output>
        <ErrorInfo>
          <Message>[Test Class Cleanup Failure (BeautyStore.IntegrationTests.OrderEndpointsTests)]: System.IO.IOException : The process cannot access the file 'D:\thinkschool\BeautyStoreCapstone\tests\BeautyStore.IntegrationTests\bin\Release\net10.0\bstest-15f70784890242d19a68bb9c37570b98.db' because it is being used by another process.</Message>
          <StackTrace>   at System.IO.FileSystem.DeleteFile(String fullPath)&#xD;
   at BeautyStore.IntegrationTests.BeautyStoreWebApplicationFactory.DisposeAsync() in D:\thinkschool\BeautyStoreCapstone\tests\BeautyStore.IntegrationTests\BeautyStoreWebApplicationFactory.cs:line 151</StackTrace>
        </ErrorInfo>
      </Output>
    </UnitTestResult>
    <UnitTestResult executionId="6dd49459-34fa-4e08-8403-6db0e79c8e7f" testId="f1418616-ca6d-6d61-8dde-689ce7fb002b" testName="BeautyStore.IntegrationTests.OrderEndpointsTests.GetMyOrders_NoOrders_ReturnsEmptyArray" computerName="PRATIKSHA" duration="00:00:00.0645205" startTime="2026-06-26T18:01:43.1761947+05:30" endTime="2026-06-26T18:01:43.1761949+05:30" testType="13cdc9d9-ddb5-4fa4-a97d-d965ccfc6d4b" outcome="Passed" testListId="8c84fa94-04c1-424b-9868-57a2d4851a1d" relativeResultsDirectory="6dd49459-34fa-4e08-8403-6db0e79c8e7f" />
    <UnitTestResult executionId="f7fe2e81-9fae-4919-83ff-e9dc6e941359" testId="d3ff5400-e5ed-0dc4-3543-05d35ee813c9" testName="BeautyStore.IntegrationTests.CatalogEndpointsTests.GetProductsBySlug_InvalidSlug_Returns404" computerName="PRATIKSHA" duration="00:00:00.0249335" startTime="2026-06-26T18:01:41.4929523+05:30" endTime="2026-06-26T18:01:41.4929524+05:30" testType="13cdc9d9-ddb5-4fa4-a97d-d965ccfc6d4b" outcome="Passed" testListId="8c84fa94-04c1-424b-9868-57a2d4851a1d" relativeResultsDirectory="f7fe2e81-9fae-4919-83ff-e9dc6e941359" />
    <UnitTestResult executionId="f3654c2b-9bbd-429b-89f1-3519b1f3233c" testId="a01b1097-4600-9fac-09ee-564717bee212" testName="BeautyStore.IntegrationTests.ProblemDetailsTests.Unauthenticated_OrderRoute_Returns401ProblemDetails" computerName="PRATIKSHA" duration="00:00:00.0010000" startTime="2026-06-26T18:01:43.8427373+05:30" endTime="2026-06-26T18:01:43.8427375+05:30" testType="13cdc9d9-ddb5-4fa4-a97d-d965ccfc6d4b" outcome="Failed" testListId="8c84fa94-04c1-424b-9868-57a2d4851a1d" relativeResultsDirectory="f3654c2b-9bbd-429b-89f1-3519b1f3233c">
      <Output>
        <ErrorInfo>
          <Message>[Test Class Cleanup Failure (BeautyStore.IntegrationTests.ProblemDetailsTests)]: System.IO.IOException : The process cannot access the file 'D:\thinkschool\BeautyStoreCapstone\tests\BeautyStore.IntegrationTests\bin\Release\net10.0\bstest-0ad7afb5c1964afcbaca6dc0b52a0714.db' because it is being used by another process.</Message>
          <StackTrace>   at System.IO.FileSystem.DeleteFile(String fullPath)&#xD;
   at BeautyStore.IntegrationTests.BeautyStoreWebApplicationFactory.DisposeAsync() in D:\thinkschool\BeautyStoreCapstone\tests\BeautyStore.IntegrationTests\BeautyStoreWebApplicationFactory.cs:line 151</StackTrace>
        </ErrorInfo>
      </Output>
    </UnitTestResult>
    <UnitTestResult executionId="c9c7c094-4623-4e09-805e-fdb9c851d05c" testId="ede33150-583f-4dbe-2ca5-a8a4c79ff71d" testName="BeautyStore.IntegrationTests.ProblemDetailsTests.Unauthenticated_ProtectedRoute_Returns401ProblemDetails" computerName="PRATIKSHA" duration="00:00:00.0010000" startTime="2026-06-26T18:01:43.8420828+05:30" endTime="2026-06-26T18:01:43.8420830+05:30" testType="13cdc9d9-ddb5-4fa4-a97d-d965ccfc6d4b" outcome="Failed" testListId="8c84fa94-04c1-424b-9868-57a2d4851a1d" relativeResultsDirectory="c9c7c094-4623-4e09-805e-fdb9c851d05c">
      <Output>
        <ErrorInfo>
          <Message>[Test Class Cleanup Failure (BeautyStore.IntegrationTests.ProblemDetailsTests)]: System.IO.IOException : The process cannot access the file 'D:\thinkschool\BeautyStoreCapstone\tests\BeautyStore.IntegrationTests\bin\Release\net10.0\bstest-0ad7afb5c1964afcbaca6dc0b52a0714.db' because it is being used by another process.</Message>
          <StackTrace>   at System.IO.FileSystem.DeleteFile(String fullPath)&#xD;
   at BeautyStore.IntegrationTests.BeautyStoreWebApplicationFactory.DisposeAsync() in D:\thinkschool\BeautyStoreCapstone\tests\BeautyStore.IntegrationTests\BeautyStoreWebApplicationFactory.cs:line 151</StackTrace>
        </ErrorInfo>
      </Output>
    </UnitTestResult>
    <UnitTestResult executionId="ff6057cf-f409-4730-b0fc-d855b819a2b6" testId="3e5d5bf2-2f0c-f4dc-6cbb-0b470c56cfdc" testName="BeautyStore.IntegrationTests.AuthEndpointsTests.Me_WithValidJwt_Returns200WithProfile" computerName="PRATIKSHA" duration="00:00:00.0010000" startTime="2026-06-26T18:01:41.2040977+05:30" endTime="2026-06-26T18:01:41.2040978+05:30" testType="13cdc9d9-ddb5-4fa4-a97d-d965ccfc6d4b" outcome="Failed" testListId="8c84fa94-04c1-424b-9868-57a2d4851a1d" relativeResultsDirectory="ff6057cf-f409-4730-b0fc-d855b819a2b6">
      <Output>
        <ErrorInfo>
          <Message>[Test Class Cleanup Failure (BeautyStore.IntegrationTests.AuthEndpointsTests)]: System.IO.IOException : The process cannot access the file 'D:\thinkschool\BeautyStoreCapstone\tests\BeautyStore.IntegrationTests\bin\Release\net10.0\bstest-0f851d526f8e40a0b7fef8561fb8845c.db' because it is being used by another process.</Message>
          <StackTrace>   at System.IO.FileSystem.DeleteFile(String fullPath)&#xD;
   at BeautyStore.IntegrationTests.BeautyStoreWebApplicationFactory.DisposeAsync() in D:\thinkschool\BeautyStoreCapstone\tests\BeautyStore.IntegrationTests\BeautyStoreWebApplicationFactory.cs:line 151</StackTrace>
        </ErrorInfo>
      </Output>
    </UnitTestResult>
    <UnitTestResult executionId="a6286b25-ba61-4d22-9f32-34faf488cf86" testId="95cd671d-f3c3-fa6f-ac47-6befc833037e" testName="BeautyStore.IntegrationTests.AuthEndpointsTests.Register_DuplicateEmail_Returns400" computerName="PRATIKSHA" duration="00:00:00.1341440" startTime="2026-06-26T18:01:41.0309629+05:30" endTime="2026-06-26T18:01:41.0309632+05:30" testType="13cdc9d9-ddb5-4fa4-a97d-d965ccfc6d4b" outcome="Passed" testListId="8c84fa94-04c1-424b-9868-57a2d4851a1d" relativeResultsDirectory="a6286b25-ba61-4d22-9f32-34faf488cf86" />
    <UnitTestResult executionId="b04b8671-58c8-431d-a680-74ebc4d36819" testId="c43302ca-0628-1c6b-6863-f1675d1918f9" testName="BeautyStore.IntegrationTests.ProblemDetailsTests.NonExistentProduct_Returns404ProblemDetails_WithTypeAndTitle" computerName="PRATIKSHA" duration="00:00:00.0010000" startTime="2026-06-26T18:01:43.8427775+05:30" endTime="2026-06-26T18:01:43.8427776+05:30" testType="13cdc9d9-ddb5-4fa4-a97d-d965ccfc6d4b" outcome="Failed" testListId="8c84fa94-04c1-424b-9868-57a2d4851a1d" relativeResultsDirectory="b04b8671-58c8-431d-a680-74ebc4d36819">
      <Output>
        <ErrorInfo>
          <Message>[Test Class Cleanup Failure (BeautyStore.IntegrationTests.ProblemDetailsTests)]: System.IO.IOException : The process cannot access the file 'D:\thinkschool\BeautyStoreCapstone\tests\BeautyStore.IntegrationTests\bin\Release\net10.0\bstest-0ad7afb5c1964afcbaca6dc0b52a0714.db' because it is being used by another process.</Message>
          <StackTrace>   at System.IO.FileSystem.DeleteFile(String fullPath)&#xD;
   at BeautyStore.IntegrationTests.BeautyStoreWebApplicationFactory.DisposeAsync() in D:\thinkschool\BeautyStoreCapstone\tests\BeautyStore.IntegrationTests\BeautyStoreWebApplicationFactory.cs:line 151</StackTrace>
        </ErrorInfo>
      </Output>
    </UnitTestResult>
    <UnitTestResult executionId="2b1fe93b-1357-40b5-92f0-00300e8693e4" testId="83f372c5-ba9e-4adc-acae-0f580da01ad3" testName="BeautyStore.IntegrationTests.OrderEndpointsTests.PlaceOrder_NegativeQuantity_Returns400" computerName="PRATIKSHA" duration="00:00:00.0010000" startTime="2026-06-26T18:01:43.5317191+05:30" endTime="2026-06-26T18:01:43.5317191+05:30" testType="13cdc9d9-ddb5-4fa4-a97d-d965ccfc6d4b" outcome="Failed" testListId="8c84fa94-04c1-424b-9868-57a2d4851a1d" relativeResultsDirectory="2b1fe93b-1357-40b5-92f0-00300e8693e4">
      <Output>
        <ErrorInfo>
          <Message>[Test Class Cleanup Failure (BeautyStore.IntegrationTests.OrderEndpointsTests)]: System.IO.IOException : The process cannot access the file 'D:\thinkschool\BeautyStoreCapstone\tests\BeautyStore.IntegrationTests\bin\Release\net10.0\bstest-15f70784890242d19a68bb9c37570b98.db' because it is being used by another process.</Message>
          <StackTrace>   at System.IO.FileSystem.DeleteFile(String fullPath)&#xD;
   at BeautyStore.IntegrationTests.BeautyStoreWebApplicationFactory.DisposeAsync() in D:\thinkschool\BeautyStoreCapstone\tests\BeautyStore.IntegrationTests\BeautyStoreWebApplicationFactory.cs:line 151</StackTrace>
        </ErrorInfo>
      </Output>
    </UnitTestResult>
    <UnitTestResult executionId="bce5f1e3-8749-419f-98ef-3e6e56e525d7" testId="627764c9-55f9-9852-a741-fb2feb49759b" testName="BeautyStore.IntegrationTests.OrderEndpointsTests.PlaceOrder_WithoutAuth_Returns401" computerName="PRATIKSHA" duration="00:00:00.0010000" startTime="2026-06-26T18:01:43.5316899+05:30" endTime="2026-06-26T18:01:43.5316901+05:30" testType="13cdc9d9-ddb5-4fa4-a97d-d965ccfc6d4b" outcome="Failed" testListId="8c84fa94-04c1-424b-9868-57a2d4851a1d" relativeResultsDirectory="bce5f1e3-8749-419f-98ef-3e6e56e525d7">
      <Output>
        <ErrorInfo>
          <Message>[Test Class Cleanup Failure (BeautyStore.IntegrationTests.OrderEndpointsTests)]: System.IO.IOException : The process cannot access the file 'D:\thinkschool\BeautyStoreCapstone\tests\BeautyStore.IntegrationTests\bin\Release\net10.0\bstest-15f70784890242d19a68bb9c37570b98.db' because it is being used by another process.</Message>
          <StackTrace>   at System.IO.FileSystem.DeleteFile(String fullPath)&#xD;
   at BeautyStore.IntegrationTests.BeautyStoreWebApplicationFactory.DisposeAsync() in D:\thinkschool\BeautyStoreCapstone\tests\BeautyStore.IntegrationTests\BeautyStoreWebApplicationFactory.cs:line 151</StackTrace>
        </ErrorInfo>
      </Output>
    </UnitTestResult>
    <UnitTestResult executionId="0f60d3db-f40e-4084-82d2-167d05485a92" testId="83f372c5-ba9e-4adc-acae-0f580da01ad3" testName="BeautyStore.IntegrationTests.OrderEndpointsTests.PlaceOrder_NegativeQuantity_Returns400" computerName="PRATIKSHA" duration="00:00:00.0716024" startTime="2026-06-26T18:01:42.7099271+05:30" endTime="2026-06-26T18:01:42.7099274+05:30" testType="13cdc9d9-ddb5-4fa4-a97d-d965ccfc6d4b" outcome="Passed" testListId="8c84fa94-04c1-424b-9868-57a2d4851a1d" relativeResultsDirectory="0f60d3db-f40e-4084-82d2-167d05485a92" />
    <UnitTestResult executionId="1191774b-13ee-4cd2-ab49-0173e0fc8409" testId="ede33150-583f-4dbe-2ca5-a8a4c79ff71d" testName="BeautyStore.IntegrationTests.ProblemDetailsTests.Unauthenticated_ProtectedRoute_Returns401ProblemDetails" computerName="PRATIKSHA" duration="00:00:00.0040488" startTime="2026-06-26T18:01:43.7288216+05:30" endTime="2026-06-26T18:01:43.7288219+05:30" testType="13cdc9d9-ddb5-4fa4-a97d-d965ccfc6d4b" outcome="Failed" testListId="8c84fa94-04c1-424b-9868-57a2d4851a1d" relativeResultsDirectory="1191774b-13ee-4cd2-ab49-0173e0fc8409">
      <Output>
        <ErrorInfo>
          <Message>Expected response.Content.Headers.ContentType?.MediaType to be "application/problem+json" with a length of 24, but "application/json" has a length of 16, differs near "jso" (index 12).</Message>
          <StackTrace>   at FluentAssertions.Execution.XUnit2TestFramework.Throw(String message)&#xD;
   at FluentAssertions.Execution.TestFrameworkProvider.Throw(String message)&#xD;
   at FluentAssertions.Execution.DefaultAssertionStrategy.HandleFailure(String message)&#xD;
   at FluentAssertions.Execution.AssertionScope.FailWith(Func`1 failReasonFunc)&#xD;
   at FluentAssertions.Execution.AssertionScope.FailWith(Func`1 failReasonFunc)&#xD;
   at FluentAssertions.Primitives.StringEqualityValidator.ValidateAgainstLengthDifferences()&#xD;
   at FluentAssertions.Primitives.StringValidator.Validate()&#xD;
   at FluentAssertions.Primitives.StringAssertions`1.Be(String expected, String because, Object[] becauseArgs)&#xD;
   at BeautyStore.IntegrationTests.ProblemDetailsTests.Unauthenticated_ProtectedRoute_Returns401ProblemDetails() in D:\thinkschool\BeautyStoreCapstone\tests\BeautyStore.IntegrationTests\ProblemDetailsTests.cs:line 21&#xD;
--- End of stack trace from previous location ---</StackTrace>
        </ErrorInfo>
      </Output>
    </UnitTestResult>
    <UnitTestResult executionId="5dd51d94-e617-4906-b6ea-8769babd09b9" testId="c43302ca-0628-1c6b-6863-f1675d1918f9" testName="BeautyStore.IntegrationTests.ProblemDetailsTests.NonExistentProduct_Returns404ProblemDetails_WithTypeAndTitle" computerName="PRATIKSHA" duration="00:00:00.0057831" startTime="2026-06-26T18:01:43.8263701+05:30" endTime="2026-06-26T18:01:43.8263701+05:30" testType="13cdc9d9-ddb5-4fa4-a97d-d965ccfc6d4b" outcome="Passed" testListId="8c84fa94-04c1-424b-9868-57a2d4851a1d" relativeResultsDirectory="5dd51d94-e617-4906-b6ea-8769babd09b9" />
    <UnitTestResult executionId="01f3e526-70fc-4f52-b1d7-9bd3acd91d72" testId="ddbe43d7-2212-6ee6-657c-509f51560a09" testName="BeautyStore.IntegrationTests.AuthEndpointsTests.Login_ValidCredentials_Returns200WithAccessToken" computerName="PRATIKSHA" duration="00:00:00.0010000" startTime="2026-06-26T18:01:41.2035340+05:30" endTime="2026-06-26T18:01:41.2035340+05:30" testType="13cdc9d9-ddb5-4fa4-a97d-d965ccfc6d4b" outcome="Failed" testListId="8c84fa94-04c1-424b-9868-57a2d4851a1d" relativeResultsDirectory="01f3e526-70fc-4f52-b1d7-9bd3acd91d72">
      <Output>
        <ErrorInfo>
          <Message>[Test Class Cleanup Failure (BeautyStore.IntegrationTests.AuthEndpointsTests)]: System.IO.IOException : The process cannot access the file 'D:\thinkschool\BeautyStoreCapstone\tests\BeautyStore.IntegrationTests\bin\Release\net10.0\bstest-0f851d526f8e40a0b7fef8561fb8845c.db' because it is being used by another process.</Message>
          <StackTrace>   at System.IO.FileSystem.DeleteFile(String fullPath)&#xD;
   at BeautyStore.IntegrationTests.BeautyStoreWebApplicationFactory.DisposeAsync() in D:\thinkschool\BeautyStoreCapstone\tests\BeautyStore.IntegrationTests\BeautyStoreWebApplicationFactory.cs:line 151</StackTrace>
        </ErrorInfo>
      </Output>
    </UnitTestResult>
    <UnitTestResult executionId="f0e9dfed-48bd-41ca-a570-32b2b80b0295" testId="edb3eff3-6b3f-59bc-60d9-2468752fa17b" testName="BeautyStore.IntegrationTests.CatalogEndpointsTests.GetProducts_FilterByCategory_ReturnsOnlyCategoryProducts" computerName="PRATIKSHA" duration="00:00:00.0010000" startTime="2026-06-26T18:01:41.7032451+05:30" endTime="2026-06-26T18:01:41.7032452+05:30" testType="13cdc9d9-ddb5-4fa4-a97d-d965ccfc6d4b" outcome="Failed" testListId="8c84fa94-04c1-424b-9868-57a2d4851a1d" relativeResultsDirectory="f0e9dfed-48bd-41ca-a570-32b2b80b0295">
      <Output>
        <ErrorInfo>
          <Message>[Test Class Cleanup Failure (BeautyStore.IntegrationTests.CatalogEndpointsTests)]: System.IO.IOException : The process cannot access the file 'D:\thinkschool\BeautyStoreCapstone\tests\BeautyStore.IntegrationTests\bin\Release\net10.0\bstest-350f87ce0d204e04810a62cce9e278ed.db' because it is being used by another process.</Message>
          <StackTrace>   at System.IO.FileSystem.DeleteFile(String fullPath)&#xD;
   at BeautyStore.IntegrationTests.BeautyStoreWebApplicationFactory.DisposeAsync() in D:\thinkschool\BeautyStoreCapstone\tests\BeautyStore.IntegrationTests\BeautyStoreWebApplicationFactory.cs:line 151</StackTrace>
        </ErrorInfo>
      </Output>
    </UnitTestResult>
    <UnitTestResult executionId="bb986c78-eeed-407e-b15c-874edb750b6b" testId="9ab04eb9-a03b-5b8c-8b86-3a0cffcd0a4f" testName="BeautyStore.IntegrationTests.AuthEndpointsTests.Register_MissingEmail_Returns400" computerName="PRATIKSHA" duration="00:00:03.6216722" startTime="2026-06-26T18:01:40.0694902+05:30" endTime="2026-06-26T18:01:40.0695385+05:30" testType="13cdc9d9-ddb5-4fa4-a97d-d965ccfc6d4b" outcome="Passed" testListId="8c84fa94-04c1-424b-9868-57a2d4851a1d" relativeResultsDirectory="bb986c78-eeed-407e-b15c-874edb750b6b" />
    <UnitTestResult executionId="b685926b-eed9-4bf8-ad5c-0c6675d4746f" testId="cd65b010-8516-d493-a242-573763bc70c8" testName="BeautyStore.IntegrationTests.CatalogEndpointsTests.GetCategories_IsPublic_NoAuthRequired" computerName="PRATIKSHA" duration="00:00:00.0137380" startTime="2026-06-26T18:01:41.6757930+05:30" endTime="2026-06-26T18:01:41.6757933+05:30" testType="13cdc9d9-ddb5-4fa4-a97d-d965ccfc6d4b" outcome="Passed" testListId="8c84fa94-04c1-424b-9868-57a2d4851a1d" relativeResultsDirectory="b685926b-eed9-4bf8-ad5c-0c6675d4746f" />
    <UnitTestResult executionId="ff91a07a-5ba7-40df-b29d-9f4d80d13ea1" testId="0d2fda38-dbf9-9a16-9c82-38c10e88560b" testName="BeautyStore.IntegrationTests.CatalogEndpointsTests.GetCategories_Returns200WithSeededCategories" computerName="PRATIKSHA" duration="00:00:00.0010000" startTime="2026-06-26T18:01:41.7027466+05:30" endTime="2026-06-26T18:01:41.7027470+05:30" testType="13cdc9d9-ddb5-4fa4-a97d-d965ccfc6d4b" outcome="Failed" testListId="8c84fa94-04c1-424b-9868-57a2d4851a1d" relativeResultsDirectory="ff91a07a-5ba7-40df-b29d-9f4d80d13ea1">
      <Output>
        <ErrorInfo>
          <Message>[Test Class Cleanup Failure (BeautyStore.IntegrationTests.CatalogEndpointsTests)]: System.IO.IOException : The process cannot access the file 'D:\thinkschool\BeautyStoreCapstone\tests\BeautyStore.IntegrationTests\bin\Release\net10.0\bstest-350f87ce0d204e04810a62cce9e278ed.db' because it is being used by another process.</Message>
          <StackTrace>   at System.IO.FileSystem.DeleteFile(String fullPath)&#xD;
   at BeautyStore.IntegrationTests.BeautyStoreWebApplicationFactory.DisposeAsync() in D:\thinkschool\BeautyStoreCapstone\tests\BeautyStore.IntegrationTests\BeautyStoreWebApplicationFactory.cs:line 151</StackTrace>
        </ErrorInfo>
      </Output>
    </UnitTestResult>
    <UnitTestResult executionId="25cf58d8-8bca-40c4-982c-3106317b82bd" testId="154dbc56-6b54-66d5-55c5-53ad369cb47b" testName="BeautyStore.IntegrationTests.AuthEndpointsTests.Register_ValidRequest_Returns200WithTokens" computerName="PRATIKSHA" duration="00:00:00.0010000" startTime="2026-06-26T18:01:41.2032618+05:30" endTime="2026-06-26T18:01:41.2032625+05:30" testType="13cdc9d9-ddb5-4fa4-a97d-d965ccfc6d4b" outcome="Failed" testListId="8c84fa94-04c1-424b-9868-57a2d4851a1d" relativeResultsDirectory="25cf58d8-8bca-40c4-982c-3106317b82bd">
      <Output>
        <ErrorInfo>
          <Message>[Test Class Cleanup Failure (BeautyStore.IntegrationTests.AuthEndpointsTests)]: System.IO.IOException : The process cannot access the file 'D:\thinkschool\BeautyStoreCapstone\tests\BeautyStore.IntegrationTests\bin\Release\net10.0\bstest-0f851d526f8e40a0b7fef8561fb8845c.db' because it is being used by another process.</Message>
          <StackTrace>   at System.IO.FileSystem.DeleteFile(String fullPath)&#xD;
   at BeautyStore.IntegrationTests.BeautyStoreWebApplicationFactory.DisposeAsync() in D:\thinkschool\BeautyStoreCapstone\tests\BeautyStore.IntegrationTests\BeautyStoreWebApplicationFactory.cs:line 151</StackTrace>
        </ErrorInfo>
      </Output>
    </UnitTestResult>
    <UnitTestResult executionId="a99b3978-7ed7-4b4c-917f-6a279757a2e3" testId="6988dfca-d3d9-5e25-2d0e-c41f18c22f18" testName="BeautyStore.IntegrationTests.ProblemDetailsTests.PlaceOrder_QuantityZero_Returns400ProblemDetails" computerName="PRATIKSHA" duration="00:00:00.0010000" startTime="2026-06-26T18:01:43.8427826+05:30" endTime="2026-06-26T18:01:43.8427827+05:30" testType="13cdc9d9-ddb5-4fa4-a97d-d965ccfc6d4b" outcome="Failed" testListId="8c84fa94-04c1-424b-9868-57a2d4851a1d" relativeResultsDirectory="a99b3978-7ed7-4b4c-917f-6a279757a2e3">
      <Output>
        <ErrorInfo>
          <Message>[Test Class Cleanup Failure (BeautyStore.IntegrationTests.ProblemDetailsTests)]: System.IO.IOException : The process cannot access the file 'D:\thinkschool\BeautyStoreCapstone\tests\BeautyStore.IntegrationTests\bin\Release\net10.0\bstest-0ad7afb5c1964afcbaca6dc0b52a0714.db' because it is being used by another process.</Message>
          <StackTrace>   at System.IO.FileSystem.DeleteFile(String fullPath)&#xD;
   at BeautyStore.IntegrationTests.BeautyStoreWebApplicationFactory.DisposeAsync() in D:\thinkschool\BeautyStoreCapstone\tests\BeautyStore.IntegrationTests\BeautyStoreWebApplicationFactory.cs:line 151</StackTrace>
        </ErrorInfo>
      </Output>
    </UnitTestResult>
    <UnitTestResult executionId="052d47d7-f77e-4f51-a38c-cd1e12e57b5e" testId="995b1411-9313-fa94-9768-40e854fdba34" testName="BeautyStore.IntegrationTests.CatalogEndpointsTests.GetCategories_ContainsMakeupCategory" computerName="PRATIKSHA" duration="00:00:00.0037004" startTime="2026-06-26T18:01:41.6893139+05:30" endTime="2026-06-26T18:01:41.6893142+05:30" testType="13cdc9d9-ddb5-4fa4-a97d-d965ccfc6d4b" outcome="Passed" testListId="8c84fa94-04c1-424b-9868-57a2d4851a1d" relativeResultsDirectory="052d47d7-f77e-4f51-a38c-cd1e12e57b5e" />
    <UnitTestResult executionId="b8bb9853-2b02-4a61-ab80-b295b7d3bbf3" testId="39133b66-1118-be20-3ef4-74d5716d7f73" testName="BeautyStore.IntegrationTests.ProblemDetailsTests.HealthLiveness_Returns200" computerName="PRATIKSHA" duration="00:00:00.0010000" startTime="2026-06-26T18:01:43.8428029+05:30" endTime="2026-06-26T18:01:43.8428030+05:30" testType="13cdc9d9-ddb5-4fa4-a97d-d965ccfc6d4b" outcome="Failed" testListId="8c84fa94-04c1-424b-9868-57a2d4851a1d" relativeResultsDirectory="b8bb9853-2b02-4a61-ab80-b295b7d3bbf3">
      <Output>
        <ErrorInfo>
          <Message>[Test Class Cleanup Failure (BeautyStore.IntegrationTests.ProblemDetailsTests)]: System.IO.IOException : The process cannot access the file 'D:\thinkschool\BeautyStoreCapstone\tests\BeautyStore.IntegrationTests\bin\Release\net10.0\bstest-0ad7afb5c1964afcbaca6dc0b52a0714.db' because it is being used by another process.</Message>
          <StackTrace>   at System.IO.FileSystem.DeleteFile(String fullPath)&#xD;
   at BeautyStore.IntegrationTests.BeautyStoreWebApplicationFactory.DisposeAsync() in D:\thinkschool\BeautyStoreCapstone\tests\BeautyStore.IntegrationTests\BeautyStoreWebApplicationFactory.cs:line 151</StackTrace>
        </ErrorInfo>
      </Output>
    </UnitTestResult>
    <UnitTestResult executionId="c5769308-f71e-40c3-8168-f1bbac79e913" testId="a3448d90-05c5-5368-f5cc-3190a6c4a769" testName="BeautyStore.IntegrationTests.AuthEndpointsTests.Login_WrongPassword_Returns401" computerName="PRATIKSHA" duration="00:00:00.4663304" startTime="2026-06-26T18:01:40.5439907+05:30" endTime="2026-06-26T18:01:40.5439912+05:30" testType="13cdc9d9-ddb5-4fa4-a97d-d965ccfc6d4b" outcome="Passed" testListId="8c84fa94-04c1-424b-9868-57a2d4851a1d" relativeResultsDirectory="c5769308-f71e-40c3-8168-f1bbac79e913" />
    <UnitTestResult executionId="616a8630-492c-44e5-a471-ccf400ecb310" testId="9050a834-1024-54b1-6436-730a68b540ce" testName="BeautyStore.IntegrationTests.CatalogEndpointsTests.SearchProducts_ByName_ReturnsMatchingProducts" computerName="PRATIKSHA" duration="00:00:00.0253693" startTime="2026-06-26T18:01:41.4676429+05:30" endTime="2026-06-26T18:01:41.4676433+05:30" testType="13cdc9d9-ddb5-4fa4-a97d-d965ccfc6d4b" outcome="Passed" testListId="8c84fa94-04c1-424b-9868-57a2d4851a1d" relativeResultsDirectory="616a8630-492c-44e5-a471-ccf400ecb310" />
    <UnitTestResult executionId="88787512-5580-4b71-ba3c-4ef56bb3f3ec" testId="143ed397-23a9-3b23-370d-de4bdb2986fc" testName="BeautyStore.IntegrationTests.ProblemDetailsTests.Register_WeakPassword_Returns400ProblemDetailsOrArray" computerName="PRATIKSHA" duration="00:00:00.0010000" startTime="2026-06-26T18:01:43.8427871+05:30" endTime="2026-06-26T18:01:43.8427871+05:30" testType="13cdc9d9-ddb5-4fa4-a97d-d965ccfc6d4b" outcome="Failed" testListId="8c84fa94-04c1-424b-9868-57a2d4851a1d" relativeResultsDirectory="88787512-5580-4b71-ba3c-4ef56bb3f3ec">
      <Output>
        <ErrorInfo>
          <Message>[Test Class Cleanup Failure (BeautyStore.IntegrationTests.ProblemDetailsTests)]: System.IO.IOException : The process cannot access the file 'D:\thinkschool\BeautyStoreCapstone\tests\BeautyStore.IntegrationTests\bin\Release\net10.0\bstest-0ad7afb5c1964afcbaca6dc0b52a0714.db' because it is being used by another process.</Message>
[...]
      SELECT "u"."UserId", "u"."RoleId"&#xD;
      FROM "UserRoles" AS "u"&#xD;
      WHERE "u"."UserId" = @p AND "u"."RoleId" = @p1&#xD;
      LIMIT 1&#xD;
info: Microsoft.EntityFrameworkCore.Database.Command[20101]&#xD;
      Executed DbCommand (0ms) [Parameters=[@normalizedRoleName='?' (Size = 8)], CommandType='Text', CommandTimeout='30']&#xD;
      SELECT "r"."Id", "r"."ConcurrencyStamp", "r"."Name", "r"."NormalizedName"&#xD;
      FROM "Roles" AS "r"&#xD;
      WHERE "r"."NormalizedName" = @normalizedRoleName&#xD;
      LIMIT 2&#xD;
info: Microsoft.EntityFrameworkCore.Database.Command[20101]&#xD;
      Executed DbCommand (0ms) [Parameters=[@normalizedUserName='?' (Size = 54)], CommandType='Text', CommandTimeout='30']&#xD;
      SELECT "u"."Id", "u"."AccessFailedCount", "u"."ConcurrencyStamp", "u"."CreatedAt", "u"."Email", "u"."EmailConfirmed", "u"."FullName", "u"."LockoutEnabled", "u"."LockoutEnd", "u"."NormalizedEmail", "u"."NormalizedUserName", "u"."PasswordHash", "u"."PhoneNumber", "u"."PhoneNumberConfirmed", "u"."SecurityStamp", "u"."TwoFactorEnabled", "u"."UserName"&#xD;
      FROM "Users" AS "u"&#xD;
      WHERE "u"."NormalizedUserName" = @normalizedUserName&#xD;
      LIMIT 1&#xD;
info: Microsoft.EntityFrameworkCore.Database.Command[20101]&#xD;
      Executed DbCommand (0ms) [Parameters=[@normalizedEmail='?' (Size = 54)], CommandType='Text', CommandTimeout='30']&#xD;
      SELECT "u"."Id", "u"."AccessFailedCount", "u"."ConcurrencyStamp", "u"."CreatedAt", "u"."Email", "u"."EmailConfirmed", "u"."FullName", "u"."LockoutEnabled", "u"."LockoutEnd", "u"."NormalizedEmail", "u"."NormalizedUserName", "u"."PasswordHash", "u"."PhoneNumber", "u"."PhoneNumberConfirmed", "u"."SecurityStamp", "u"."TwoFactorEnabled", "u"."UserName"&#xD;
      FROM "Users" AS "u"&#xD;
      WHERE "u"."NormalizedEmail" = @normalizedEmail&#xD;
      LIMIT 2&#xD;
info: Microsoft.EntityFrameworkCore.Database.Command[20101]&#xD;
      Executed DbCommand (0ms) [Parameters=[@p0='?' (Size = 36), @p1='?' (Size = 36)], CommandType='Text', CommandTimeout='30']&#xD;
      INSERT INTO "UserRoles" ("RoleId", "UserId")&#xD;
      VALUES (@p0, @p1);&#xD;
info: Microsoft.EntityFrameworkCore.Database.Command[20101]&#xD;
      Executed DbCommand (0ms) [Parameters=[@p16='?' (Size = 36), @p0='?' (DbType = Int32), @p1='?' (Size = 36), @p17='?' (Size = 36), @p2='?' (DbType = DateTime), @p3='?' (Size = 54), @p4='?' (DbType = Boolean), @p5='?' (Size = 9), @p6='?' (DbType = Boolean), @p7='?' (DbType = DateTimeOffset), @p8='?' (Size = 54), @p9='?' (Size = 54), @p10='?' (Size = 84), @p11='?', @p12='?' (DbType = Boolean), @p13='?' (Size = 32), @p14='?' (DbType = Boolean), @p15='?' (Size = 54)], CommandType='Text', CommandTimeout='30']&#xD;
      UPDATE "Users" SET "AccessFailedCount" = @p0, "ConcurrencyStamp" = @p1, "CreatedAt" = @p2, "Email" = @p3, "EmailConfirmed" = @p4, "FullName" = @p5, "LockoutEnabled" = @p6, "LockoutEnd" = @p7, "NormalizedEmail" = @p8, "NormalizedUserName" = @p9, "PasswordHash" = @p10, "PhoneNumber" = @p11, "PhoneNumberConfirmed" = @p12, "SecurityStamp" = @p13, "TwoFactorEnabled" = @p14, "UserName" = @p15&#xD;
      WHERE "Id" = @p16 AND "ConcurrencyStamp" = @p17&#xD;
      RETURNING 1;&#xD;
info: Microsoft.EntityFrameworkCore.Database.Command[20101]&#xD;
      Executed DbCommand (0ms) [Parameters=[@userId='?' (Size = 36)], CommandType='Text', CommandTimeout='30']&#xD;
      SELECT "r"."Name"&#xD;
      FROM "UserRoles" AS "u"&#xD;
      INNER JOIN "Roles" AS "r" ON "u"."RoleId" = "r"."Id"&#xD;
      WHERE "u"."UserId" = @userId&#xD;
info: Microsoft.EntityFrameworkCore.Database.Command[20101]&#xD;
      Executed DbCommand (0ms) [Parameters=[@p='?' (Size = 36), @p1='?' (Size = 11), @p2='?' (Size = 12)], CommandType='Text', CommandTimeout='30']&#xD;
      SELECT "u"."UserId", "u"."LoginProvider", "u"."Name", "u"."Value"&#xD;
      FROM "UserTokens" AS "u"&#xD;
      WHERE "u"."UserId" = @p AND "u"."LoginProvider" = @p1 AND "u"."Name" = @p2&#xD;
      LIMIT 1&#xD;
info: Microsoft.EntityFrameworkCore.Database.Command[20101]&#xD;
      Executed DbCommand (0ms) [Parameters=[@normalizedUserName='?' (Size = 54)], CommandType='Text', CommandTimeout='30']&#xD;
      SELECT "u"."Id", "u"."AccessFailedCount", "u"."ConcurrencyStamp", "u"."CreatedAt", "u"."Email", "u"."EmailConfirmed", "u"."FullName", "u"."LockoutEnabled", "u"."LockoutEnd", "u"."NormalizedEmail", "u"."NormalizedUserName", "u"."PasswordHash", "u"."PhoneNumber", "u"."PhoneNumberConfirmed", "u"."SecurityStamp", "u"."TwoFactorEnabled", "u"."UserName"&#xD;
      FROM "Users" AS "u"&#xD;
      WHERE "u"."NormalizedUserName" = @normalizedUserName&#xD;
      LIMIT 1&#xD;
info: Microsoft.EntityFrameworkCore.Database.Command[20101]&#xD;
      Executed DbCommand (0ms) [Parameters=[@normalizedEmail='?' (Size = 54)], CommandType='Text', CommandTimeout='30']&#xD;
      SELECT "u"."Id", "u"."AccessFailedCount", "u"."ConcurrencyStamp", "u"."CreatedAt", "u"."Email", "u"."EmailConfirmed", "u"."FullName", "u"."LockoutEnabled", "u"."LockoutEnd", "u"."NormalizedEmail", "u"."NormalizedUserName", "u"."PasswordHash", "u"."PhoneNumber", "u"."PhoneNumberConfirmed", "u"."SecurityStamp", "u"."TwoFactorEnabled", "u"."UserName"&#xD;
      FROM "Users" AS "u"&#xD;
      WHERE "u"."NormalizedEmail" = @normalizedEmail&#xD;
      LIMIT 2&#xD;
info: Microsoft.EntityFrameworkCore.Database.Command[20101]&#xD;
      Executed DbCommand (0ms) [Parameters=[@p0='?' (Size = 11), @p1='?' (Size = 12), @p2='?' (Size = 36), @p3='?' (Size = 88)], CommandType='Text', CommandTimeout='30']&#xD;
      INSERT INTO "UserTokens" ("LoginProvider", "Name", "UserId", "Value")&#xD;
      VALUES (@p0, @p1, @p2, @p3);&#xD;
info: Microsoft.EntityFrameworkCore.Database.Command[20101]&#xD;
      Executed DbCommand (0ms) [Parameters=[@p16='?' (Size = 36), @p0='?' (DbType = Int32), @p1='?' (Size = 36), @p17='?' (Size = 36), @p2='?' (DbType = DateTime), @p3='?' (Size = 54), @p4='?' (DbType = Boolean), @p5='?' (Size = 9), @p6='?' (DbType = Boolean), @p7='?' (DbType = DateTimeOffset), @p8='?' (Size = 54), @p9='?' (Size = 54), @p10='?' (Size = 84), @p11='?', @p12='?' (DbType = Boolean), @p13='?' (Size = 32), @p14='?' (DbType = Boolean), @p15='?' (Size = 54)], CommandType='Text', CommandTimeout='30']&#xD;
      UPDATE "Users" SET "AccessFailedCount" = @p0, "ConcurrencyStamp" = @p1, "CreatedAt" = @p2, "Email" = @p3, "EmailConfirmed" = @p4, "FullName" = @p5, "LockoutEnabled" = @p6, "LockoutEnd" = @p7, "NormalizedEmail" = @p8, "NormalizedUserName" = @p9, "PasswordHash" = @p10, "PhoneNumber" = @p11, "PhoneNumberConfirmed" = @p12, "SecurityStamp" = @p13, "TwoFactorEnabled" = @p14, "UserName" = @p15&#xD;
      WHERE "Id" = @p16 AND "ConcurrencyStamp" = @p17&#xD;
      RETURNING 1;&#xD;
info: Microsoft.AspNetCore.Http.Result.OkObjectResult[1]&#xD;
      Setting HTTP status code 200.&#xD;
info: Microsoft.AspNetCore.Http.Result.OkObjectResult[3]&#xD;
      Writing value of type 'AuthResponse' as Json.&#xD;
info: Microsoft.AspNetCore.Routing.EndpointMiddleware[1]&#xD;
      Executed endpoint 'HTTP: POST /api/auth/register'&#xD;
info: Microsoft.AspNetCore.Hosting.Diagnostics[2]&#xD;
      Request finished HTTP/1.1 POST http://localhost/api/auth/register - 200 - application/json;+charset=utf-8 62.9195ms&#xD;
info: Microsoft.AspNetCore.Hosting.Diagnostics[1]&#xD;
      Request starting HTTP/1.1 POST http://localhost/api/orders - application/json;+charset=utf-8 28&#xD;
info: Microsoft.AspNetCore.Routing.EndpointMiddleware[0]&#xD;
      Executing endpoint 'HTTP: POST /api/orders/'&#xD;
info: Microsoft.AspNetCore.Routing.EndpointMiddleware[1]&#xD;
      Executed endpoint 'HTTP: POST /api/orders/'&#xD;
warn: BeautyStore.Api.Middleware.ExceptionHandlingMiddleware[0]&#xD;
      Exception ValidationException | POST /api/orders | Status 400 | User 178efb57-a303-40df-99c4-9bc5076374a9 | TraceId 0HNMJFRFHPL09&#xD;
      BeautyStore.Api.Exceptions.ValidationException: Quantity must be at least 1.&#xD;
         at BeautyStore.Api.Orders.OrderEndpoints.&lt;&gt;c.&lt;&lt;MapOrderEndpoints&gt;b__0_0&gt;d.MoveNext() in D:\thinkschool\BeautyStoreCapstone\src\BeautyStore.Api\Orders\OrderEndpoints.cs:line 30&#xD;
      --- End of stack trace from previous location ---&#xD;
         at Microsoft.AspNetCore.Http.RequestDelegateFactory.ExecuteTaskResult[T](Task`1 task, HttpContext httpContext)&#xD;
         at Microsoft.AspNetCore.Http.RequestDelegateFactory.&lt;&gt;c__DisplayClass102_2.&lt;&lt;HandleRequestBodyAndCompileRequestDelegateForJson&gt;b__2&gt;d.MoveNext()&#xD;
      --- End of stack trace from previous location ---&#xD;
         at Microsoft.AspNetCore.Routing.EndpointMiddleware.&lt;Invoke&gt;g__AwaitRequestTask|7_0(Endpoint endpoint, Task requestTask, ILogger logger)&#xD;
         at Microsoft.AspNetCore.Authorization.AuthorizationMiddleware.Invoke(HttpContext context)&#xD;
         at Microsoft.AspNetCore.Authentication.AuthenticationMiddleware.Invoke(HttpContext context)&#xD;
         at Microsoft.AspNetCore.RateLimiting.RateLimitingMiddleware.InvokeInternal(HttpContext context, EnableRateLimitingAttribute enableRateLimitingAttribute)&#xD;
         at Program.&lt;&gt;c.&lt;&lt;&lt;Main&gt;$&gt;b__0_8&gt;d.MoveNext() in D:\thinkschool\BeautyStoreCapstone\src\BeautyStore.Api\Program.cs:line 249&#xD;
      --- End of stack trace from previous location ---&#xD;
         at Microsoft.AspNetCore.Diagnostics.StatusCodePagesMiddleware.Invoke(HttpContext context)&#xD;
         at BeautyStore.Api.Middleware.ExceptionHandlingMiddleware.InvokeAsync(HttpContext context) in D:\thinkschool\BeautyStoreCapstone\src\BeautyStore.Api\Middleware\ExceptionHandlingMiddleware.cs:line 26&#xD;
info: Microsoft.AspNetCore.Hosting.Diagnostics[2]&#xD;
      Request finished HTTP/1.1 POST http://localhost/api/orders - 400 - application/problem+json 5.0996ms&#xD;
info: Microsoft.AspNetCore.Hosting.Diagnostics[1]&#xD;
      Request starting HTTP/1.1 GET http://localhost/api/catalog/products/88888 - - -&#xD;
info: Microsoft.AspNetCore.Routing.EndpointMiddleware[0]&#xD;
      Executing endpoint 'HTTP: GET /api/catalog/products/{id:int}'&#xD;
info: Microsoft.EntityFrameworkCore.Database.Command[20101]&#xD;
      Executed DbCommand (0ms) [Parameters=[@id='?' (DbType = Int32)], CommandType='Text', CommandTimeout='30']&#xD;
      SELECT "p"."Id", "p"."CategoryId", "c"."Name" AS "CategoryName", "c"."Slug" AS "CategorySlug", "p"."Name", "p"."Brand", "p"."Description", "p"."Price", "p"."Rating", "p"."Stock", "p"."ImageUrl", "p"."IsFeatured"&#xD;
      FROM "Products" AS "p"&#xD;
      INNER JOIN "Categories" AS "c" ON "p"."CategoryId" = "c"."Id"&#xD;
      WHERE "p"."Id" = @id AND "p"."IsActive"&#xD;
      LIMIT 1&#xD;
info: Microsoft.AspNetCore.Routing.EndpointMiddleware[1]&#xD;
      Executed endpoint 'HTTP: GET /api/catalog/products/{id:int}'&#xD;
warn: BeautyStore.Api.Middleware.ExceptionHandlingMiddleware[0]&#xD;
      Exception NotFoundException | GET /api/catalog/products/88888 | Status 404 | User anonymous | TraceId 0HNMJFRFHPL0A&#xD;
      BeautyStore.Api.Exceptions.NotFoundException: Product 88888 not found.&#xD;
         at BeautyStore.Api.Catalog.CatalogEndpoints.&lt;&gt;c.&lt;&lt;MapCatalogEndpoints&gt;b__0_2&gt;d.MoveNext() in D:\thinkschool\BeautyStoreCapstone\src\BeautyStore.Api\Catalog\CatalogEndpoints.cs:line 80&#xD;
      --- End of stack trace from previous location ---&#xD;
         at Microsoft.AspNetCore.Http.RequestDelegateFactory.ExecuteTaskResult[T](Task`1 task, HttpContext httpContext)&#xD;
         at Microsoft.AspNetCore.Routing.EndpointMiddleware.&lt;Invoke&gt;g__AwaitRequestTask|7_0(Endpoint endpoint, Task requestTask, ILogger logger)&#xD;
         at Microsoft.AspNetCore.Authorization.AuthorizationMiddleware.Invoke(HttpContext context)&#xD;
         at Microsoft.AspNetCore.Authentication.AuthenticationMiddleware.Invoke(HttpContext context)&#xD;
         at Microsoft.AspNetCore.RateLimiting.RateLimitingMiddleware.InvokeInternal(HttpContext context, EnableRateLimitingAttribute enableRateLimitingAttribute)&#xD;
         at Program.&lt;&gt;c.&lt;&lt;&lt;Main&gt;$&gt;b__0_8&gt;d.MoveNext() in D:\thinkschool\BeautyStoreCapstone\src\BeautyStore.Api\Program.cs:line 249&#xD;
      --- End of stack trace from previous location ---&#xD;
         at Microsoft.AspNetCore.Diagnostics.StatusCodePagesMiddleware.Invoke(HttpContext context)&#xD;
         at BeautyStore.Api.Middleware.ExceptionHandlingMiddleware.InvokeAsync(HttpContext context) in D:\thinkschool\BeautyStoreCapstone\src\BeautyStore.Api\Middleware\ExceptionHandlingMiddleware.cs:line 26&#xD;
info: Microsoft.AspNetCore.Hosting.Diagnostics[2]&#xD;
      Request finished HTTP/1.1 GET http://localhost/api/catalog/products/88888 - 404 - application/problem+json 3.4228ms&#xD;
info: Microsoft.AspNetCore.Hosting.Diagnostics[1]&#xD;
      Request starting HTTP/1.1 GET http://localhost/api/catalog/products - - -&#xD;
info: Microsoft.AspNetCore.Routing.EndpointMiddleware[0]&#xD;
      Executing endpoint 'HTTP: GET /api/catalog/products'&#xD;
info: Microsoft.EntityFrameworkCore.Database.Command[20101]&#xD;
      Executed DbCommand (0ms) [Parameters=[], CommandType='Text', CommandTimeout='30']&#xD;
      SELECT COUNT(*)&#xD;
      FROM "Products" AS "p"&#xD;
      WHERE "p"."IsActive"&#xD;
info: Microsoft.EntityFrameworkCore.Database.Command[20101]&#xD;
      Executed DbCommand (0ms) [Parameters=[@p1='?' (DbType = Int32), @p='?' (DbType = Int32)], CommandType='Text', CommandTimeout='30']&#xD;
      SELECT "p0"."Id", "p0"."CategoryId", "c"."Name", "p0"."Name", "p0"."Brand", "p0"."Price", "p0"."Rating", "p0"."Stock", "p0"."ImageUrl", "p0"."IsFeatured"&#xD;
      FROM (&#xD;
          SELECT "p"."Id", "p"."Brand", "p"."CategoryId", "p"."ImageUrl", "p"."IsFeatured", "p"."Name", "p"."Price", "p"."Rating", "p"."Stock"&#xD;
          FROM "Products" AS "p"&#xD;
          WHERE "p"."IsActive"&#xD;
          ORDER BY "p"."IsFeatured" DESC, "p"."Id"&#xD;
          LIMIT @p1 OFFSET @p&#xD;
      ) AS "p0"&#xD;
      INNER JOIN "Categories" AS "c" ON "p0"."CategoryId" = "c"."Id"&#xD;
      ORDER BY "p0"."IsFeatured" DESC, "p0"."Id"&#xD;
info: Microsoft.AspNetCore.Http.Result.OkObjectResult[1]&#xD;
      Setting HTTP status code 200.&#xD;
info: Microsoft.AspNetCore.Http.Result.OkObjectResult[3]&#xD;
      Writing value of type 'PagedResult`1' as Json.&#xD;
info: Microsoft.AspNetCore.Routing.EndpointMiddleware[1]&#xD;
      Executed endpoint 'HTTP: GET /api/catalog/products'&#xD;
info: Microsoft.AspNetCore.Hosting.Diagnostics[2]&#xD;
      Request finished HTTP/1.1 GET http://localhost/api/catalog/products - 200 - application/json;+charset=utf-8 4.9145ms&#xD;
info: Microsoft.AspNetCore.Hosting.Diagnostics[1]&#xD;
      Request starting HTTP/1.1 GET http://localhost/api/catalog/products - - -&#xD;
info: Microsoft.AspNetCore.Routing.EndpointMiddleware[0]&#xD;
      Executing endpoint 'HTTP: GET /api/catalog/products'&#xD;
info: Microsoft.EntityFrameworkCore.Database.Command[20101]&#xD;
      Executed DbCommand (0ms) [Parameters=[], CommandType='Text', CommandTimeout='30']&#xD;
      SELECT COUNT(*)&#xD;
      FROM "Products" AS "p"&#xD;
      WHERE "p"."IsActive"&#xD;
info: Microsoft.EntityFrameworkCore.Database.Command[20101]&#xD;
      Executed DbCommand (0ms) [Parameters=[@p1='?' (DbType = Int32), @p='?' (DbType = Int32)], CommandType='Text', CommandTimeout='30']&#xD;
      SELECT "p0"."Id", "p0"."CategoryId", "c"."Name", "p0"."Name", "p0"."Brand", "p0"."Price", "p0"."Rating", "p0"."Stock", "p0"."ImageUrl", "p0"."IsFeatured"&#xD;
      FROM (&#xD;
          SELECT "p"."Id", "p"."Brand", "p"."CategoryId", "p"."ImageUrl", "p"."IsFeatured", "p"."Name", "p"."Price", "p"."Rating", "p"."Stock"&#xD;
          FROM "Products" AS "p"&#xD;
          WHERE "p"."IsActive"&#xD;
          ORDER BY "p"."IsFeatured" DESC, "p"."Id"&#xD;
          LIMIT @p1 OFFSET @p&#xD;
      ) AS "p0"&#xD;
      INNER JOIN "Categories" AS "c" ON "p0"."CategoryId" = "c"."Id"&#xD;
      ORDER BY "p0"."IsFeatured" DESC, "p0"."Id"&#xD;
info: Microsoft.AspNetCore.Http.Result.OkObjectResult[1]&#xD;
      Setting HTTP status code 200.&#xD;
info: Microsoft.AspNetCore.Http.Result.OkObjectResult[3]&#xD;
      Writing value of type 'PagedResult`1' as Json.&#xD;
info: Microsoft.AspNetCore.Routing.EndpointMiddleware[1]&#xD;
      Executed endpoint 'HTTP: GET /api/catalog/products'&#xD;
info: Microsoft.AspNetCore.Hosting.Diagnostics[2]&#xD;
      Request finished HTTP/1.1 GET http://localhost/api/catalog/products - 200 - application/json;+charset=utf-8 3.0480ms&#xD;
info: Microsoft.Hosting.Lifetime[0]&#xD;
      Application is shutting down...&#xD;
[xUnit.net 00:00:07.68]       System.IO.IOException : The process cannot access the file 'D:\thinkschool\BeautyStoreCapstone\tests\BeautyStore.IntegrationTests\bin\Release\net10.0\bstest-0ad7afb5c1964afcbaca6dc0b52a0714.db' because it is being used by another process.&#xD;
[xUnit.net 00:00:07.68]       Stack Trace:&#xD;
[xUnit.net 00:00:07.68]            at System.IO.FileSystem.DeleteFile(String fullPath)&#xD;
[xUnit.net 00:00:07.68]         D:\thinkschool\BeautyStoreCapstone\tests\BeautyStore.IntegrationTests\BeautyStoreWebApplicationFactory.cs(151,0): at BeautyStore.IntegrationTests.BeautyStoreWebApplicationFactory.DisposeAsync()&#xD;
[xUnit.net 00:00:07.69]   Finished:    BeautyStore.IntegrationTests&#xD;
</StdOut>
    </Output>
    <RunInfos>
      <RunInfo computerName="PRATIKSHA" outcome="Error" timestamp="2026-06-26T18:01:41.1997858+05:30">
        <Text>[xUnit.net 00:00:05.04]     [Test Class Cleanup Failure (BeautyStore.IntegrationTests.AuthEndpointsTests)] System.IO.IOException</Text>
      </RunInfo>
      <RunInfo computerName="PRATIKSHA" outcome="Error" timestamp="2026-06-26T18:01:41.6420259+05:30">
        <Text>[xUnit.net 00:00:05.48]     BeautyStore.IntegrationTests.CatalogEndpointsTests.GetProductById_ExistingProduct_Returns200 [FAIL]</Text>
      </RunInfo>
      <RunInfo computerName="PRATIKSHA" outcome="Error" timestamp="2026-06-26T18:01:41.7025361+05:30">
        <Text>[xUnit.net 00:00:05.54]     [Test Class Cleanup Failure (BeautyStore.IntegrationTests.CatalogEndpointsTests)] System.IO.IOException</Text>
      </RunInfo>
      <RunInfo computerName="PRATIKSHA" outcome="Error" timestamp="2026-06-26T18:01:42.3746044+05:30">
        <Text>[xUnit.net 00:00:06.21]     BeautyStore.IntegrationTests.E2EFlowTests.FullPurchaseFlow_RegisterLoginOrderRetrieve [FAIL]</Text>
      </RunInfo>
      <RunInfo computerName="PRATIKSHA" outcome="Error" timestamp="2026-06-26T18:01:42.3828557+05:30">
        <Text>[xUnit.net 00:00:06.22]     [Test Class Cleanup Failure (BeautyStore.IntegrationTests.E2EFlowTests)] System.IO.IOException</Text>
      </RunInfo>
      <RunInfo computerName="PRATIKSHA" outcome="Error" timestamp="2026-06-26T18:01:43.5312914+05:30">
        <Text>[xUnit.net 00:00:07.37]     [Test Class Cleanup Failure (BeautyStore.IntegrationTests.OrderEndpointsTests)] System.IO.IOException</Text>
      </RunInfo>
      <RunInfo computerName="PRATIKSHA" outcome="Error" timestamp="2026-06-26T18:01:43.7239618+05:30">
        <Text>[xUnit.net 00:00:07.56]     BeautyStore.IntegrationTests.ProblemDetailsTests.Unauthenticated_OrderRoute_Returns401ProblemDetails [FAIL]</Text>
      </RunInfo>
      <RunInfo computerName="PRATIKSHA" outcome="Error" timestamp="2026-06-26T18:01:43.7285739+05:30">
        <Text>[xUnit.net 00:00:07.57]     BeautyStore.IntegrationTests.ProblemDetailsTests.Unauthenticated_ProtectedRoute_Returns401ProblemDetails [FAIL]</Text>
      </RunInfo>
      <RunInfo computerName="PRATIKSHA" outcome="Error" timestamp="2026-06-26T18:01:43.8418513+05:30">
        <Text>[xUnit.net 00:00:07.68]     [Test Class Cleanup Failure (BeautyStore.IntegrationTests.ProblemDetailsTests)] System.IO.IOException</Text>
      </RunInfo>
    </RunInfos>
  </ResultSummary>
</TestRun>